#
# A fatal error has been detected by the Java Runtime Environment:
#
#  EXCEPTION_ACCESS_VIOLATION (0xc0000005) at pc=0x0000000180005b00, pid=6584, tid=10768
#
# JRE version: Java(TM) SE Runtime Environment (15.0.1+9) (build 15.0.1+9-18)
# Java VM: Java HotSpot(TM) 64-Bit Server VM (15.0.1+9-18, mixed mode, sharing, tiered, compressed oops, g1 gc, windows-amd64)
# Problematic frame:
# C  [rxtxSerial.dll+0x5b00]
#
# No core dump will be written. Minidumps are not enabled by default on client versions of Windows
#
# If you would like to submit a bug report, please visit:
#   https://bugreport.java.com/bugreport/crash.jsp
# The crash happened outside the Java Virtual Machine in native code.
# See problematic frame for where to report the bug.
#

---------------  S U M M A R Y ------------

Command Line: -Dfile.encoding=Cp1252 -XX:+ShowCodeDetailsInExceptionMessages gui.MainWindow

Host: Intel(R) Core(TM) i7-9750H CPU @ 2.60GHz, 12 cores, 15G,  Windows 10 , 64 bit Build 18362 (10.0.18362.1082)
Time: Thu Nov 26 22:13:30 2020 SE Asia Standard Time elapsed time: 2.371192 seconds (0d 0h 0m 2s)

---------------  T H R E A D  ---------------

Current thread (0x00000191519a92c0):  JavaThread "Thread-1" [_thread_in_native, id=10768, stack(0x0000005449d00000,0x0000005449e00000)]

Stack: [0x0000005449d00000,0x0000005449e00000],  sp=0x0000005449dfddb0,  free space=1015k
Native frames: (J=compiled Java code, j=interpreted, Vv=VM code, C=native code)
C  [rxtxSerial.dll+0x5b00]

Java frames: (J=compiled Java code, j=interpreted, Vv=VM code)
j  gnu.io.RXTXPort.readArray([BII)I+0
j  gnu.io.RXTXPort$SerialInputStream.read([BII)I+212
j  sun.nio.cs.StreamDecoder.readBytes()I+135 java.base@15.0.1
j  sun.nio.cs.StreamDecoder.implRead([CII)I+112 java.base@15.0.1
j  sun.nio.cs.StreamDecoder.read([CII)I+180 java.base@15.0.1
j  java.io.InputStreamReader.read([CII)I+7 java.base@15.0.1
j  java.io.BufferedReader.fill()V+145 java.base@15.0.1
j  java.io.BufferedReader.readLine(Z)Ljava/lang/String;+44 java.base@15.0.1
j  java.io.BufferedReader.readLine()Ljava/lang/String;+2 java.base@15.0.1
j  gui.ComPort.serialEvent(Lgnu/io/SerialPortEvent;)V+12
j  gnu.io.RXTXPort.sendEvent(IZ)Z+382
v  ~StubRoutines::call_stub
j  gnu.io.RXTXPort.eventLoop()V+0
j  gnu.io.RXTXPort$MonitorThread.run()V+12
v  ~StubRoutines::call_stub

siginfo: EXCEPTION_ACCESS_VIOLATION (0xc0000005), reading address 0x0000000049dfebe8


Register to memory mapping:

RIP=0x0000000180005b00 rxtxSerial.dll
RAX=0x0000000000000001 is an unknown value
RBX=0x0 is NULL
RCX=0x000000018001d4d5 rxtxSerial.dll
RDX=0xfffffffffffff665 is an unknown value
RSP=0x0000005449dfddb0 is pointing into the stack for thread: 0x00000191519a92c0
RBP=0x00000000ffffffff is an unknown value
RSI=0x0 is NULL
RDI=0x00000191519a95e8 points into unknown readable memory: 0x00007ffc65d6de40 | 40 de d6 65 fc 7f 00 00
R8 =0x0000000000000002 is an unknown value
R9 =0xfffffffffffff63c is an unknown value
R10=0x00007ffc65e0c720 jvm.dll
R11=0x8101010101010100 is an unknown value
R12=0x0000000049dfebe0 is an unknown value
R13=0x0000000000000001 is an unknown value
R14=0x0000005449dfdfa0 is pointing into the stack for thread: 0x00000191519a92c0
R15=0x0 is NULL


Registers:
RAX=0x0000000000000001, RBX=0x0000000000000000, RCX=0x000000018001d4d5, RDX=0xfffffffffffff665
RSP=0x0000005449dfddb0, RBP=0x00000000ffffffff, RSI=0x0000000000000000, RDI=0x00000191519a95e8
R8 =0x0000000000000002, R9 =0xfffffffffffff63c, R10=0x00007ffc65e0c720, R11=0x8101010101010100
R12=0x0000000049dfebe0, R13=0x0000000000000001, R14=0x0000005449dfdfa0, R15=0x0000000000000000
RIP=0x0000000180005b00, EFLAGS=0x0000000000010202

Top of Stack: (sp=0x0000005449dfddb0)
0x0000005449dfddb0:   0000000000000000 0000000000000000
0x0000005449dfddc0:   0000000000000000 00000191519a92c0
0x0000005449dfddd0:   0000000000000000 0000005449dfdfa0
0x0000005449dfdde0:   0000019152393a60 0000000000000001
0x0000005449dfddf0:   00000191519a95e8 0000000000000001
0x0000005449dfde00:   ffffffffffffffff 0000000180006211
0x0000005449dfde10:   0000019151bde330 00000191519a95e8
0x0000005449dfde20:   0000000000000001 0000019151bde330
0x0000005449dfde30:   0000019100000001 00007ffcffffffff
0x0000005449dfde40:   0000005449dfdfa8 0000019134f69bc0
0x0000005449dfde50:   0000019152393a60 0000019152393a60
0x0000005449dfde60:   0000005449dfdf70 00007ffc656bc8a7
0x0000005449dfde70:   00000000000155b4 00000191519a92c0
0x0000005449dfde80:   00000191519a92c0 0000c452ca7faa81
0x0000005449dfde90:   0000019152393a68 0000019152393a60
0x0000005449dfdea0:   00000191519a92c0 0000005449dfdfa8 

Instructions: (pc=0x0000000180005b00)
0x0000000180005a00:   5d c3 cc cc cc cc cc cc cc cc cc cc cc cc cc cc
0x0000000180005a10:   48 89 5c 24 08 4c 89 4c 24 20 44 89 44 24 18 55
0x0000000180005a20:   56 57 41 54 41 55 41 56 41 57 48 83 ec 20 48 8b
0x0000000180005a30:   2a 48 8b 01 33 db 48 8b d5 48 8b f9 44 8b fb 8b
0x0000000180005a40:   f3 ff 90 f8 00 00 00 4c 8d 0d 9e 70 01 00 4c 8b
0x0000000180005a50:   e0 48 8b 07 4c 8d 05 b5 70 01 00 49 8b d4 48 8b
0x0000000180005a60:   cf ff 90 f0 02 00 00 48 8b cf 4c 8b c0 48 85 c0
0x0000000180005a70:   48 8b 07 75 28 ff 90 80 00 00 00 4c 8b 1f 48 8b
0x0000000180005a80:   cf 41 ff 93 88 00 00 00 4c 8b 1f 49 8b d4 48 8b
0x0000000180005a90:   cf 41 ff 93 b8 00 00 00 4c 8b e3 eb 54 48 8b d5
0x0000000180005aa0:   ff 90 20 03 00 00 49 8b d4 48 8b cf 48 63 e8 48
0x0000000180005ab0:   8b 07 ff 90 b8 00 00 00 48 8d 15 51 70 01 00 48
0x0000000180005ac0:   8d 0d 0e 7a 01 00 41 b8 02 00 00 00 e8 6f 62 00
0x0000000180005ad0:   00 85 c0 75 19 85 ed 75 15 e8 c2 5e 00 00 48 8d
0x0000000180005ae0:   15 23 7a 01 00 48 8d 48 60 e8 3a 5d 00 00 4c 8b
0x0000000180005af0:   e5 8b ac 24 88 00 00 00 44 8b ac 24 80 00 00 00
0x0000000180005b00:   45 8b 74 24 08 41 89 5c 24 08 41 8b fd 85 ed 78
0x0000000180005b10:   09 ff 15 e9 14 01 00 44 8b f8 45 85 ed 7e 4a 90
0x0000000180005b20:   8b c6 ff c6 83 f8 14 7d 40 85 ed 78 0d ff 15 cd
0x0000000180005b30:   14 01 00 41 2b c7 3b c5 7d 2f 8b 4c 24 70 48 63
0x0000000180005b40:   d3 44 8b c7 48 03 54 24 78 e8 a2 31 00 00 85 c0
0x0000000180005b50:   78 33 74 06 03 d8 2b f8 eb 0a b9 e8 03 00 00 e8
0x0000000180005b60:   1c 1c 00 00 41 3b dd 7c b7 8b c3 45 89 74 24 08
0x0000000180005b70:   48 8b 5c 24 60 48 83 c4 20 41 5f 41 5e 41 5d 41
0x0000000180005b80:   5c 5f 5e 5d c3 e8 1e 61 00 00 83 38 04 74 05 e8
0x0000000180005b90:   14 61 00 00 83 c8 ff eb d2 cc cc cc cc cc cc cc
0x0000000180005ba0:   40 53 55 56 57 41 54 41 55 48 81 ec b8 00 00 00
0x0000000180005bb0:   48 8b 05 71 85 01 00 48 33 c4 48 89 84 24 a0 00
0x0000000180005bc0:   00 00 48 8b 01 45 8b e9 41 8b f8 48 8b f2 48 8b
0x0000000180005bd0:   d9 ff 90 f8 00 00 00 4c 8b 13 4c 8d 0d 33 6f 01
0x0000000180005be0:   00 4c 8d 05 7c 6f 01 00 48 8b d0 48 8b cb 4c 8b
0x0000000180005bf0:   e0 41 ff 92 f0 02 00 00 33 ed 48 8b cb 4c 8b c0 


Stack slot to memory mapping:
stack at sp + 0 slots: 0x0 is NULL
stack at sp + 1 slots: 0x0 is NULL
stack at sp + 2 slots: 0x0 is NULL
stack at sp + 3 slots: 0x00000191519a92c0 is a thread
stack at sp + 4 slots: 0x0 is NULL
stack at sp + 5 slots: 0x0000005449dfdfa0 is pointing into the stack for thread: 0x00000191519a92c0
stack at sp + 6 slots: 0x0000019152393a60 is pointing into metadata
stack at sp + 7 slots: 0x0000000000000001 is an unknown value


---------------  P R O C E S S  ---------------

Threads class SMR info:
_java_thread_list=0x0000019151c27fe0, length=17, elements={
0x0000019151009330, 0x00000191507fded0, 0x0000019151021af0, 0x00000191510245b0,
0x0000019151025060, 0x0000019151026f00, 0x000001915102bee0, 0x000001915102d170,
0x0000019151160f30, 0x0000019151165ed0, 0x00000191516ec320, 0x00000191516e3a10,
0x00000191516e4510, 0x0000019151186140, 0x000001912cd33da0, 0x00000191518578a0,
0x00000191519a92c0
}

Java Threads: ( => current thread )
  0x0000019151009330 JavaThread "Reference Handler" daemon [_thread_blocked, id=7612, stack(0x0000005448a00000,0x0000005448b00000)]
  0x00000191507fded0 JavaThread "Finalizer" daemon [_thread_blocked, id=7600, stack(0x0000005448b00000,0x0000005448c00000)]
  0x0000019151021af0 JavaThread "Signal Dispatcher" daemon [_thread_blocked, id=18900, stack(0x0000005448c00000,0x0000005448d00000)]
  0x00000191510245b0 JavaThread "Attach Listener" daemon [_thread_blocked, id=18860, stack(0x0000005448d00000,0x0000005448e00000)]
  0x0000019151025060 JavaThread "Service Thread" daemon [_thread_blocked, id=18252, stack(0x0000005448e00000,0x0000005448f00000)]
  0x0000019151026f00 JavaThread "C2 CompilerThread0" daemon [_thread_blocked, id=18272, stack(0x0000005448f00000,0x0000005449000000)]
  0x000001915102bee0 JavaThread "C1 CompilerThread0" daemon [_thread_blocked, id=18248, stack(0x0000005449000000,0x0000005449100000)]
  0x000001915102d170 JavaThread "Sweeper thread" daemon [_thread_blocked, id=18904, stack(0x0000005449100000,0x0000005449200000)]
  0x0000019151160f30 JavaThread "Notification Thread" daemon [_thread_blocked, id=18540, stack(0x0000005449200000,0x0000005449300000)]
  0x0000019151165ed0 JavaThread "Common-Cleaner" daemon [_thread_blocked, id=8992, stack(0x0000005449400000,0x0000005449500000)]
  0x00000191516ec320 JavaThread "Java2D Disposer" daemon [_thread_blocked, id=10328, stack(0x0000005449700000,0x0000005449800000)]
  0x00000191516e3a10 JavaThread "AWT-Shutdown" [_thread_blocked, id=16848, stack(0x0000005449800000,0x0000005449900000)]
  0x00000191516e4510 JavaThread "AWT-Windows" daemon [_thread_in_native, id=10304, stack(0x0000005449900000,0x0000005449a00000)]
  0x0000019151186140 JavaThread "AWT-EventQueue-0" [_thread_blocked, id=17756, stack(0x0000005449500000,0x0000005449600000)]
  0x000001912cd33da0 JavaThread "DestroyJavaVM" [_thread_blocked, id=6792, stack(0x0000005448300000,0x0000005448400000)]
  0x00000191518578a0 JavaThread "Timer-0" [_thread_blocked, id=9408, stack(0x0000005449c00000,0x0000005449d00000)]
=>0x00000191519a92c0 JavaThread "Thread-1" [_thread_in_native, id=10768, stack(0x0000005449d00000,0x0000005449e00000)]

Other Threads:
  0x00000191507f91f0 VMThread "VM Thread" [stack: 0x0000005448900000,0x0000005448a00000] [id=7440]
  0x0000019151165bc0 WatcherThread [stack: 0x0000005449300000,0x0000005449400000] [id=18840]
  0x000001912cd85590 GCTaskThread "GC Thread#0" [stack: 0x0000005448400000,0x0000005448500000] [id=6936]
  0x000001912cd964a0 ConcurrentGCThread "G1 Main Marker" [stack: 0x0000005448500000,0x0000005448600000] [id=6940]
  0x000001912cd97090 ConcurrentGCThread "G1 Conc#0" [stack: 0x0000005448600000,0x0000005448700000] [id=6932]
  0x000001912cdf6550 ConcurrentGCThread "G1 Refine#0" [stack: 0x0000005448700000,0x0000005448800000] [id=7060]
  0x00000191506833a0 ConcurrentGCThread "G1 Young RemSet Sampling" [stack: 0x0000005448800000,0x0000005448900000] [id=7192]

Threads with active compile tasks:

VM state: not at safepoint (normal execution)

VM Mutex/Monitor currently owned by a thread: None

Heap address: 0x0000000702400000, size: 4060 MB, Compressed Oops mode: Zero based, Oop shift amount: 3
CDS archive(s) mapped at: [0x0000000800000000-0x0000000800b50000-0x0000000800b50000), size 11862016, SharedBaseAddress: 0x0000000800000000, ArchiveRelocationMode: 0.
Compressed class space mapped at: 0x0000000800b50000-0x0000000840b50000, size: 1073741824
Narrow klass base: 0x0000000800000000, Narrow klass shift: 3, Narrow klass range: 0x100000000

GC Precious Log:
 CPUs: 12 total, 12 available
 Memory: 16233M
 Large Page Support: Disabled
 NUMA Support: Disabled
 Compressed Oops: Enabled (Zero based)
 Heap Region Size: 2M
 Heap Min Capacity: 8M
 Heap Initial Capacity: 254M
 Heap Max Capacity: 4060M
 Pre-touch: Disabled
 Parallel Workers: 10
 Concurrent Workers: 3
 Concurrent Refinement Workers: 10
 Periodic GC: Disabled

Heap:
 garbage-first heap   total 260096K, used 18432K [0x0000000702400000, 0x0000000800000000)
  region size 2048K, 8 young (16384K), 0 survivors (0K)
 Metaspace       used 11783K, capacity 11971K, committed 12288K, reserved 1060864K
  class space    used 1366K, capacity 1424K, committed 1536K, reserved 1048576K

Heap Regions: E=young(eden), S=young(survivor), O=old, HS=humongous(starts), HC=humongous(continues), CS=collection set, F=free, OA=open archive, CA=closed archive, TAMS=top-at-mark-start (previous, next)
|   0|0x0000000702400000, 0x0000000702600000, 0x0000000702600000|100%|HS|  |TAMS 0x0000000702400000, 0x0000000702400000| Complete 
|   1|0x0000000702600000, 0x0000000702800000, 0x0000000702800000|100%|HC|  |TAMS 0x0000000702600000, 0x0000000702600000| Complete 
|   2|0x0000000702800000, 0x0000000702800000, 0x0000000702a00000|  0%| F|  |TAMS 0x0000000702800000, 0x0000000702800000| Untracked 
|   3|0x0000000702a00000, 0x0000000702a00000, 0x0000000702c00000|  0%| F|  |TAMS 0x0000000702a00000, 0x0000000702a00000| Untracked 
|   4|0x0000000702c00000, 0x0000000702c00000, 0x0000000702e00000|  0%| F|  |TAMS 0x0000000702c00000, 0x0000000702c00000| Untracked 
|   5|0x0000000702e00000, 0x0000000702e00000, 0x0000000703000000|  0%| F|  |TAMS 0x0000000702e00000, 0x0000000702e00000| Untracked 
|   6|0x0000000703000000, 0x0000000703000000, 0x0000000703200000|  0%| F|  |TAMS 0x0000000703000000, 0x0000000703000000| Untracked 
|   7|0x0000000703200000, 0x0000000703200000, 0x0000000703400000|  0%| F|  |TAMS 0x0000000703200000, 0x0000000703200000| Untracked 
|   8|0x0000000703400000, 0x0000000703400000, 0x0000000703600000|  0%| F|  |TAMS 0x0000000703400000, 0x0000000703400000| Untracked 
|   9|0x0000000703600000, 0x0000000703600000, 0x0000000703800000|  0%| F|  |TAMS 0x0000000703600000, 0x0000000703600000| Untracked 
|  10|0x0000000703800000, 0x0000000703800000, 0x0000000703a00000|  0%| F|  |TAMS 0x0000000703800000, 0x0000000703800000| Untracked 
|  11|0x0000000703a00000, 0x0000000703a00000, 0x0000000703c00000|  0%| F|  |TAMS 0x0000000703a00000, 0x0000000703a00000| Untracked 
|  12|0x0000000703c00000, 0x0000000703c00000, 0x0000000703e00000|  0%| F|  |TAMS 0x0000000703c00000, 0x0000000703c00000| Untracked 
|  13|0x0000000703e00000, 0x0000000703e00000, 0x0000000704000000|  0%| F|  |TAMS 0x0000000703e00000, 0x0000000703e00000| Untracked 
|  14|0x0000000704000000, 0x0000000704000000, 0x0000000704200000|  0%| F|  |TAMS 0x0000000704000000, 0x0000000704000000| Untracked 
|  15|0x0000000704200000, 0x0000000704200000, 0x0000000704400000|  0%| F|  |TAMS 0x0000000704200000, 0x0000000704200000| Untracked 
|  16|0x0000000704400000, 0x0000000704400000, 0x0000000704600000|  0%| F|  |TAMS 0x0000000704400000, 0x0000000704400000| Untracked 
|  17|0x0000000704600000, 0x0000000704600000, 0x0000000704800000|  0%| F|  |TAMS 0x0000000704600000, 0x0000000704600000| Untracked 
|  18|0x0000000704800000, 0x0000000704800000, 0x0000000704a00000|  0%| F|  |TAMS 0x0000000704800000, 0x0000000704800000| Untracked 
|  19|0x0000000704a00000, 0x0000000704a00000, 0x0000000704c00000|  0%| F|  |TAMS 0x0000000704a00000, 0x0000000704a00000| Untracked 
|  20|0x0000000704c00000, 0x0000000704c00000, 0x0000000704e00000|  0%| F|  |TAMS 0x0000000704c00000, 0x0000000704c00000| Untracked 
|  21|0x0000000704e00000, 0x0000000704e00000, 0x0000000705000000|  0%| F|  |TAMS 0x0000000704e00000, 0x0000000704e00000| Untracked 
|  22|0x0000000705000000, 0x0000000705000000, 0x0000000705200000|  0%| F|  |TAMS 0x0000000705000000, 0x0000000705000000| Untracked 
|  23|0x0000000705200000, 0x0000000705200000, 0x0000000705400000|  0%| F|  |TAMS 0x0000000705200000, 0x0000000705200000| Untracked 
|  24|0x0000000705400000, 0x0000000705400000, 0x0000000705600000|  0%| F|  |TAMS 0x0000000705400000, 0x0000000705400000| Untracked 
|  25|0x0000000705600000, 0x0000000705600000, 0x0000000705800000|  0%| F|  |TAMS 0x0000000705600000, 0x0000000705600000| Untracked 
|  26|0x0000000705800000, 0x0000000705800000, 0x0000000705a00000|  0%| F|  |TAMS 0x0000000705800000, 0x0000000705800000| Untracked 
|  27|0x0000000705a00000, 0x0000000705a00000, 0x0000000705c00000|  0%| F|  |TAMS 0x0000000705a00000, 0x0000000705a00000| Untracked 
|  28|0x0000000705c00000, 0x0000000705c00000, 0x0000000705e00000|  0%| F|  |TAMS 0x0000000705c00000, 0x0000000705c00000| Untracked 
|  29|0x0000000705e00000, 0x0000000705e00000, 0x0000000706000000|  0%| F|  |TAMS 0x0000000705e00000, 0x0000000705e00000| Untracked 
|  30|0x0000000706000000, 0x0000000706000000, 0x0000000706200000|  0%| F|  |TAMS 0x0000000706000000, 0x0000000706000000| Untracked 
|  31|0x0000000706200000, 0x0000000706200000, 0x0000000706400000|  0%| F|  |TAMS 0x0000000706200000, 0x0000000706200000| Untracked 
|  32|0x0000000706400000, 0x0000000706400000, 0x0000000706600000|  0%| F|  |TAMS 0x0000000706400000, 0x0000000706400000| Untracked 
|  33|0x0000000706600000, 0x0000000706600000, 0x0000000706800000|  0%| F|  |TAMS 0x0000000706600000, 0x0000000706600000| Untracked 
|  34|0x0000000706800000, 0x0000000706800000, 0x0000000706a00000|  0%| F|  |TAMS 0x0000000706800000, 0x0000000706800000| Untracked 
|  35|0x0000000706a00000, 0x0000000706a00000, 0x0000000706c00000|  0%| F|  |TAMS 0x0000000706a00000, 0x0000000706a00000| Untracked 
|  36|0x0000000706c00000, 0x0000000706c00000, 0x0000000706e00000|  0%| F|  |TAMS 0x0000000706c00000, 0x0000000706c00000| Untracked 
|  37|0x0000000706e00000, 0x0000000706e00000, 0x0000000707000000|  0%| F|  |TAMS 0x0000000706e00000, 0x0000000706e00000| Untracked 
|  38|0x0000000707000000, 0x0000000707000000, 0x0000000707200000|  0%| F|  |TAMS 0x0000000707000000, 0x0000000707000000| Untracked 
|  39|0x0000000707200000, 0x0000000707200000, 0x0000000707400000|  0%| F|  |TAMS 0x0000000707200000, 0x0000000707200000| Untracked 
|  40|0x0000000707400000, 0x0000000707400000, 0x0000000707600000|  0%| F|  |TAMS 0x0000000707400000, 0x0000000707400000| Untracked 
|  41|0x0000000707600000, 0x0000000707600000, 0x0000000707800000|  0%| F|  |TAMS 0x0000000707600000, 0x0000000707600000| Untracked 
|  42|0x0000000707800000, 0x0000000707800000, 0x0000000707a00000|  0%| F|  |TAMS 0x0000000707800000, 0x0000000707800000| Untracked 
|  43|0x0000000707a00000, 0x0000000707a00000, 0x0000000707c00000|  0%| F|  |TAMS 0x0000000707a00000, 0x0000000707a00000| Untracked 
|  44|0x0000000707c00000, 0x0000000707c00000, 0x0000000707e00000|  0%| F|  |TAMS 0x0000000707c00000, 0x0000000707c00000| Untracked 
|  45|0x0000000707e00000, 0x0000000707e00000, 0x0000000708000000|  0%| F|  |TAMS 0x0000000707e00000, 0x0000000707e00000| Untracked 
|  46|0x0000000708000000, 0x0000000708000000, 0x0000000708200000|  0%| F|  |TAMS 0x0000000708000000, 0x0000000708000000| Untracked 
|  47|0x0000000708200000, 0x0000000708200000, 0x0000000708400000|  0%| F|  |TAMS 0x0000000708200000, 0x0000000708200000| Untracked 
|  48|0x0000000708400000, 0x0000000708400000, 0x0000000708600000|  0%| F|  |TAMS 0x0000000708400000, 0x0000000708400000| Untracked 
|  49|0x0000000708600000, 0x0000000708600000, 0x0000000708800000|  0%| F|  |TAMS 0x0000000708600000, 0x0000000708600000| Untracked 
|  50|0x0000000708800000, 0x0000000708800000, 0x0000000708a00000|  0%| F|  |TAMS 0x0000000708800000, 0x0000000708800000| Untracked 
|  51|0x0000000708a00000, 0x0000000708a00000, 0x0000000708c00000|  0%| F|  |TAMS 0x0000000708a00000, 0x0000000708a00000| Untracked 
|  52|0x0000000708c00000, 0x0000000708c00000, 0x0000000708e00000|  0%| F|  |TAMS 0x0000000708c00000, 0x0000000708c00000| Untracked 
|  53|0x0000000708e00000, 0x0000000708e00000, 0x0000000709000000|  0%| F|  |TAMS 0x0000000708e00000, 0x0000000708e00000| Untracked 
|  54|0x0000000709000000, 0x0000000709000000, 0x0000000709200000|  0%| F|  |TAMS 0x0000000709000000, 0x0000000709000000| Untracked 
|  55|0x0000000709200000, 0x0000000709200000, 0x0000000709400000|  0%| F|  |TAMS 0x0000000709200000, 0x0000000709200000| Untracked 
|  56|0x0000000709400000, 0x0000000709400000, 0x0000000709600000|  0%| F|  |TAMS 0x0000000709400000, 0x0000000709400000| Untracked 
|  57|0x0000000709600000, 0x0000000709600000, 0x0000000709800000|  0%| F|  |TAMS 0x0000000709600000, 0x0000000709600000| Untracked 
|  58|0x0000000709800000, 0x0000000709800000, 0x0000000709a00000|  0%| F|  |TAMS 0x0000000709800000, 0x0000000709800000| Untracked 
|  59|0x0000000709a00000, 0x0000000709a00000, 0x0000000709c00000|  0%| F|  |TAMS 0x0000000709a00000, 0x0000000709a00000| Untracked 
|  60|0x0000000709c00000, 0x0000000709c00000, 0x0000000709e00000|  0%| F|  |TAMS 0x0000000709c00000, 0x0000000709c00000| Untracked 
|  61|0x0000000709e00000, 0x0000000709e00000, 0x000000070a000000|  0%| F|  |TAMS 0x0000000709e00000, 0x0000000709e00000| Untracked 
|  62|0x000000070a000000, 0x000000070a000000, 0x000000070a200000|  0%| F|  |TAMS 0x000000070a000000, 0x000000070a000000| Untracked 
|  63|0x000000070a200000, 0x000000070a200000, 0x000000070a400000|  0%| F|  |TAMS 0x000000070a200000, 0x000000070a200000| Untracked 
|  64|0x000000070a400000, 0x000000070a400000, 0x000000070a600000|  0%| F|  |TAMS 0x000000070a400000, 0x000000070a400000| Untracked 
|  65|0x000000070a600000, 0x000000070a600000, 0x000000070a800000|  0%| F|  |TAMS 0x000000070a600000, 0x000000070a600000| Untracked 
|  66|0x000000070a800000, 0x000000070a800000, 0x000000070aa00000|  0%| F|  |TAMS 0x000000070a800000, 0x000000070a800000| Untracked 
|  67|0x000000070aa00000, 0x000000070aa00000, 0x000000070ac00000|  0%| F|  |TAMS 0x000000070aa00000, 0x000000070aa00000| Untracked 
|  68|0x000000070ac00000, 0x000000070ac00000, 0x000000070ae00000|  0%| F|  |TAMS 0x000000070ac00000, 0x000000070ac00000| Untracked 
|  69|0x000000070ae00000, 0x000000070ae00000, 0x000000070b000000|  0%| F|  |TAMS 0x000000070ae00000, 0x000000070ae00000| Untracked 
|  70|0x000000070b000000, 0x000000070b000000, 0x000000070b200000|  0%| F|  |TAMS 0x000000070b000000, 0x000000070b000000| Untracked 
|  71|0x000000070b200000, 0x000000070b200000, 0x000000070b400000|  0%| F|  |TAMS 0x000000070b200000, 0x000000070b200000| Untracked 
|  72|0x000000070b400000, 0x000000070b400000, 0x000000070b600000|  0%| F|  |TAMS 0x000000070b400000, 0x000000070b400000| Untracked 
|  73|0x000000070b600000, 0x000000070b600000, 0x000000070b800000|  0%| F|  |TAMS 0x000000070b600000, 0x000000070b600000| Untracked 
|  74|0x000000070b800000, 0x000000070b800000, 0x000000070ba00000|  0%| F|  |TAMS 0x000000070b800000, 0x000000070b800000| Untracked 
|  75|0x000000070ba00000, 0x000000070ba00000, 0x000000070bc00000|  0%| F|  |TAMS 0x000000070ba00000, 0x000000070ba00000| Untracked 
|  76|0x000000070bc00000, 0x000000070bc00000, 0x000000070be00000|  0%| F|  |TAMS 0x000000070bc00000, 0x000000070bc00000| Untracked 
|  77|0x000000070be00000, 0x000000070be00000, 0x000000070c000000|  0%| F|  |TAMS 0x000000070be00000, 0x000000070be00000| Untracked 
|  78|0x000000070c000000, 0x000000070c000000, 0x000000070c200000|  0%| F|  |TAMS 0x000000070c000000, 0x000000070c000000| Untracked 
|  79|0x000000070c200000, 0x000000070c200000, 0x000000070c400000|  0%| F|  |TAMS 0x000000070c200000, 0x000000070c200000| Untracked 
|  80|0x000000070c400000, 0x000000070c400000, 0x000000070c600000|  0%| F|  |TAMS 0x000000070c400000, 0x000000070c400000| Untracked 
|  81|0x000000070c600000, 0x000000070c600000, 0x000000070c800000|  0%| F|  |TAMS 0x000000070c600000, 0x000000070c600000| Untracked 
|  82|0x000000070c800000, 0x000000070c800000, 0x000000070ca00000|  0%| F|  |TAMS 0x000000070c800000, 0x000000070c800000| Untracked 
|  83|0x000000070ca00000, 0x000000070ca00000, 0x000000070cc00000|  0%| F|  |TAMS 0x000000070ca00000, 0x000000070ca00000| Untracked 
|  84|0x000000070cc00000, 0x000000070cc00000, 0x000000070ce00000|  0%| F|  |TAMS 0x000000070cc00000, 0x000000070cc00000| Untracked 
|  85|0x000000070ce00000, 0x000000070ce00000, 0x000000070d000000|  0%| F|  |TAMS 0x000000070ce00000, 0x000000070ce00000| Untracked 
|  86|0x000000070d000000, 0x000000070d000000, 0x000000070d200000|  0%| F|  |TAMS 0x000000070d000000, 0x000000070d000000| Untracked 
|  87|0x000000070d200000, 0x000000070d200000, 0x000000070d400000|  0%| F|  |TAMS 0x000000070d200000, 0x000000070d200000| Untracked 
|  88|0x000000070d400000, 0x000000070d400000, 0x000000070d600000|  0%| F|  |TAMS 0x000000070d400000, 0x000000070d400000| Untracked 
|  89|0x000000070d600000, 0x000000070d600000, 0x000000070d800000|  0%| F|  |TAMS 0x000000070d600000, 0x000000070d600000| Untracked 
|  90|0x000000070d800000, 0x000000070d800000, 0x000000070da00000|  0%| F|  |TAMS 0x000000070d800000, 0x000000070d800000| Untracked 
|  91|0x000000070da00000, 0x000000070da00000, 0x000000070dc00000|  0%| F|  |TAMS 0x000000070da00000, 0x000000070da00000| Untracked 
|  92|0x000000070dc00000, 0x000000070dc00000, 0x000000070de00000|  0%| F|  |TAMS 0x000000070dc00000, 0x000000070dc00000| Untracked 
|  93|0x000000070de00000, 0x000000070de00000, 0x000000070e000000|  0%| F|  |TAMS 0x000000070de00000, 0x000000070de00000| Untracked 
|  94|0x000000070e000000, 0x000000070e000000, 0x000000070e200000|  0%| F|  |TAMS 0x000000070e000000, 0x000000070e000000| Untracked 
|  95|0x000000070e200000, 0x000000070e200000, 0x000000070e400000|  0%| F|  |TAMS 0x000000070e200000, 0x000000070e200000| Untracked 
|  96|0x000000070e400000, 0x000000070e400000, 0x000000070e600000|  0%| F|  |TAMS 0x000000070e400000, 0x000000070e400000| Untracked 
|  97|0x000000070e600000, 0x000000070e600000, 0x000000070e800000|  0%| F|  |TAMS 0x000000070e600000, 0x000000070e600000| Untracked 
|  98|0x000000070e800000, 0x000000070e800000, 0x000000070ea00000|  0%| F|  |TAMS 0x000000070e800000, 0x000000070e800000| Untracked 
|  99|0x000000070ea00000, 0x000000070ea00000, 0x000000070ec00000|  0%| F|  |TAMS 0x000000070ea00000, 0x000000070ea00000| Untracked 
| 100|0x000000070ec00000, 0x000000070ec00000, 0x000000070ee00000|  0%| F|  |TAMS 0x000000070ec00000, 0x000000070ec00000| Untracked 
| 101|0x000000070ee00000, 0x000000070ee00000, 0x000000070f000000|  0%| F|  |TAMS 0x000000070ee00000, 0x000000070ee00000| Untracked 
| 102|0x000000070f000000, 0x000000070f000000, 0x000000070f200000|  0%| F|  |TAMS 0x000000070f000000, 0x000000070f000000| Untracked 
| 103|0x000000070f200000, 0x000000070f200000, 0x000000070f400000|  0%| F|  |TAMS 0x000000070f200000, 0x000000070f200000| Untracked 
| 104|0x000000070f400000, 0x000000070f400000, 0x000000070f600000|  0%| F|  |TAMS 0x000000070f400000, 0x000000070f400000| Untracked 
| 105|0x000000070f600000, 0x000000070f600000, 0x000000070f800000|  0%| F|  |TAMS 0x000000070f600000, 0x000000070f600000| Untracked 
| 106|0x000000070f800000, 0x000000070f800000, 0x000000070fa00000|  0%| F|  |TAMS 0x000000070f800000, 0x000000070f800000| Untracked 
| 107|0x000000070fa00000, 0x000000070fa00000, 0x000000070fc00000|  0%| F|  |TAMS 0x000000070fa00000, 0x000000070fa00000| Untracked 
| 108|0x000000070fc00000, 0x000000070fc00000, 0x000000070fe00000|  0%| F|  |TAMS 0x000000070fc00000, 0x000000070fc00000| Untracked 
| 109|0x000000070fe00000, 0x000000070fe00000, 0x0000000710000000|  0%| F|  |TAMS 0x000000070fe00000, 0x000000070fe00000| Untracked 
| 110|0x0000000710000000, 0x0000000710000000, 0x0000000710200000|  0%| F|  |TAMS 0x0000000710000000, 0x0000000710000000| Untracked 
| 111|0x0000000710200000, 0x0000000710200000, 0x0000000710400000|  0%| F|  |TAMS 0x0000000710200000, 0x0000000710200000| Untracked 
| 112|0x0000000710400000, 0x0000000710400000, 0x0000000710600000|  0%| F|  |TAMS 0x0000000710400000, 0x0000000710400000| Untracked 
| 113|0x0000000710600000, 0x0000000710600000, 0x0000000710800000|  0%| F|  |TAMS 0x0000000710600000, 0x0000000710600000| Untracked 
| 114|0x0000000710800000, 0x0000000710800000, 0x0000000710a00000|  0%| F|  |TAMS 0x0000000710800000, 0x0000000710800000| Untracked 
| 115|0x0000000710a00000, 0x0000000710a00000, 0x0000000710c00000|  0%| F|  |TAMS 0x0000000710a00000, 0x0000000710a00000| Untracked 
| 116|0x0000000710c00000, 0x0000000710c00000, 0x0000000710e00000|  0%| F|  |TAMS 0x0000000710c00000, 0x0000000710c00000| Untracked 
| 117|0x0000000710e00000, 0x0000000710e00000, 0x0000000711000000|  0%| F|  |TAMS 0x0000000710e00000, 0x0000000710e00000| Untracked 
| 118|0x0000000711000000, 0x0000000711000000, 0x0000000711200000|  0%| F|  |TAMS 0x0000000711000000, 0x0000000711000000| Untracked 
| 119|0x0000000711200000, 0x00000007113c8d88, 0x0000000711400000| 89%| E|  |TAMS 0x0000000711200000, 0x0000000711200000| Complete 
| 120|0x0000000711400000, 0x0000000711600000, 0x0000000711600000|100%| E|CS|TAMS 0x0000000711400000, 0x0000000711400000| Complete 
| 121|0x0000000711600000, 0x0000000711800000, 0x0000000711800000|100%| E|CS|TAMS 0x0000000711600000, 0x0000000711600000| Complete 
| 122|0x0000000711800000, 0x0000000711a00000, 0x0000000711a00000|100%| E|CS|TAMS 0x0000000711800000, 0x0000000711800000| Complete 
| 123|0x0000000711a00000, 0x0000000711c00000, 0x0000000711c00000|100%| E|CS|TAMS 0x0000000711a00000, 0x0000000711a00000| Complete 
| 124|0x0000000711c00000, 0x0000000711e00000, 0x0000000711e00000|100%| E|CS|TAMS 0x0000000711c00000, 0x0000000711c00000| Complete 
| 125|0x0000000711e00000, 0x0000000712000000, 0x0000000712000000|100%| E|CS|TAMS 0x0000000711e00000, 0x0000000711e00000| Complete 
| 126|0x0000000712000000, 0x0000000712200000, 0x0000000712200000|100%| E|CS|TAMS 0x0000000712000000, 0x0000000712000000| Complete 

Card table byte_map: [0x0000019144ca0000,0x0000019145490000] _byte_map_base: 0x000001914148e000

Marking Bits (Prev, Next): (CMBitMap*) 0x000001912cd85d80, (CMBitMap*) 0x000001912cd85dc0
 Prev Bits: [0x0000019145c80000, 0x0000019149bf0000)
 Next Bits: [0x0000019149bf0000, 0x000001914db60000)

Polling page: 0x000001912ab80000

Metaspace:

Usage:
  Non-class:     10.30 MB capacity,    10.17 MB ( 99%) used,   114.27 KB (  1%) free+waste,    15.69 KB ( <1%) overhead. 
      Class:      1.39 MB capacity,     1.33 MB ( 96%) used,    51.36 KB (  4%) free+waste,     6.50 KB ( <1%) overhead. 
       Both:     11.69 MB capacity,    11.51 MB ( 98%) used,   165.63 KB (  1%) free+waste,    22.19 KB ( <1%) overhead. 

Virtual space:
  Non-class space:       12.00 MB reserved,      10.50 MB ( 88%) committed 
      Class space:        1.00 GB reserved,       1.50 MB ( <1%) committed 
             Both:        1.01 GB reserved,      12.00 MB (  1%) committed 

Chunk freelists:
   Non-Class:  13.00 KB
       Class:  16.00 KB
        Both:  29.00 KB

MaxMetaspaceSize: 17179869184.00 GB
CompressedClassSpaceSize: 1.00 GB

CodeHeap 'non-profiled nmethods': size=120000Kb used=378Kb max_used=378Kb free=119621Kb
 bounds [0x000001913ca30000, 0x000001913cca0000, 0x0000019143f60000]
CodeHeap 'profiled nmethods': size=120000Kb used=2006Kb max_used=2006Kb free=117993Kb
 bounds [0x0000019135500000, 0x0000019135770000, 0x000001913ca30000]
CodeHeap 'non-nmethods': size=5760Kb used=1352Kb max_used=1368Kb free=4407Kb
 bounds [0x0000019134f60000, 0x00000191351d0000, 0x0000019135500000]
 total_blobs=1973 nmethods=1309 adapters=577
 compilation: enabled
              stopped_count=0, restarted_count=0
 full_count=0

Compilation events (20 events):
Event: 2.343 Thread 0x000001915102bee0 1294       3       java.util.WeakHashMap::eq (19 bytes)
Event: 2.343 Thread 0x000001915102bee0 nmethod 1294 0x00000191356f1310 code [0x00000191356f14c0, 0x00000191356f1708]
Event: 2.344 Thread 0x000001915102bee0 1295       1       java.net.URLStreamHandler::getDefaultPort (2 bytes)
Event: 2.344 Thread 0x000001915102bee0 nmethod 1295 0x000001913ca8d990 code [0x000001913ca8db20, 0x000001913ca8dbd8]
Event: 2.358 Thread 0x000001915102bee0 1296       3       java.lang.ClassLoader::loadClass (7 bytes)
Event: 2.358 Thread 0x000001915102bee0 nmethod 1296 0x00000191356f1810 code [0x00000191356f19c0, 0x00000191356f1b88]
Event: 2.358 Thread 0x000001915102bee0 1297       3       jdk.internal.loader.BuiltinClassLoader::loadClass (22 bytes)
Event: 2.358 Thread 0x000001915102bee0 nmethod 1297 0x00000191356f1c10 code [0x00000191356f1dc0, 0x00000191356f2098]
Event: 2.358 Thread 0x000001915102bee0 1298       3       java.security.AccessControlContext::<init> (63 bytes)
Event: 2.359 Thread 0x000001915102bee0 nmethod 1298 0x00000191356f2190 code [0x00000191356f2360, 0x00000191356f2848]
Event: 2.359 Thread 0x000001915102bee0 1299       3       java.awt.Color::getAlpha (12 bytes)
Event: 2.359 Thread 0x000001915102bee0 nmethod 1299 0x00000191356f2a10 code [0x00000191356f2ba0, 0x00000191356f2d58]
Event: 2.359 Thread 0x000001915102bee0 1300       3       java.awt.Component::isEnabled (5 bytes)
Event: 2.359 Thread 0x000001915102bee0 nmethod 1300 0x00000191356f2e10 code [0x00000191356f2fa0, 0x00000191356f30b8]
Event: 2.359 Thread 0x000001915102bee0 1301       1       sun.awt.image.SunVolatileImage::getWidth (5 bytes)
Event: 2.359 Thread 0x000001915102bee0 nmethod 1301 0x000001913ca8dc90 code [0x000001913ca8de20, 0x000001913ca8ded8]
Event: 2.359 Thread 0x000001915102bee0 1302       1       sun.awt.image.SunVolatileImage::getHeight (5 bytes)
Event: 2.359 Thread 0x000001915102bee0 nmethod 1302 0x000001913ca8df90 code [0x000001913ca8e120, 0x000001913ca8e1d8]
Event: 2.360 Thread 0x000001915102bee0 1303       3       java.awt.geom.AffineTransform::translate (547 bytes)
Event: 2.360 Thread 0x000001915102bee0 nmethod 1303 0x00000191356f3190 code [0x00000191356f3380, 0x00000191356f3f88]

GC Heap History (0 events):
No events

Deoptimization events (20 events):
Event: 0.691 Thread 0x0000019151186140 Uncommon trap: trap_request=0xffffffde fr.pc=0x000001913ca54940 relative=0x00000000000001a0
Event: 0.691 Thread 0x0000019151186140 Uncommon trap: reason=class_check action=maybe_recompile pc=0x000001913ca54940 method=java.lang.String.equals(Ljava/lang/Object;)Z @ 8 c2
Event: 0.691 Thread 0x0000019151186140 DEOPT PACKING pc=0x000001913ca54940 sp=0x00000054495fda50
Event: 0.691 Thread 0x0000019151186140 DEOPT UNPACKING pc=0x0000019134fae42f sp=0x00000054495fd9f8 mode 2
Event: 0.691 Thread 0x0000019151186140 Uncommon trap: trap_request=0xffffffde fr.pc=0x000001913ca54940 relative=0x00000000000001a0
Event: 0.691 Thread 0x0000019151186140 Uncommon trap: reason=class_check action=maybe_recompile pc=0x000001913ca54940 method=java.lang.String.equals(Ljava/lang/Object;)Z @ 8 c2
Event: 0.691 Thread 0x0000019151186140 DEOPT PACKING pc=0x000001913ca54940 sp=0x00000054495fdb20
Event: 0.691 Thread 0x0000019151186140 DEOPT UNPACKING pc=0x0000019134fae42f sp=0x00000054495fdac8 mode 2
Event: 0.691 Thread 0x0000019151186140 Uncommon trap: trap_request=0xffffffde fr.pc=0x000001913ca54940 relative=0x00000000000001a0
Event: 0.691 Thread 0x0000019151186140 Uncommon trap: reason=class_check action=maybe_recompile pc=0x000001913ca54940 method=java.lang.String.equals(Ljava/lang/Object;)Z @ 8 c2
Event: 0.691 Thread 0x0000019151186140 DEOPT PACKING pc=0x000001913ca54940 sp=0x00000054495fda40
Event: 0.691 Thread 0x0000019151186140 DEOPT UNPACKING pc=0x0000019134fae42f sp=0x00000054495fd9e8 mode 2
Event: 0.911 Thread 0x0000019151186140 Uncommon trap: trap_request=0xffffff45 fr.pc=0x000001913ca6ec28 relative=0x0000000000000388
Event: 0.911 Thread 0x0000019151186140 Uncommon trap: reason=unstable_if action=reinterpret pc=0x000001913ca6ec28 method=java.lang.StringLatin1.newString([BII)Ljava/lang/String; @ 1 c2
Event: 0.911 Thread 0x0000019151186140 DEOPT PACKING pc=0x000001913ca6ec28 sp=0x00000054495fca30
Event: 0.912 Thread 0x0000019151186140 DEOPT UNPACKING pc=0x0000019134fae42f sp=0x00000054495fc9f8 mode 2
Event: 0.919 Thread 0x0000019151186140 Uncommon trap: trap_request=0xffffff45 fr.pc=0x000001913ca7438c relative=0x000000000000046c
Event: 0.919 Thread 0x0000019151186140 Uncommon trap: reason=unstable_if action=reinterpret pc=0x000001913ca7438c method=java.lang.StringLatin1.newString([BII)Ljava/lang/String; @ 1 c2
Event: 0.919 Thread 0x0000019151186140 DEOPT PACKING pc=0x000001913ca7438c sp=0x00000054495fb1b0
Event: 0.919 Thread 0x0000019151186140 DEOPT UNPACKING pc=0x0000019134fae42f sp=0x00000054495fb110 mode 2

Classes unloaded (0 events):
No events

Classes redefined (0 events):
No events

Internal exceptions (20 events):
Event: 0.245 Thread 0x000001912cd33da0 Exception <a 'java/io/FileNotFoundException'{0x0000000711d93a40}> (0x0000000711d93a40) 
thrown [./open/src/hotspot/share/prims/jni.cpp, line 578]
Event: 0.256 Thread 0x000001912cd33da0 Exception <a 'java/io/FileNotFoundException'{0x0000000711dc22a0}> (0x0000000711dc22a0) 
thrown [./open/src/hotspot/share/prims/jni.cpp, line 578]
Event: 0.257 Thread 0x000001912cd33da0 Exception <a 'java/lang/NoSuchMethodError'{0x0000000711dc35a8}: 'java.lang.Object java.lang.invoke.DirectMethodHandle$Holder.invokeStatic(java.lang.Object)'> (0x0000000711dc35a8) 
thrown [./open/src/hotspot/share/interpreter/linkResolver.cpp, line 782]
Event: 0.263 Thread 0x000001912cd33da0 Exception <a 'java/lang/NoSuchMethodError'{0x0000000711dd1620}: 'void java.lang.invoke.DirectMethodHandle$Holder.invokeSpecial(java.lang.Object, java.lang.Object, java.lang.Object)'> (0x0000000711dd1620) 
thrown [./open/src/hotspot/share/interpreter/linkResolver.cpp, line 782]
Event: 0.298 Thread 0x000001912cd33da0 Exception <a 'java/lang/NoSuchMethodError'{0x0000000711a1c510}: 'java.lang.Object java.lang.invoke.DirectMethodHandle$Holder.invokeStaticInit(java.lang.Object)'> (0x0000000711a1c510) 
thrown [./open/src/hotspot/share/interpreter/linkResolver.cpp, line 782]
Event: 0.477 Thread 0x0000019151186140 Exception <a 'java/lang/NoSuchMethodError'{0x0000000711b52060}: 'java.lang.Object java.lang.invoke.DirectMethodHandle$Holder.newInvokeSpecial(java.lang.Object, java.lang.Object, java.lang.Object, java.lang.Object, java.lang.Object)'> (0x0000000711b52060) 
thrown [./open/src/hotspot/share/interpreter/linkResolver.cpp, line 782]
Event: 0.478 Thread 0x0000019151186140 Exception <a 'java/lang/NoSuchMethodError'{0x0000000711bce930}: 'java.lang.Object java.lang.invoke.DirectMethodHandle$Holder.invokeStatic(java.lang.Object, int, java.lang.Object, java.lang.Object, java.lang.Object, java.lang.Object)'> (0x0000000711bce930) 
thrown [./open/src/hotspot/share/interpreter/linkResolver.cpp, line 782]
Event: 0.482 Thread 0x0000019151186140 Exception <a 'java/lang/NoSuchMethodError'{0x0000000711bf4bd8}: 'java.lang.Object java.lang.invoke.DirectMethodHandle$Holder.invokeStatic(java.lang.Object, int, java.lang.Object)'> (0x0000000711bf4bd8) 
thrown [./open/src/hotspot/share/interpreter/linkResolver.cpp, line 782]
Event: 0.505 Thread 0x0000019151186140 Exception <a 'java/lang/ClassNotFoundException'{0x00000007118ad278}: com/sun/swing/internal/plaf/metal/resources/spi/metalProvider> (0x00000007118ad278) 
thrown [./open/src/hotspot/share/classfile/systemDictionary.cpp, line 295]
Event: 0.506 Thread 0x0000019151186140 Exception <a 'java/lang/ClassNotFoundException'{0x00000007118b1538}: com/sun/swing/internal/plaf/basic/resources/spi/basicProvider> (0x00000007118b1538) 
thrown [./open/src/hotspot/share/classfile/systemDictionary.cpp, line 295]
Event: 0.536 Thread 0x0000019151186140 Exception <a 'java/lang/NoSuchMethodError'{0x00000007118ecb48}: 'void java.lang.invoke.DirectMethodHandle$Holder.invokeStaticInit(java.lang.Object)'> (0x00000007118ecb48) 
thrown [./open/src/hotspot/share/interpreter/linkResolver.cpp, line 782]
Event: 0.820 Thread 0x00000191518578a0 Exception <a 'java/io/FileNotFoundException'{0x00000007117f5190}> (0x00000007117f5190) 
thrown [./open/src/hotspot/share/prims/jni.cpp, line 578]
Event: 0.827 Thread 0x00000191518578a0 Exception <a 'java/io/FileNotFoundException'{0x0000000711407240}> (0x0000000711407240) 
thrown [./open/src/hotspot/share/prims/jni.cpp, line 578]
Event: 0.828 Thread 0x00000191518578a0 Exception <a 'java/io/FileNotFoundException'{0x0000000711415508}> (0x0000000711415508) 
thrown [./open/src/hotspot/share/prims/jni.cpp, line 578]
Event: 0.834 Thread 0x00000191518578a0 Exception <a 'java/io/FileNotFoundException'{0x0000000711426cd8}> (0x0000000711426cd8) 
thrown [./open/src/hotspot/share/prims/jni.cpp, line 578]
Event: 0.897 Thread 0x0000019151186140 Exception <a 'java/lang/NoSuchMethodError'{0x00000007114da318}: 'double java.lang.invoke.DirectMethodHandle$Holder.invokeStatic(java.lang.Object, java.lang.Object)'> (0x00000007114da318) 
thrown [./open/src/hotspot/share/interpreter/linkResolver.cpp, line 782]
Event: 0.917 Thread 0x0000019151186140 Exception <a 'java/lang/NoSuchMethodError'{0x000000071157c008}: 'java.lang.Object java.lang.invoke.DirectMethodHandle$Holder.invokeInterface(java.lang.Object, java.lang.Object, int)'> (0x000000071157c008) 
thrown [./open/src/hotspot/share/interpreter/linkResolver.cpp, line 782]
Event: 0.923 Thread 0x0000019151186140 Exception <a 'java/lang/NoSuchMethodError'{0x00000007115a4a40}: 'java.lang.Object java.lang.invoke.DirectMethodHandle$Holder.newInvokeSpecial(java.lang.Object, java.lang.Object, double, double)'> (0x00000007115a4a40) 
thrown [./open/src/hotspot/share/interpreter/linkResolver.cpp, line 782]
Event: 1.811 Thread 0x00000191518578a0 Exception <a 'java/io/FileNotFoundException'{0x0000000711449580}> (0x0000000711449580) 
thrown [./open/src/hotspot/share/prims/jni.cpp, line 578]
Event: 1.817 Thread 0x00000191518578a0 Exception <a 'java/io/FileNotFoundException'{0x000000071145ac50}> (0x000000071145ac50) 
thrown [./open/src/hotspot/share/prims/jni.cpp, line 578]

Events (20 events):
Event: 1.001 loading class java/util/concurrent/ForkJoinPool$ManagedBlocker
Event: 1.001 loading class java/util/concurrent/ForkJoinPool$ManagedBlocker done
Event: 1.001 loading class java/util/concurrent/locks/AbstractQueuedSynchronizer$Node
Event: 1.001 loading class java/util/concurrent/locks/AbstractQueuedSynchronizer$Node done
Event: 1.001 loading class java/util/concurrent/locks/AbstractQueuedSynchronizer$ConditionNode done
Event: 1.276 loading class java/util/concurrent/locks/AbstractQueuedSynchronizer$ExclusiveNode
Event: 1.276 loading class java/util/concurrent/locks/AbstractQueuedSynchronizer$ExclusiveNode done
Event: 1.289 Thread 0x0000019151a0a060 Thread exited: 0x0000019151a0a060
Event: 1.817 Loaded shared library C:\Program Files\Java\jdk-15.0.1\bin\java.dll
Event: 1.988 Executing VM operation: HandshakeAllThreads
Event: 1.988 Executing VM operation: HandshakeAllThreads done
Event: 2.343 loading class java/util/TooManyListenersException
Event: 2.343 loading class java/util/TooManyListenersException done
Event: 2.345 loading class java/lang/IndexOutOfBoundsException
Event: 2.345 loading class java/lang/IndexOutOfBoundsException done
Event: 2.349 Thread 0x00000191519a92c0 Thread added: 0x00000191519a92c0
Event: 2.358 loading class java/io/BufferedReader
Event: 2.358 loading class java/io/BufferedReader done
Event: 2.358 loading class sun/nio/cs/StreamDecoder
Event: 2.358 loading class sun/nio/cs/StreamDecoder done


Dynamic libraries:
0x00007ff77bde0000 - 0x00007ff77bdef000 	C:\Program Files\Java\jdk-15.0.1\bin\javaw.exe
0x00007ffcdf4a0000 - 0x00007ffcdf690000 	C:\Windows\SYSTEM32\ntdll.dll
0x00007ffcdd9b0000 - 0x00007ffcdda62000 	C:\Windows\System32\KERNEL32.DLL
0x00007ffcdc660000 - 0x00007ffcdc905000 	C:\Windows\System32\KERNELBASE.dll
0x00007ffcdc560000 - 0x00007ffcdc65a000 	C:\Windows\System32\ucrtbase.dll
0x00007ffc6d470000 - 0x00007ffc6d488000 	C:\Program Files\Java\jdk-15.0.1\bin\jli.dll
0x00007ffcde720000 - 0x00007ffcde7c3000 	C:\Windows\System32\ADVAPI32.dll
0x00007ffcdf270000 - 0x00007ffcdf30e000 	C:\Windows\System32\msvcrt.dll
0x00007ffcdf310000 - 0x00007ffcdf3a7000 	C:\Windows\System32\sechost.dll
0x00007ffcde590000 - 0x00007ffcde6b0000 	C:\Windows\System32\RPCRT4.dll
0x00007ffcdd810000 - 0x00007ffcdd9a5000 	C:\Windows\System32\USER32.dll
0x00007ffcdd380000 - 0x00007ffcdd3a1000 	C:\Windows\System32\win32u.dll
0x00007ffcde3e0000 - 0x00007ffcde406000 	C:\Windows\System32\GDI32.dll
0x00007ffcdd3b0000 - 0x00007ffcdd546000 	C:\Windows\System32\gdi32full.dll
0x00007ffcdc990000 - 0x00007ffcdca2e000 	C:\Windows\System32\msvcp_win.dll
0x00007ffc65f70000 - 0x00007ffc65f89000 	C:\Program Files\Java\jdk-15.0.1\bin\VCRUNTIME140.dll
0x00007ffccbb80000 - 0x00007ffccbe04000 	C:\Windows\WinSxS\amd64_microsoft.windows.common-controls_6595b64144ccf1df_6.0.18362.1082_none_9e8193e1e45b25c1\COMCTL32.dll
0x00007ffcdea10000 - 0x00007ffcded45000 	C:\Windows\System32\combase.dll
0x00007ffcdc430000 - 0x00007ffcdc4b0000 	C:\Windows\System32\bcryptPrimitives.dll
0x00007ffcd6de0000 - 0x00007ffcd6dea000 	C:\Windows\SYSTEM32\VERSION.dll
0x00007ffcde9e0000 - 0x00007ffcdea0e000 	C:\Windows\System32\IMM32.DLL
0x00007ffca1700000 - 0x00007ffca170c000 	C:\Program Files\Java\jdk-15.0.1\bin\vcruntime140_1.dll
0x00007ffc65ed0000 - 0x00007ffc65f61000 	C:\Program Files\Java\jdk-15.0.1\bin\msvcp140.dll
0x00007ffc65370000 - 0x00007ffc65ece000 	C:\Program Files\Java\jdk-15.0.1\bin\server\jvm.dll
0x00007ffcde3d0000 - 0x00007ffcde3d8000 	C:\Windows\System32\PSAPI.DLL
0x00007ffc73e40000 - 0x00007ffc73e49000 	C:\Windows\SYSTEM32\WSOCK32.dll
0x00007ffcde6b0000 - 0x00007ffcde71f000 	C:\Windows\System32\WS2_32.dll
0x00007ffcd8740000 - 0x00007ffcd8764000 	C:\Windows\SYSTEM32\WINMM.dll
0x00007ffcd8710000 - 0x00007ffcd873d000 	C:\Windows\SYSTEM32\winmmbase.dll
0x00007ffcdca30000 - 0x00007ffcdca7a000 	C:\Windows\System32\cfgmgr32.dll
0x00007ffcdc3c0000 - 0x00007ffcdc3d1000 	C:\Windows\System32\kernel.appcore.dll
0x00007ffca1130000 - 0x00007ffca113a000 	C:\Program Files\Java\jdk-15.0.1\bin\jimage.dll
0x00007ffcdac80000 - 0x00007ffcdae74000 	C:\Windows\SYSTEM32\DBGHELP.DLL
0x00007ffcbee50000 - 0x00007ffcbee7a000 	C:\Windows\SYSTEM32\dbgcore.DLL
0x00007ffc65340000 - 0x00007ffc65365000 	C:\Program Files\Java\jdk-15.0.1\bin\java.dll
0x00007ffcddce0000 - 0x00007ffcde3c7000 	C:\Windows\System32\SHELL32.dll
0x00007ffcdf3b0000 - 0x00007ffcdf459000 	C:\Windows\System32\shcore.dll
0x00007ffcdcbd0000 - 0x00007ffcdd350000 	C:\Windows\System32\windows.storage.dll
0x00007ffcdc3e0000 - 0x00007ffcdc403000 	C:\Windows\System32\profapi.dll
0x00007ffcdc370000 - 0x00007ffcdc3ba000 	C:\Windows\System32\powrprof.dll
0x00007ffcdc360000 - 0x00007ffcdc370000 	C:\Windows\System32\UMPDC.dll
0x00007ffcdd550000 - 0x00007ffcdd5a2000 	C:\Windows\System32\shlwapi.dll
0x00007ffcdc910000 - 0x00007ffcdc927000 	C:\Windows\System32\cryptsp.dll
0x00007ffc65320000 - 0x00007ffc65339000 	C:\Program Files\Java\jdk-15.0.1\bin\net.dll
0x00007ffcd2690000 - 0x00007ffcd2780000 	C:\Windows\SYSTEM32\WINHTTP.dll
0x00007ffcdbbb0000 - 0x00007ffcdbc17000 	C:\Windows\system32\mswsock.dll
0x00007ffc65300000 - 0x00007ffc65312000 	C:\Program Files\Java\jdk-15.0.1\bin\nio.dll
0x00007ffc652e0000 - 0x00007ffc652f8000 	C:\Program Files\Java\jdk-15.0.1\bin\zip.dll
0x00007ffc62800000 - 0x00007ffc62980000 	C:\Program Files\Java\jdk-15.0.1\bin\awt.dll
0x00007ffcde410000 - 0x00007ffcde4d5000 	C:\Windows\System32\OLEAUT32.dll
0x00007ffcd9e00000 - 0x00007ffcd9e8f000 	C:\Windows\SYSTEM32\apphelp.dll
0x00007ffcda320000 - 0x00007ffcda3b9000 	C:\Windows\system32\uxtheme.dll
0x00007ffcdda70000 - 0x00007ffcddba5000 	C:\Windows\System32\MSCTF.dll
0x00007ffc67170000 - 0x00007ffc6726b000 	C:\ProgramData\A-Volute\A-Volute.SonicStudio3\Modules\ScheduledModules\x64\A-Volute.SonicStudio3DevProps2.dll
0x00007ffcdd6b0000 - 0x00007ffcdd807000 	C:\Windows\System32\ole32.dll
0x00007ffcda860000 - 0x00007ffcda88d000 	C:\Windows\system32\DWMAPI.DLL
0x00007ffca9560000 - 0x00007ffca96b6000 	C:\Windows\system32\opengl32.dll
0x00007ffca94f0000 - 0x00007ffca951c000 	C:\Windows\SYSTEM32\GLU32.dll
0x00007ffcdafb0000 - 0x00007ffcdafd0000 	C:\Windows\SYSTEM32\dxcore.dll
0x00007ffcbb4d0000 - 0x00007ffcbb555000 	C:\Program Files\Java\jdk-15.0.1\bin\freetype.dll
0x00007ffc670c0000 - 0x00007ffc67169000 	C:\Program Files\Java\jdk-15.0.1\bin\fontmanager.dll
0x00007ffcaa650000 - 0x00007ffcaa6ee000 	C:\Windows\System32\TextInputFramework.dll
0x00007ffcd7130000 - 0x00007ffcd745a000 	C:\Windows\System32\CoreUIComponents.dll
0x00007ffcd9700000 - 0x00007ffcd97d4000 	C:\Windows\System32\CoreMessaging.dll
0x00007ffcdb3a0000 - 0x00007ffcdb3d1000 	C:\Windows\SYSTEM32\ntmarta.dll
0x00007ffcd6f00000 - 0x00007ffcd7053000 	C:\Windows\SYSTEM32\wintypes.dll
0x00007ffcded50000 - 0x00007ffcdedf2000 	C:\Windows\System32\clbcatq.dll
0x00007ffcd6430000 - 0x00007ffcd65df000 	C:\Windows\SYSTEM32\WindowsCodecs.dll
0x00007ffca35b0000 - 0x00007ffca35ea000 	C:\Windows\system32\dataexchange.dll
0x00007ffcd92b0000 - 0x00007ffcd950b000 	C:\Windows\system32\d3d11.dll
0x00007ffcd9510000 - 0x00007ffcd96ed000 	C:\Windows\system32\dcomp.dll
0x00007ffcdb040000 - 0x00007ffcdb12b000 	C:\Windows\system32\dxgi.dll
0x00007ffcda3e0000 - 0x00007ffcda642000 	C:\Windows\system32\twinapi.appcore.dll
0x00007ffcda830000 - 0x00007ffcda859000 	C:\Windows\system32\RMCLIENT.dll
0x00007ffca0ad0000 - 0x00007ffca0ae0000 	C:\Program Files\Java\jdk-15.0.1\bin\verify.dll
0x0000000180000000 - 0x0000000180025000 	C:\Program Files\Java\jdk-15.0.1\bin\rxtxSerial.dll
0x00007ffcc1800000 - 0x00007ffcc1aa6000 	C:\Windows\System32\iertutil.dll

dbghelp: loaded successfully - version: 4.0.5 - missing functions: none
symbol engine: initialized successfully - sym options: 0x614 - pdb path: .;C:\Program Files\Java\jdk-15.0.1\bin;C:\Windows\SYSTEM32;C:\Windows\WinSxS\amd64_microsoft.windows.common-controls_6595b64144ccf1df_6.0.18362.1082_none_9e8193e1e45b25c1;C:\Program Files\Java\jdk-15.0.1\bin\server;C:\ProgramData\A-Volute\A-Volute.SonicStudio3\Modules\ScheduledModules\x64

VM Arguments:
jvm_args: -Dfile.encoding=Cp1252 -XX:+ShowCodeDetailsInExceptionMessages 
java_command: gui.MainWindow
java_class_path (initial): D:\elastic_robot_arm\source\gui\bin;D:\NCKH\software\eclipse\eclipse-java\plugins\org.eclipse.osgi_3.16.0.v20200828-0759.jar;D:\NCKH\software\eclipse\eclipse-java\plugins\org.eclipse.core.commands_3.9.700.v20191217-1850.jar;D:\NCKH\software\eclipse\eclipse-java\plugins\org.eclipse.equinox.common_3.13.0.v20200828-1034.jar;D:\NCKH\software\eclipse\eclipse-java\plugins\org.eclipse.equinox.registry_3.9.0.v20200625-1425.jar;D:\NCKH\software\eclipse\eclipse-java\plugins\org.eclipse.core.runtime_3.19.0.v20200724-1004.jar;D:\NCKH\software\eclipse\eclipse-java\plugins\org.eclipse.text_3.10.300.v20200807-0831.jar;D:\NCKH\software\eclipse\eclipse-java\plugins\org.eclipse.swt.win32.win32.x86_64_3.115.0.v20200831-1002.jar;D:\NCKH\software\eclipse\eclipse-java\plugins\org.eclipse.jface_3.21.0.v20200821-1458.jar;D:\NCKH\software\eclipse\eclipse-java\plugins\org.eclipse.jface.text_3.16.400.v20200807-0831.jar;D:\NCKH\software\eclipse\eclipse-java\plugins\org.eclipse.ui.workbench_3.120.0.v20200829-1411.jar;D:\NCKH\software\eclipse\eclipse-java\plugins\com.ibm.icu_67.1.0.v20200706-1749.jar;D:\NCKH\software\eclipse\eclipse-java\plugins\org.eclipse.ui.forms_3.10.0.v20200727-0948.jar;D:\elastic_robot_arm\source\gui\src\rxtx-2.1-7-bins-r2\RXTXcomm.jar;D:\elastic_robot_arm\source\gui\src\xchart-3.6.6\xchart-3.6.6.jar;D:\elastic_robot_arm\source\gui\src\xchart-3.6.6\xchart-demo-3.6.6.jar;D:\elastic_robot_arm\source\gui\miglayout15-swing.jar
Launcher Type: SUN_STANDARD

[Global flags]
     intx CICompilerCount                          = 4                                         {product} {ergonomic}
     uint ConcGCThreads                            = 3                                         {product} {ergonomic}
     uint G1ConcRefinementThreads                  = 10                                        {product} {ergonomic}
   size_t G1HeapRegionSize                         = 2097152                                   {product} {ergonomic}
    uintx GCDrainStackTargetSize                   = 64                                        {product} {ergonomic}
   size_t InitialHeapSize                          = 266338304                                 {product} {ergonomic}
   size_t MarkStackSize                            = 4194304                                   {product} {ergonomic}
   size_t MaxHeapSize                              = 4257218560                                {product} {ergonomic}
   size_t MaxNewSize                               = 2554331136                                {product} {ergonomic}
   size_t MinHeapDeltaBytes                        = 2097152                                   {product} {ergonomic}
   size_t MinHeapSize                              = 8388608                                   {product} {ergonomic}
    uintx NonNMethodCodeHeapSize                   = 5839372                                {pd product} {ergonomic}
    uintx NonProfiledCodeHeapSize                  = 122909434                              {pd product} {ergonomic}
    uintx ProfiledCodeHeapSize                     = 122909434                              {pd product} {ergonomic}
    uintx ReservedCodeCacheSize                    = 251658240                              {pd product} {ergonomic}
     bool SegmentedCodeCache                       = true                                      {product} {ergonomic}
     bool ShowCodeDetailsInExceptionMessages       = true                                   {manageable} {command line}
   size_t SoftMaxHeapSize                          = 4257218560                             {manageable} {ergonomic}
     bool UseCompressedClassPointers               = true                                 {lp64_product} {ergonomic}
     bool UseCompressedOops                        = true                                 {lp64_product} {ergonomic}
     bool UseG1GC                                  = true                                      {product} {ergonomic}
     bool UseLargePagesIndividualAllocation        = false                                  {pd product} {ergonomic}

Logging:
Log output configuration:
 #0: stdout all=warning uptime,level,tags
 #1: stderr all=off uptime,level,tags

Environment Variables:
PATH=C:\Program Files\Common Files\Oracle\Java\javapath;C:\Windows\system32;C:\Windows;C:\Windows\System32\Wbem;C:\Windows\System32\WindowsPowerShell\v1.0\;C:\Windows\System32\OpenSSH\;C:\Program Files (x86)\NVIDIA Corporation\PhysX\Common;C:\Program Files\NVIDIA Corporation\NVIDIA NvDLISR;C:\Program Files\MATLAB\R2018b\runtime\win64;C:\Program Files\MATLAB\R2018b\bin;C:\Program Files\Microsoft SQL Server\Client SDK\ODBC\110\Tools\Binn\;C:\Program Files (x86)\Microsoft SQL Server\120\Tools\Binn\;C:\Program Files\Microsoft SQL Server\120\Tools\Binn\;C:\Program Files\Microsoft SQL Server\120\DTS\Binn\;C:\Program Files (x86)\Windows Kits\8.1\Windows Performance Toolkit\;C:\Program Files\Git\cmd;C:\Users\Admin\AppData\Local\Microsoft\WindowsApps;;C:\Program Files\JetBrains\CLion 2020.2.1\bin;
USERNAME=tuan
OS=Windows_NT
PROCESSOR_IDENTIFIER=Intel64 Family 6 Model 158 Stepping 10, GenuineIntel



---------------  S Y S T E M  ---------------

OS:
 Windows 10 , 64 bit Build 18362 (10.0.18362.1082)
OS uptime: 0 days 0:01 hours

CPU: total 12 (initial active 12) (6 cores per cpu, 2 threads per core) family 6 model 158 stepping 10 microcode 0xb4, cmov, cx8, fxsr, mmx, sse, sse2, sse3, ssse3, sse4.1, sse4.2, popcnt, vzeroupper, avx, avx2, aes, clmul, erms, 3dnowpref, lzcnt, ht, tsc, tscinvbit, bmi1, bmi2, adx, fma, clflush, clflushopt

Memory: 4k page, system-wide physical 16233M (10834M free)
TotalPageFile size 18665M (AvailPageFile size 11121M)
current process WorkingSet (physical memory assigned to process): 84M, peak: 84M
current process commit charge ("private bytes"): 372M, peak: 372M

vm_info: Java HotSpot(TM) 64-Bit Server VM (15.0.1+9-18) for windows-amd64 JRE (15.0.1+9-18), built on Sep 15 2020 14:43:54 by "mach5one" with unknown MS VC++:1925

END.
