#
# A fatal error has been detected by the Java Runtime Environment:
#
#  EXCEPTION_ACCESS_VIOLATION (0xc0000005) at pc=0x0000000180005b00, pid=8900, tid=12376
#
# JRE version: Java(TM) SE Runtime Environment (15.0.1+9) (build 15.0.1+9-18)
# Java VM: Java HotSpot(TM) 64-Bit Server VM (15.0.1+9-18, mixed mode, sharing, tiered, compressed oops, g1 gc, windows-amd64)
# Problematic frame:
# C  [rxtxSerial.dll+0x5b00]
#
# No core dump will be written. Minidumps are not enabled by default on client versions of Windows
#
# If you would like to submit a bug report, please visit:
#   https://bugreport.java.com/bugreport/crash.jsp
# The crash happened outside the Java Virtual Machine in native code.
# See problematic frame for where to report the bug.
#

---------------  S U M M A R Y ------------

Command Line: -Dfile.encoding=Cp1252 -XX:+ShowCodeDetailsInExceptionMessages gui.MainWindow

Host: Intel(R) Core(TM) i7-9750H CPU @ 2.60GHz, 12 cores, 15G,  Windows 10 , 64 bit Build 18362 (10.0.18362.1082)
Time: Thu Nov 26 22:08:58 2020 SE Asia Standard Time elapsed time: 2.016835 seconds (0d 0h 0m 2s)

---------------  T H R E A D  ---------------

Current thread (0x00000285d7fd6810):  JavaThread "Thread-1" [_thread_in_native, id=12376, stack(0x000000e3fde00000,0x000000e3fdf00000)]

Stack: [0x000000e3fde00000,0x000000e3fdf00000],  sp=0x000000e3fdefde90,  free space=1015k
Native frames: (J=compiled Java code, j=interpreted, Vv=VM code, C=native code)
C  [rxtxSerial.dll+0x5b00]

Java frames: (J=compiled Java code, j=interpreted, Vv=VM code)
j  gnu.io.RXTXPort.readArray([BII)I+0
j  gnu.io.RXTXPort$SerialInputStream.read([BII)I+212
j  sun.nio.cs.StreamDecoder.readBytes()I+135 java.base@15.0.1
j  sun.nio.cs.StreamDecoder.implRead([CII)I+112 java.base@15.0.1
j  sun.nio.cs.StreamDecoder.read([CII)I+180 java.base@15.0.1
j  java.io.InputStreamReader.read([CII)I+7 java.base@15.0.1
j  java.io.BufferedReader.fill()V+145 java.base@15.0.1
j  java.io.BufferedReader.readLine(Z)Ljava/lang/String;+44 java.base@15.0.1
j  java.io.BufferedReader.readLine()Ljava/lang/String;+2 java.base@15.0.1
j  gui.ComPort.serialEvent(Lgnu/io/SerialPortEvent;)V+12
j  gnu.io.RXTXPort.sendEvent(IZ)Z+382
v  ~StubRoutines::call_stub
j  gnu.io.RXTXPort.eventLoop()V+0
j  gnu.io.RXTXPort$MonitorThread.run()V+12
v  ~StubRoutines::call_stub

siginfo: EXCEPTION_ACCESS_VIOLATION (0xc0000005), reading address 0xfffffffffdefecc8


Register to memory mapping:

RIP=0x0000000180005b00 rxtxSerial.dll
RAX=0x0000000000000001 is an unknown value
RBX=0x0 is NULL
RCX=0x000000018001d4d5 rxtxSerial.dll
RDX=0xfffffffffffff665 is an unknown value
RSP=0x000000e3fdefde90 is pointing into the stack for thread: 0x00000285d7fd6810
RBP=0x00000000ffffffff is an unknown value
RSI=0x0 is NULL
RDI=0x00000285d7fd6b38 points into unknown readable memory: 0x00007ff9f5d0de40 | 40 de d0 f5 f9 7f 00 00
R8 =0x0000000000000002 is an unknown value
R9 =0xfffffffffffff63c is an unknown value
R10=0x00007ff9f5dac720 jvm.dll
R11=0x8101010101010100 is an unknown value
R12=0xfffffffffdefecc0 is an unknown value
R13=0x00000000000001c3 is an unknown value
R14=0x000000e3fdefe080 is pointing into the stack for thread: 0x00000285d7fd6810
R15=0x0 is NULL


Registers:
RAX=0x0000000000000001, RBX=0x0000000000000000, RCX=0x000000018001d4d5, RDX=0xfffffffffffff665
RSP=0x000000e3fdefde90, RBP=0x00000000ffffffff, RSI=0x0000000000000000, RDI=0x00000285d7fd6b38
R8 =0x0000000000000002, R9 =0xfffffffffffff63c, R10=0x00007ff9f5dac720, R11=0x8101010101010100
R12=0xfffffffffdefecc0, R13=0x00000000000001c3, R14=0x000000e3fdefe080, R15=0x0000000000000000
RIP=0x0000000180005b00, EFLAGS=0x0000000000010202

Top of Stack: (sp=0x000000e3fdefde90)
0x000000e3fdefde90:   0000000000000000 0000000000000000
0x000000e3fdefdea0:   0000000000000000 00000285d7fd6810
0x000000e3fdefdeb0:   0000000000000000 000000e3fdefe080
0x000000e3fdefdec0:   00000285d9513a60 0000000000000001
0x000000e3fdefded0:   00000285d7fd6b38 00000000000001c3
0x000000e3fdefdee0:   ffffffffffffffff 0000000180006211
0x000000e3fdefdef0:   00000285d8148bc0 00000285d7fd6b38
0x000000e3fdefdf00:   0000000000000001 00000285d8148bc0
0x000000e3fdefdf10:   00000285000001c3 00007ff9ffffffff
0x000000e3fdefdf20:   000000e3fdefe088 00000285bb539bc0
0x000000e3fdefdf30:   00000285d9513a60 00000285d9513a60
0x000000e3fdefdf40:   000000e3fdefe050 00007ff9f565c8a7
0x000000e3fdefdf50:   00000000000155b4 00000285d7fd6810
0x000000e3fdefdf60:   00000285d7fd6810 0000de8aaac119ca
0x000000e3fdefdf70:   00000285d9513a68 00000285d9513a60
0x000000e3fdefdf80:   00000285d7fd6810 000000e3fdefe088 

Instructions: (pc=0x0000000180005b00)
0x0000000180005a00:   5d c3 cc cc cc cc cc cc cc cc cc cc cc cc cc cc
0x0000000180005a10:   48 89 5c 24 08 4c 89 4c 24 20 44 89 44 24 18 55
0x0000000180005a20:   56 57 41 54 41 55 41 56 41 57 48 83 ec 20 48 8b
0x0000000180005a30:   2a 48 8b 01 33 db 48 8b d5 48 8b f9 44 8b fb 8b
0x0000000180005a40:   f3 ff 90 f8 00 00 00 4c 8d 0d 9e 70 01 00 4c 8b
0x0000000180005a50:   e0 48 8b 07 4c 8d 05 b5 70 01 00 49 8b d4 48 8b
0x0000000180005a60:   cf ff 90 f0 02 00 00 48 8b cf 4c 8b c0 48 85 c0
0x0000000180005a70:   48 8b 07 75 28 ff 90 80 00 00 00 4c 8b 1f 48 8b
0x0000000180005a80:   cf 41 ff 93 88 00 00 00 4c 8b 1f 49 8b d4 48 8b
0x0000000180005a90:   cf 41 ff 93 b8 00 00 00 4c 8b e3 eb 54 48 8b d5
0x0000000180005aa0:   ff 90 20 03 00 00 49 8b d4 48 8b cf 48 63 e8 48
0x0000000180005ab0:   8b 07 ff 90 b8 00 00 00 48 8d 15 51 70 01 00 48
0x0000000180005ac0:   8d 0d 0e 7a 01 00 41 b8 02 00 00 00 e8 6f 62 00
0x0000000180005ad0:   00 85 c0 75 19 85 ed 75 15 e8 c2 5e 00 00 48 8d
0x0000000180005ae0:   15 23 7a 01 00 48 8d 48 60 e8 3a 5d 00 00 4c 8b
0x0000000180005af0:   e5 8b ac 24 88 00 00 00 44 8b ac 24 80 00 00 00
0x0000000180005b00:   45 8b 74 24 08 41 89 5c 24 08 41 8b fd 85 ed 78
0x0000000180005b10:   09 ff 15 e9 14 01 00 44 8b f8 45 85 ed 7e 4a 90
0x0000000180005b20:   8b c6 ff c6 83 f8 14 7d 40 85 ed 78 0d ff 15 cd
0x0000000180005b30:   14 01 00 41 2b c7 3b c5 7d 2f 8b 4c 24 70 48 63
0x0000000180005b40:   d3 44 8b c7 48 03 54 24 78 e8 a2 31 00 00 85 c0
0x0000000180005b50:   78 33 74 06 03 d8 2b f8 eb 0a b9 e8 03 00 00 e8
0x0000000180005b60:   1c 1c 00 00 41 3b dd 7c b7 8b c3 45 89 74 24 08
0x0000000180005b70:   48 8b 5c 24 60 48 83 c4 20 41 5f 41 5e 41 5d 41
0x0000000180005b80:   5c 5f 5e 5d c3 e8 1e 61 00 00 83 38 04 74 05 e8
0x0000000180005b90:   14 61 00 00 83 c8 ff eb d2 cc cc cc cc cc cc cc
0x0000000180005ba0:   40 53 55 56 57 41 54 41 55 48 81 ec b8 00 00 00
0x0000000180005bb0:   48 8b 05 71 85 01 00 48 33 c4 48 89 84 24 a0 00
0x0000000180005bc0:   00 00 48 8b 01 45 8b e9 41 8b f8 48 8b f2 48 8b
0x0000000180005bd0:   d9 ff 90 f8 00 00 00 4c 8b 13 4c 8d 0d 33 6f 01
0x0000000180005be0:   00 4c 8d 05 7c 6f 01 00 48 8b d0 48 8b cb 4c 8b
0x0000000180005bf0:   e0 41 ff 92 f0 02 00 00 33 ed 48 8b cb 4c 8b c0 


Stack slot to memory mapping:
stack at sp + 0 slots: 0x0 is NULL
stack at sp + 1 slots: 0x0 is NULL
stack at sp + 2 slots: 0x0 is NULL
stack at sp + 3 slots: 0x00000285d7fd6810 is a thread
stack at sp + 4 slots: 0x0 is NULL
stack at sp + 5 slots: 0x000000e3fdefe080 is pointing into the stack for thread: 0x00000285d7fd6810
stack at sp + 6 slots: 0x00000285d9513a60 is pointing into metadata
stack at sp + 7 slots: 0x0000000000000001 is an unknown value


---------------  P R O C E S S  ---------------

Threads class SMR info:
_java_thread_list=0x00000285d803bb50, length=17, elements={
0x00000285d75ee1b0, 0x00000285d75ef520, 0x00000285d76064b0, 0x00000285d7608d80,
0x00000285d7609fd0, 0x00000285d76116b0, 0x00000285d761afa0, 0x00000285d761d9a0,
0x00000285d7740840, 0x00000285d7769b20, 0x00000285d7cce200, 0x00000285d7ce1350,
0x00000285d7cd93b0, 0x00000285d7cfe150, 0x00000285b123b3e0, 0x00000285d7e7b3f0,
0x00000285d7fd6810
}

Java Threads: ( => current thread )
  0x00000285d75ee1b0 JavaThread "Reference Handler" daemon [_thread_blocked, id=19980, stack(0x000000e3fd300000,0x000000e3fd400000)]
  0x00000285d75ef520 JavaThread "Finalizer" daemon [_thread_blocked, id=1080, stack(0x000000e3fd400000,0x000000e3fd500000)]
  0x00000285d76064b0 JavaThread "Signal Dispatcher" daemon [_thread_blocked, id=12092, stack(0x000000e3fd500000,0x000000e3fd600000)]
  0x00000285d7608d80 JavaThread "Attach Listener" daemon [_thread_blocked, id=7564, stack(0x000000e3fd600000,0x000000e3fd700000)]
  0x00000285d7609fd0 JavaThread "Service Thread" daemon [_thread_blocked, id=17992, stack(0x000000e3fd700000,0x000000e3fd800000)]
  0x00000285d76116b0 JavaThread "C2 CompilerThread0" daemon [_thread_blocked, id=21840, stack(0x000000e3fd800000,0x000000e3fd900000)]
  0x00000285d761afa0 JavaThread "C1 CompilerThread0" daemon [_thread_blocked, id=21900, stack(0x000000e3fd900000,0x000000e3fda00000)]
  0x00000285d761d9a0 JavaThread "Sweeper thread" daemon [_thread_blocked, id=15948, stack(0x000000e3fda00000,0x000000e3fdb00000)]
  0x00000285d7740840 JavaThread "Notification Thread" daemon [_thread_blocked, id=15052, stack(0x000000e3fdb00000,0x000000e3fdc00000)]
  0x00000285d7769b20 JavaThread "Common-Cleaner" daemon [_thread_blocked, id=17672, stack(0x000000e3fdd00000,0x000000e3fde00000)]
  0x00000285d7cce200 JavaThread "Java2D Disposer" daemon [_thread_blocked, id=13804, stack(0x000000e3fe000000,0x000000e3fe100000)]
  0x00000285d7ce1350 JavaThread "AWT-Shutdown" [_thread_blocked, id=13788, stack(0x000000e3fe100000,0x000000e3fe200000)]
  0x00000285d7cd93b0 JavaThread "AWT-Windows" daemon [_thread_in_native, id=15488, stack(0x000000e3fe200000,0x000000e3fe300000)]
  0x00000285d7cfe150 JavaThread "AWT-EventQueue-0" [_thread_blocked, id=5304, stack(0x000000e3fe300000,0x000000e3fe400000)]
  0x00000285b123b3e0 JavaThread "DestroyJavaVM" [_thread_blocked, id=9552, stack(0x000000e3fcc00000,0x000000e3fcd00000)]
  0x00000285d7e7b3f0 JavaThread "Timer-0" [_thread_blocked, id=5232, stack(0x000000e3fe700000,0x000000e3fe800000)]
=>0x00000285d7fd6810 JavaThread "Thread-1" [_thread_in_native, id=12376, stack(0x000000e3fde00000,0x000000e3fdf00000)]

Other Threads:
  0x00000285d75eb180 VMThread "VM Thread" [stack: 0x000000e3fd200000,0x000000e3fd300000] [id=3256]
  0x00000285d7772420 WatcherThread [stack: 0x000000e3fdc00000,0x000000e3fdd00000] [id=16844]
  0x00000285b3359860 GCTaskThread "GC Thread#0" [stack: 0x000000e3fcd00000,0x000000e3fce00000] [id=7364]
  0x00000285b336a8f0 ConcurrentGCThread "G1 Main Marker" [stack: 0x000000e3fce00000,0x000000e3fcf00000] [id=3800]
  0x00000285b336bd00 ConcurrentGCThread "G1 Conc#0" [stack: 0x000000e3fcf00000,0x000000e3fd000000] [id=12580]
  0x00000285d6c640e0 ConcurrentGCThread "G1 Refine#0" [stack: 0x000000e3fd000000,0x000000e3fd100000] [id=21880]
  0x00000285b33cbee0 ConcurrentGCThread "G1 Young RemSet Sampling" [stack: 0x000000e3fd100000,0x000000e3fd200000] [id=5884]

Threads with active compile tasks:

VM state: not at safepoint (normal execution)

VM Mutex/Monitor currently owned by a thread: None

Heap address: 0x0000000702400000, size: 4060 MB, Compressed Oops mode: Zero based, Oop shift amount: 3
CDS archive(s) mapped at: [0x0000000800000000-0x0000000800b50000-0x0000000800b50000), size 11862016, SharedBaseAddress: 0x0000000800000000, ArchiveRelocationMode: 0.
Compressed class space mapped at: 0x0000000800b50000-0x0000000840b50000, size: 1073741824
Narrow klass base: 0x0000000800000000, Narrow klass shift: 3, Narrow klass range: 0x100000000

GC Precious Log:
 CPUs: 12 total, 12 available
 Memory: 16233M
 Large Page Support: Disabled
 NUMA Support: Disabled
 Compressed Oops: Enabled (Zero based)
 Heap Region Size: 2M
 Heap Min Capacity: 8M
 Heap Initial Capacity: 254M
 Heap Max Capacity: 4060M
 Pre-touch: Disabled
 Parallel Workers: 10
 Concurrent Workers: 3
 Concurrent Refinement Workers: 10
 Periodic GC: Disabled

Heap:
 garbage-first heap   total 260096K, used 18432K [0x0000000702400000, 0x0000000800000000)
  region size 2048K, 8 young (16384K), 0 survivors (0K)
 Metaspace       used 11746K, capacity 11907K, committed 12032K, reserved 1060864K
  class space    used 1366K, capacity 1424K, committed 1536K, reserved 1048576K

Heap Regions: E=young(eden), S=young(survivor), O=old, HS=humongous(starts), HC=humongous(continues), CS=collection set, F=free, OA=open archive, CA=closed archive, TAMS=top-at-mark-start (previous, next)
|   0|0x0000000702400000, 0x0000000702600000, 0x0000000702600000|100%|HS|  |TAMS 0x0000000702400000, 0x0000000702400000| Complete 
|   1|0x0000000702600000, 0x0000000702800000, 0x0000000702800000|100%|HC|  |TAMS 0x0000000702600000, 0x0000000702600000| Complete 
|   2|0x0000000702800000, 0x0000000702800000, 0x0000000702a00000|  0%| F|  |TAMS 0x0000000702800000, 0x0000000702800000| Untracked 
|   3|0x0000000702a00000, 0x0000000702a00000, 0x0000000702c00000|  0%| F|  |TAMS 0x0000000702a00000, 0x0000000702a00000| Untracked 
|   4|0x0000000702c00000, 0x0000000702c00000, 0x0000000702e00000|  0%| F|  |TAMS 0x0000000702c00000, 0x0000000702c00000| Untracked 
|   5|0x0000000702e00000, 0x0000000702e00000, 0x0000000703000000|  0%| F|  |TAMS 0x0000000702e00000, 0x0000000702e00000| Untracked 
|   6|0x0000000703000000, 0x0000000703000000, 0x0000000703200000|  0%| F|  |TAMS 0x0000000703000000, 0x0000000703000000| Untracked 
|   7|0x0000000703200000, 0x0000000703200000, 0x0000000703400000|  0%| F|  |TAMS 0x0000000703200000, 0x0000000703200000| Untracked 
|   8|0x0000000703400000, 0x0000000703400000, 0x0000000703600000|  0%| F|  |TAMS 0x0000000703400000, 0x0000000703400000| Untracked 
|   9|0x0000000703600000, 0x0000000703600000, 0x0000000703800000|  0%| F|  |TAMS 0x0000000703600000, 0x0000000703600000| Untracked 
|  10|0x0000000703800000, 0x0000000703800000, 0x0000000703a00000|  0%| F|  |TAMS 0x0000000703800000, 0x0000000703800000| Untracked 
|  11|0x0000000703a00000, 0x0000000703a00000, 0x0000000703c00000|  0%| F|  |TAMS 0x0000000703a00000, 0x0000000703a00000| Untracked 
|  12|0x0000000703c00000, 0x0000000703c00000, 0x0000000703e00000|  0%| F|  |TAMS 0x0000000703c00000, 0x0000000703c00000| Untracked 
|  13|0x0000000703e00000, 0x0000000703e00000, 0x0000000704000000|  0%| F|  |TAMS 0x0000000703e00000, 0x0000000703e00000| Untracked 
|  14|0x0000000704000000, 0x0000000704000000, 0x0000000704200000|  0%| F|  |TAMS 0x0000000704000000, 0x0000000704000000| Untracked 
|  15|0x0000000704200000, 0x0000000704200000, 0x0000000704400000|  0%| F|  |TAMS 0x0000000704200000, 0x0000000704200000| Untracked 
|  16|0x0000000704400000, 0x0000000704400000, 0x0000000704600000|  0%| F|  |TAMS 0x0000000704400000, 0x0000000704400000| Untracked 
|  17|0x0000000704600000, 0x0000000704600000, 0x0000000704800000|  0%| F|  |TAMS 0x0000000704600000, 0x0000000704600000| Untracked 
|  18|0x0000000704800000, 0x0000000704800000, 0x0000000704a00000|  0%| F|  |TAMS 0x0000000704800000, 0x0000000704800000| Untracked 
|  19|0x0000000704a00000, 0x0000000704a00000, 0x0000000704c00000|  0%| F|  |TAMS 0x0000000704a00000, 0x0000000704a00000| Untracked 
|  20|0x0000000704c00000, 0x0000000704c00000, 0x0000000704e00000|  0%| F|  |TAMS 0x0000000704c00000, 0x0000000704c00000| Untracked 
|  21|0x0000000704e00000, 0x0000000704e00000, 0x0000000705000000|  0%| F|  |TAMS 0x0000000704e00000, 0x0000000704e00000| Untracked 
|  22|0x0000000705000000, 0x0000000705000000, 0x0000000705200000|  0%| F|  |TAMS 0x0000000705000000, 0x0000000705000000| Untracked 
|  23|0x0000000705200000, 0x0000000705200000, 0x0000000705400000|  0%| F|  |TAMS 0x0000000705200000, 0x0000000705200000| Untracked 
|  24|0x0000000705400000, 0x0000000705400000, 0x0000000705600000|  0%| F|  |TAMS 0x0000000705400000, 0x0000000705400000| Untracked 
|  25|0x0000000705600000, 0x0000000705600000, 0x0000000705800000|  0%| F|  |TAMS 0x0000000705600000, 0x0000000705600000| Untracked 
|  26|0x0000000705800000, 0x0000000705800000, 0x0000000705a00000|  0%| F|  |TAMS 0x0000000705800000, 0x0000000705800000| Untracked 
|  27|0x0000000705a00000, 0x0000000705a00000, 0x0000000705c00000|  0%| F|  |TAMS 0x0000000705a00000, 0x0000000705a00000| Untracked 
|  28|0x0000000705c00000, 0x0000000705c00000, 0x0000000705e00000|  0%| F|  |TAMS 0x0000000705c00000, 0x0000000705c00000| Untracked 
|  29|0x0000000705e00000, 0x0000000705e00000, 0x0000000706000000|  0%| F|  |TAMS 0x0000000705e00000, 0x0000000705e00000| Untracked 
|  30|0x0000000706000000, 0x0000000706000000, 0x0000000706200000|  0%| F|  |TAMS 0x0000000706000000, 0x0000000706000000| Untracked 
|  31|0x0000000706200000, 0x0000000706200000, 0x0000000706400000|  0%| F|  |TAMS 0x0000000706200000, 0x0000000706200000| Untracked 
|  32|0x0000000706400000, 0x0000000706400000, 0x0000000706600000|  0%| F|  |TAMS 0x0000000706400000, 0x0000000706400000| Untracked 
|  33|0x0000000706600000, 0x0000000706600000, 0x0000000706800000|  0%| F|  |TAMS 0x0000000706600000, 0x0000000706600000| Untracked 
|  34|0x0000000706800000, 0x0000000706800000, 0x0000000706a00000|  0%| F|  |TAMS 0x0000000706800000, 0x0000000706800000| Untracked 
|  35|0x0000000706a00000, 0x0000000706a00000, 0x0000000706c00000|  0%| F|  |TAMS 0x0000000706a00000, 0x0000000706a00000| Untracked 
|  36|0x0000000706c00000, 0x0000000706c00000, 0x0000000706e00000|  0%| F|  |TAMS 0x0000000706c00000, 0x0000000706c00000| Untracked 
|  37|0x0000000706e00000, 0x0000000706e00000, 0x0000000707000000|  0%| F|  |TAMS 0x0000000706e00000, 0x0000000706e00000| Untracked 
|  38|0x0000000707000000, 0x0000000707000000, 0x0000000707200000|  0%| F|  |TAMS 0x0000000707000000, 0x0000000707000000| Untracked 
|  39|0x0000000707200000, 0x0000000707200000, 0x0000000707400000|  0%| F|  |TAMS 0x0000000707200000, 0x0000000707200000| Untracked 
|  40|0x0000000707400000, 0x0000000707400000, 0x0000000707600000|  0%| F|  |TAMS 0x0000000707400000, 0x0000000707400000| Untracked 
|  41|0x0000000707600000, 0x0000000707600000, 0x0000000707800000|  0%| F|  |TAMS 0x0000000707600000, 0x0000000707600000| Untracked 
|  42|0x0000000707800000, 0x0000000707800000, 0x0000000707a00000|  0%| F|  |TAMS 0x0000000707800000, 0x0000000707800000| Untracked 
|  43|0x0000000707a00000, 0x0000000707a00000, 0x0000000707c00000|  0%| F|  |TAMS 0x0000000707a00000, 0x0000000707a00000| Untracked 
|  44|0x0000000707c00000, 0x0000000707c00000, 0x0000000707e00000|  0%| F|  |TAMS 0x0000000707c00000, 0x0000000707c00000| Untracked 
|  45|0x0000000707e00000, 0x0000000707e00000, 0x0000000708000000|  0%| F|  |TAMS 0x0000000707e00000, 0x0000000707e00000| Untracked 
|  46|0x0000000708000000, 0x0000000708000000, 0x0000000708200000|  0%| F|  |TAMS 0x0000000708000000, 0x0000000708000000| Untracked 
|  47|0x0000000708200000, 0x0000000708200000, 0x0000000708400000|  0%| F|  |TAMS 0x0000000708200000, 0x0000000708200000| Untracked 
|  48|0x0000000708400000, 0x0000000708400000, 0x0000000708600000|  0%| F|  |TAMS 0x0000000708400000, 0x0000000708400000| Untracked 
|  49|0x0000000708600000, 0x0000000708600000, 0x0000000708800000|  0%| F|  |TAMS 0x0000000708600000, 0x0000000708600000| Untracked 
|  50|0x0000000708800000, 0x0000000708800000, 0x0000000708a00000|  0%| F|  |TAMS 0x0000000708800000, 0x0000000708800000| Untracked 
|  51|0x0000000708a00000, 0x0000000708a00000, 0x0000000708c00000|  0%| F|  |TAMS 0x0000000708a00000, 0x0000000708a00000| Untracked 
|  52|0x0000000708c00000, 0x0000000708c00000, 0x0000000708e00000|  0%| F|  |TAMS 0x0000000708c00000, 0x0000000708c00000| Untracked 
|  53|0x0000000708e00000, 0x0000000708e00000, 0x0000000709000000|  0%| F|  |TAMS 0x0000000708e00000, 0x0000000708e00000| Untracked 
|  54|0x0000000709000000, 0x0000000709000000, 0x0000000709200000|  0%| F|  |TAMS 0x0000000709000000, 0x0000000709000000| Untracked 
|  55|0x0000000709200000, 0x0000000709200000, 0x0000000709400000|  0%| F|  |TAMS 0x0000000709200000, 0x0000000709200000| Untracked 
|  56|0x0000000709400000, 0x0000000709400000, 0x0000000709600000|  0%| F|  |TAMS 0x0000000709400000, 0x0000000709400000| Untracked 
|  57|0x0000000709600000, 0x0000000709600000, 0x0000000709800000|  0%| F|  |TAMS 0x0000000709600000, 0x0000000709600000| Untracked 
|  58|0x0000000709800000, 0x0000000709800000, 0x0000000709a00000|  0%| F|  |TAMS 0x0000000709800000, 0x0000000709800000| Untracked 
|  59|0x0000000709a00000, 0x0000000709a00000, 0x0000000709c00000|  0%| F|  |TAMS 0x0000000709a00000, 0x0000000709a00000| Untracked 
|  60|0x0000000709c00000, 0x0000000709c00000, 0x0000000709e00000|  0%| F|  |TAMS 0x0000000709c00000, 0x0000000709c00000| Untracked 
|  61|0x0000000709e00000, 0x0000000709e00000, 0x000000070a000000|  0%| F|  |TAMS 0x0000000709e00000, 0x0000000709e00000| Untracked 
|  62|0x000000070a000000, 0x000000070a000000, 0x000000070a200000|  0%| F|  |TAMS 0x000000070a000000, 0x000000070a000000| Untracked 
|  63|0x000000070a200000, 0x000000070a200000, 0x000000070a400000|  0%| F|  |TAMS 0x000000070a200000, 0x000000070a200000| Untracked 
|  64|0x000000070a400000, 0x000000070a400000, 0x000000070a600000|  0%| F|  |TAMS 0x000000070a400000, 0x000000070a400000| Untracked 
|  65|0x000000070a600000, 0x000000070a600000, 0x000000070a800000|  0%| F|  |TAMS 0x000000070a600000, 0x000000070a600000| Untracked 
|  66|0x000000070a800000, 0x000000070a800000, 0x000000070aa00000|  0%| F|  |TAMS 0x000000070a800000, 0x000000070a800000| Untracked 
|  67|0x000000070aa00000, 0x000000070aa00000, 0x000000070ac00000|  0%| F|  |TAMS 0x000000070aa00000, 0x000000070aa00000| Untracked 
|  68|0x000000070ac00000, 0x000000070ac00000, 0x000000070ae00000|  0%| F|  |TAMS 0x000000070ac00000, 0x000000070ac00000| Untracked 
|  69|0x000000070ae00000, 0x000000070ae00000, 0x000000070b000000|  0%| F|  |TAMS 0x000000070ae00000, 0x000000070ae00000| Untracked 
|  70|0x000000070b000000, 0x000000070b000000, 0x000000070b200000|  0%| F|  |TAMS 0x000000070b000000, 0x000000070b000000| Untracked 
|  71|0x000000070b200000, 0x000000070b200000, 0x000000070b400000|  0%| F|  |TAMS 0x000000070b200000, 0x000000070b200000| Untracked 
|  72|0x000000070b400000, 0x000000070b400000, 0x000000070b600000|  0%| F|  |TAMS 0x000000070b400000, 0x000000070b400000| Untracked 
|  73|0x000000070b600000, 0x000000070b600000, 0x000000070b800000|  0%| F|  |TAMS 0x000000070b600000, 0x000000070b600000| Untracked 
|  74|0x000000070b800000, 0x000000070b800000, 0x000000070ba00000|  0%| F|  |TAMS 0x000000070b800000, 0x000000070b800000| Untracked 
|  75|0x000000070ba00000, 0x000000070ba00000, 0x000000070bc00000|  0%| F|  |TAMS 0x000000070ba00000, 0x000000070ba00000| Untracked 
|  76|0x000000070bc00000, 0x000000070bc00000, 0x000000070be00000|  0%| F|  |TAMS 0x000000070bc00000, 0x000000070bc00000| Untracked 
|  77|0x000000070be00000, 0x000000070be00000, 0x000000070c000000|  0%| F|  |TAMS 0x000000070be00000, 0x000000070be00000| Untracked 
|  78|0x000000070c000000, 0x000000070c000000, 0x000000070c200000|  0%| F|  |TAMS 0x000000070c000000, 0x000000070c000000| Untracked 
|  79|0x000000070c200000, 0x000000070c200000, 0x000000070c400000|  0%| F|  |TAMS 0x000000070c200000, 0x000000070c200000| Untracked 
|  80|0x000000070c400000, 0x000000070c400000, 0x000000070c600000|  0%| F|  |TAMS 0x000000070c400000, 0x000000070c400000| Untracked 
|  81|0x000000070c600000, 0x000000070c600000, 0x000000070c800000|  0%| F|  |TAMS 0x000000070c600000, 0x000000070c600000| Untracked 
|  82|0x000000070c800000, 0x000000070c800000, 0x000000070ca00000|  0%| F|  |TAMS 0x000000070c800000, 0x000000070c800000| Untracked 
|  83|0x000000070ca00000, 0x000000070ca00000, 0x000000070cc00000|  0%| F|  |TAMS 0x000000070ca00000, 0x000000070ca00000| Untracked 
|  84|0x000000070cc00000, 0x000000070cc00000, 0x000000070ce00000|  0%| F|  |TAMS 0x000000070cc00000, 0x000000070cc00000| Untracked 
|  85|0x000000070ce00000, 0x000000070ce00000, 0x000000070d000000|  0%| F|  |TAMS 0x000000070ce00000, 0x000000070ce00000| Untracked 
|  86|0x000000070d000000, 0x000000070d000000, 0x000000070d200000|  0%| F|  |TAMS 0x000000070d000000, 0x000000070d000000| Untracked 
|  87|0x000000070d200000, 0x000000070d200000, 0x000000070d400000|  0%| F|  |TAMS 0x000000070d200000, 0x000000070d200000| Untracked 
|  88|0x000000070d400000, 0x000000070d400000, 0x000000070d600000|  0%| F|  |TAMS 0x000000070d400000, 0x000000070d400000| Untracked 
|  89|0x000000070d600000, 0x000000070d600000, 0x000000070d800000|  0%| F|  |TAMS 0x000000070d600000, 0x000000070d600000| Untracked 
|  90|0x000000070d800000, 0x000000070d800000, 0x000000070da00000|  0%| F|  |TAMS 0x000000070d800000, 0x000000070d800000| Untracked 
|  91|0x000000070da00000, 0x000000070da00000, 0x000000070dc00000|  0%| F|  |TAMS 0x000000070da00000, 0x000000070da00000| Untracked 
|  92|0x000000070dc00000, 0x000000070dc00000, 0x000000070de00000|  0%| F|  |TAMS 0x000000070dc00000, 0x000000070dc00000| Untracked 
|  93|0x000000070de00000, 0x000000070de00000, 0x000000070e000000|  0%| F|  |TAMS 0x000000070de00000, 0x000000070de00000| Untracked 
|  94|0x000000070e000000, 0x000000070e000000, 0x000000070e200000|  0%| F|  |TAMS 0x000000070e000000, 0x000000070e000000| Untracked 
|  95|0x000000070e200000, 0x000000070e200000, 0x000000070e400000|  0%| F|  |TAMS 0x000000070e200000, 0x000000070e200000| Untracked 
|  96|0x000000070e400000, 0x000000070e400000, 0x000000070e600000|  0%| F|  |TAMS 0x000000070e400000, 0x000000070e400000| Untracked 
|  97|0x000000070e600000, 0x000000070e600000, 0x000000070e800000|  0%| F|  |TAMS 0x000000070e600000, 0x000000070e600000| Untracked 
|  98|0x000000070e800000, 0x000000070e800000, 0x000000070ea00000|  0%| F|  |TAMS 0x000000070e800000, 0x000000070e800000| Untracked 
|  99|0x000000070ea00000, 0x000000070ea00000, 0x000000070ec00000|  0%| F|  |TAMS 0x000000070ea00000, 0x000000070ea00000| Untracked 
| 100|0x000000070ec00000, 0x000000070ec00000, 0x000000070ee00000|  0%| F|  |TAMS 0x000000070ec00000, 0x000000070ec00000| Untracked 
| 101|0x000000070ee00000, 0x000000070ee00000, 0x000000070f000000|  0%| F|  |TAMS 0x000000070ee00000, 0x000000070ee00000| Untracked 
| 102|0x000000070f000000, 0x000000070f000000, 0x000000070f200000|  0%| F|  |TAMS 0x000000070f000000, 0x000000070f000000| Untracked 
| 103|0x000000070f200000, 0x000000070f200000, 0x000000070f400000|  0%| F|  |TAMS 0x000000070f200000, 0x000000070f200000| Untracked 
| 104|0x000000070f400000, 0x000000070f400000, 0x000000070f600000|  0%| F|  |TAMS 0x000000070f400000, 0x000000070f400000| Untracked 
| 105|0x000000070f600000, 0x000000070f600000, 0x000000070f800000|  0%| F|  |TAMS 0x000000070f600000, 0x000000070f600000| Untracked 
| 106|0x000000070f800000, 0x000000070f800000, 0x000000070fa00000|  0%| F|  |TAMS 0x000000070f800000, 0x000000070f800000| Untracked 
| 107|0x000000070fa00000, 0x000000070fa00000, 0x000000070fc00000|  0%| F|  |TAMS 0x000000070fa00000, 0x000000070fa00000| Untracked 
| 108|0x000000070fc00000, 0x000000070fc00000, 0x000000070fe00000|  0%| F|  |TAMS 0x000000070fc00000, 0x000000070fc00000| Untracked 
| 109|0x000000070fe00000, 0x000000070fe00000, 0x0000000710000000|  0%| F|  |TAMS 0x000000070fe00000, 0x000000070fe00000| Untracked 
| 110|0x0000000710000000, 0x0000000710000000, 0x0000000710200000|  0%| F|  |TAMS 0x0000000710000000, 0x0000000710000000| Untracked 
| 111|0x0000000710200000, 0x0000000710200000, 0x0000000710400000|  0%| F|  |TAMS 0x0000000710200000, 0x0000000710200000| Untracked 
| 112|0x0000000710400000, 0x0000000710400000, 0x0000000710600000|  0%| F|  |TAMS 0x0000000710400000, 0x0000000710400000| Untracked 
| 113|0x0000000710600000, 0x0000000710600000, 0x0000000710800000|  0%| F|  |TAMS 0x0000000710600000, 0x0000000710600000| Untracked 
| 114|0x0000000710800000, 0x0000000710800000, 0x0000000710a00000|  0%| F|  |TAMS 0x0000000710800000, 0x0000000710800000| Untracked 
| 115|0x0000000710a00000, 0x0000000710a00000, 0x0000000710c00000|  0%| F|  |TAMS 0x0000000710a00000, 0x0000000710a00000| Untracked 
| 116|0x0000000710c00000, 0x0000000710c00000, 0x0000000710e00000|  0%| F|  |TAMS 0x0000000710c00000, 0x0000000710c00000| Untracked 
| 117|0x0000000710e00000, 0x0000000710e00000, 0x0000000711000000|  0%| F|  |TAMS 0x0000000710e00000, 0x0000000710e00000| Untracked 
| 118|0x0000000711000000, 0x0000000711000000, 0x0000000711200000|  0%| F|  |TAMS 0x0000000711000000, 0x0000000711000000| Untracked 
| 119|0x0000000711200000, 0x0000000711355f10, 0x0000000711400000| 66%| E|  |TAMS 0x0000000711200000, 0x0000000711200000| Complete 
| 120|0x0000000711400000, 0x0000000711600000, 0x0000000711600000|100%| E|CS|TAMS 0x0000000711400000, 0x0000000711400000| Complete 
| 121|0x0000000711600000, 0x0000000711800000, 0x0000000711800000|100%| E|CS|TAMS 0x0000000711600000, 0x0000000711600000| Complete 
| 122|0x0000000711800000, 0x0000000711a00000, 0x0000000711a00000|100%| E|CS|TAMS 0x0000000711800000, 0x0000000711800000| Complete 
| 123|0x0000000711a00000, 0x0000000711c00000, 0x0000000711c00000|100%| E|CS|TAMS 0x0000000711a00000, 0x0000000711a00000| Complete 
| 124|0x0000000711c00000, 0x0000000711e00000, 0x0000000711e00000|100%| E|CS|TAMS 0x0000000711c00000, 0x0000000711c00000| Complete 
| 125|0x0000000711e00000, 0x0000000712000000, 0x0000000712000000|100%| E|CS|TAMS 0x0000000711e00000, 0x0000000711e00000| Complete 
| 126|0x0000000712000000, 0x0000000712200000, 0x0000000712200000|100%| E|CS|TAMS 0x0000000712000000, 0x0000000712000000| Complete 

Card table byte_map: [0x00000285cb270000,0x00000285cba60000] _byte_map_base: 0x00000285c7a5e000

Marking Bits (Prev, Next): (CMBitMap*) 0x00000285b335a0d0, (CMBitMap*) 0x00000285b335a110
 Prev Bits: [0x00000285cc250000, 0x00000285d01c0000)
 Next Bits: [0x00000285d01c0000, 0x00000285d4130000)

Polling page: 0x00000285b2ad0000

Metaspace:

Usage:
  Non-class:     10.24 MB capacity,    10.14 MB (>99%) used,    86.88 KB ( <1%) free+waste,    15.63 KB ( <1%) overhead. 
      Class:      1.39 MB capacity,     1.33 MB ( 96%) used,    51.36 KB (  4%) free+waste,     6.50 KB ( <1%) overhead. 
       Both:     11.63 MB capacity,    11.47 MB ( 99%) used,   138.23 KB (  1%) free+waste,    22.13 KB ( <1%) overhead. 

Virtual space:
  Non-class space:       12.00 MB reserved,      10.25 MB ( 85%) committed 
      Class space:        1.00 GB reserved,       1.50 MB ( <1%) committed 
             Both:        1.01 GB reserved,      11.75 MB (  1%) committed 

Chunk freelists:
   Non-Class:  13.00 KB
       Class:  16.00 KB
        Both:  29.00 KB

MaxMetaspaceSize: 17179869184.00 GB
CompressedClassSpaceSize: 1.00 GB

CodeHeap 'non-profiled nmethods': size=120000Kb used=375Kb max_used=375Kb free=119624Kb
 bounds [0x00000285c3000000, 0x00000285c3270000, 0x00000285ca530000]
CodeHeap 'profiled nmethods': size=120000Kb used=1914Kb max_used=1914Kb free=118085Kb
 bounds [0x00000285bbad0000, 0x00000285bbd40000, 0x00000285c3000000]
CodeHeap 'non-nmethods': size=5760Kb used=1353Kb max_used=1381Kb free=4406Kb
 bounds [0x00000285bb530000, 0x00000285bb7a0000, 0x00000285bbad0000]
 total_blobs=1923 nmethods=1259 adapters=577
 compilation: enabled
              stopped_count=0, restarted_count=0
 full_count=0

Compilation events (20 events):
Event: 1.873 Thread 0x00000285d761afa0 nmethod 1234 0x00000285bbca8810 code [0x00000285bbca89c0, 0x00000285bbca8b68]
Event: 1.873 Thread 0x00000285d761afa0 1235       3       java.util.LinkedList$ListItr::hasNext (20 bytes)
Event: 1.873 Thread 0x00000285d761afa0 nmethod 1235 0x00000285bbca8c10 code [0x00000285bbca8da0, 0x00000285bbca8f18]
Event: 1.873 Thread 0x00000285d761afa0 1237       3       sun.java2d.SunGraphics2D::invalidateTransform (226 bytes)
Event: 1.873 Thread 0x00000285d761afa0 nmethod 1237 0x00000285bbca9010 code [0x00000285bbca9260, 0x00000285bbca9ba8]
Event: 1.987 Thread 0x00000285d761afa0 1238       1       javax.swing.AbstractButton::getText (5 bytes)
Event: 1.988 Thread 0x00000285d761afa0 nmethod 1238 0x00000285c305b790 code [0x00000285c305b920, 0x00000285c305b9d8]
Event: 1.988 Thread 0x00000285d761afa0 1239       3       java.util.WeakHashMap::eq (19 bytes)
Event: 1.988 Thread 0x00000285d761afa0 nmethod 1239 0x00000285bbca9e10 code [0x00000285bbca9fc0, 0x00000285bbcaa208]
Event: 1.989 Thread 0x00000285d761afa0 1240       1       java.net.URLStreamHandler::getDefaultPort (2 bytes)
Event: 1.989 Thread 0x00000285d761afa0 nmethod 1240 0x00000285c305ba90 code [0x00000285c305bc20, 0x00000285c305bcd8]
Event: 2.004 Thread 0x00000285d761afa0 1241       3       java.lang.ClassLoader::loadClass (7 bytes)
Event: 2.004 Thread 0x00000285d761afa0 nmethod 1241 0x00000285bbcaa310 code [0x00000285bbcaa4c0, 0x00000285bbcaa688]
Event: 2.004 Thread 0x00000285d761afa0 1242       3       jdk.internal.loader.BuiltinClassLoader::loadClass (22 bytes)
Event: 2.004 Thread 0x00000285d761afa0 nmethod 1242 0x00000285bbcaa710 code [0x00000285bbcaa8c0, 0x00000285bbcaab98]
Event: 2.004 Thread 0x00000285d761afa0 1243       1       javax.swing.event.EventListenerList::getListenerList (5 bytes)
Event: 2.004 Thread 0x00000285d761afa0 nmethod 1243 0x00000285c305bd90 code [0x00000285c305bf20, 0x00000285c305bfd8]
Event: 2.004 Thread 0x00000285d761afa0 1244       3       java.security.AccessController::checkContext (49 bytes)
Event: 2.004 Thread 0x00000285d761afa0 nmethod 1244 0x00000285bbcaac90 code [0x00000285bbcaaea0, 0x00000285bbcab4b8]
Event: 2.005 Thread 0x00000285d761afa0 1246       3       javax.swing.SwingUtilities::computeIntersection (189 bytes)

GC Heap History (0 events):
No events

Deoptimization events (20 events):
Event: 0.410 Thread 0x00000285d7cfe150 Uncommon trap: trap_request=0xffffffde fr.pc=0x00000285c30252c0 relative=0x00000000000001a0
Event: 0.410 Thread 0x00000285d7cfe150 Uncommon trap: reason=class_check action=maybe_recompile pc=0x00000285c30252c0 method=java.lang.String.equals(Ljava/lang/Object;)Z @ 8 c2
Event: 0.410 Thread 0x00000285d7cfe150 DEOPT PACKING pc=0x00000285c30252c0 sp=0x000000e3fe3fdca0
Event: 0.410 Thread 0x00000285d7cfe150 DEOPT UNPACKING pc=0x00000285bb57e42f sp=0x000000e3fe3fdc48 mode 2
Event: 0.410 Thread 0x00000285d7cfe150 Uncommon trap: trap_request=0xffffffde fr.pc=0x00000285c30252c0 relative=0x00000000000001a0
Event: 0.410 Thread 0x00000285d7cfe150 Uncommon trap: reason=class_check action=maybe_recompile pc=0x00000285c30252c0 method=java.lang.String.equals(Ljava/lang/Object;)Z @ 8 c2
Event: 0.410 Thread 0x00000285d7cfe150 DEOPT PACKING pc=0x00000285c30252c0 sp=0x000000e3fe3fdd70
Event: 0.410 Thread 0x00000285d7cfe150 DEOPT UNPACKING pc=0x00000285bb57e42f sp=0x000000e3fe3fdd18 mode 2
Event: 0.410 Thread 0x00000285d7cfe150 Uncommon trap: trap_request=0xffffffde fr.pc=0x00000285c30252c0 relative=0x00000000000001a0
Event: 0.410 Thread 0x00000285d7cfe150 Uncommon trap: reason=class_check action=maybe_recompile pc=0x00000285c30252c0 method=java.lang.String.equals(Ljava/lang/Object;)Z @ 8 c2
Event: 0.410 Thread 0x00000285d7cfe150 DEOPT PACKING pc=0x00000285c30252c0 sp=0x000000e3fe3fdc90
Event: 0.410 Thread 0x00000285d7cfe150 DEOPT UNPACKING pc=0x00000285bb57e42f sp=0x000000e3fe3fdc38 mode 2
Event: 0.571 Thread 0x00000285d7cfe150 Uncommon trap: trap_request=0xffffff45 fr.pc=0x00000285c303e328 relative=0x0000000000000388
Event: 0.571 Thread 0x00000285d7cfe150 Uncommon trap: reason=unstable_if action=reinterpret pc=0x00000285c303e328 method=java.lang.StringLatin1.newString([BII)Ljava/lang/String; @ 1 c2
Event: 0.571 Thread 0x00000285d7cfe150 DEOPT PACKING pc=0x00000285c303e328 sp=0x000000e3fe3fcc80
Event: 0.571 Thread 0x00000285d7cfe150 DEOPT UNPACKING pc=0x00000285bb57e42f sp=0x000000e3fe3fcc48 mode 2
Event: 0.576 Thread 0x00000285d7cfe150 Uncommon trap: trap_request=0xffffff45 fr.pc=0x00000285c304600c relative=0x000000000000046c
Event: 0.576 Thread 0x00000285d7cfe150 Uncommon trap: reason=unstable_if action=reinterpret pc=0x00000285c304600c method=java.lang.StringLatin1.newString([BII)Ljava/lang/String; @ 1 c2
Event: 0.576 Thread 0x00000285d7cfe150 DEOPT PACKING pc=0x00000285c304600c sp=0x000000e3fe3fb400
Event: 0.576 Thread 0x00000285d7cfe150 DEOPT UNPACKING pc=0x00000285bb57e42f sp=0x000000e3fe3fb360 mode 2

Classes unloaded (0 events):
No events

Classes redefined (0 events):
No events

Internal exceptions (20 events):
Event: 0.136 Thread 0x00000285b123b3e0 Exception <a 'java/io/FileNotFoundException'{0x0000000711d93a40}> (0x0000000711d93a40) 
thrown [./open/src/hotspot/share/prims/jni.cpp, line 578]
Event: 0.142 Thread 0x00000285b123b3e0 Exception <a 'java/io/FileNotFoundException'{0x0000000711dc2238}> (0x0000000711dc2238) 
thrown [./open/src/hotspot/share/prims/jni.cpp, line 578]
Event: 0.143 Thread 0x00000285b123b3e0 Exception <a 'java/lang/NoSuchMethodError'{0x0000000711dc3540}: 'java.lang.Object java.lang.invoke.DirectMethodHandle$Holder.invokeStatic(java.lang.Object)'> (0x0000000711dc3540) 
thrown [./open/src/hotspot/share/interpreter/linkResolver.cpp, line 782]
Event: 0.147 Thread 0x00000285b123b3e0 Exception <a 'java/lang/NoSuchMethodError'{0x0000000711dd1620}: 'void java.lang.invoke.DirectMethodHandle$Holder.invokeSpecial(java.lang.Object, java.lang.Object, java.lang.Object)'> (0x0000000711dd1620) 
thrown [./open/src/hotspot/share/interpreter/linkResolver.cpp, line 782]
Event: 0.173 Thread 0x00000285b123b3e0 Exception <a 'java/lang/NoSuchMethodError'{0x0000000711a1c510}: 'java.lang.Object java.lang.invoke.DirectMethodHandle$Holder.invokeStaticInit(java.lang.Object)'> (0x0000000711a1c510) 
thrown [./open/src/hotspot/share/interpreter/linkResolver.cpp, line 782]
Event: 0.267 Thread 0x00000285d7cfe150 Exception <a 'java/lang/NoSuchMethodError'{0x0000000711b51f70}: 'java.lang.Object java.lang.invoke.DirectMethodHandle$Holder.newInvokeSpecial(java.lang.Object, java.lang.Object, java.lang.Object, java.lang.Object, java.lang.Object)'> (0x0000000711b51f70) 
thrown [./open/src/hotspot/share/interpreter/linkResolver.cpp, line 782]
Event: 0.268 Thread 0x00000285d7cfe150 Exception <a 'java/lang/NoSuchMethodError'{0x0000000711bce7e8}: 'java.lang.Object java.lang.invoke.DirectMethodHandle$Holder.invokeStatic(java.lang.Object, int, java.lang.Object, java.lang.Object, java.lang.Object, java.lang.Object)'> (0x0000000711bce7e8) 
thrown [./open/src/hotspot/share/interpreter/linkResolver.cpp, line 782]
Event: 0.272 Thread 0x00000285d7cfe150 Exception <a 'java/lang/NoSuchMethodError'{0x0000000711bf4a90}: 'java.lang.Object java.lang.invoke.DirectMethodHandle$Holder.invokeStatic(java.lang.Object, int, java.lang.Object)'> (0x0000000711bf4a90) 
thrown [./open/src/hotspot/share/interpreter/linkResolver.cpp, line 782]
Event: 0.290 Thread 0x00000285d7cfe150 Exception <a 'java/lang/ClassNotFoundException'{0x00000007118ad2d0}: com/sun/swing/internal/plaf/metal/resources/spi/metalProvider> (0x00000007118ad2d0) 
thrown [./open/src/hotspot/share/classfile/systemDictionary.cpp, line 295]
Event: 0.290 Thread 0x00000285d7cfe150 Exception <a 'java/lang/ClassNotFoundException'{0x00000007118b1590}: com/sun/swing/internal/plaf/basic/resources/spi/basicProvider> (0x00000007118b1590) 
thrown [./open/src/hotspot/share/classfile/systemDictionary.cpp, line 295]
Event: 0.310 Thread 0x00000285d7cfe150 Exception <a 'java/lang/NoSuchMethodError'{0x00000007118ecba0}: 'void java.lang.invoke.DirectMethodHandle$Holder.invokeStaticInit(java.lang.Object)'> (0x00000007118ecba0) 
thrown [./open/src/hotspot/share/interpreter/linkResolver.cpp, line 782]
Event: 0.495 Thread 0x00000285d7e7b3f0 Exception <a 'java/io/FileNotFoundException'{0x00000007117f5190}> (0x00000007117f5190) 
thrown [./open/src/hotspot/share/prims/jni.cpp, line 578]
Event: 0.502 Thread 0x00000285d7e7b3f0 Exception <a 'java/io/FileNotFoundException'{0x0000000711407340}> (0x0000000711407340) 
thrown [./open/src/hotspot/share/prims/jni.cpp, line 578]
Event: 0.503 Thread 0x00000285d7e7b3f0 Exception <a 'java/io/FileNotFoundException'{0x0000000711415608}> (0x0000000711415608) 
thrown [./open/src/hotspot/share/prims/jni.cpp, line 578]
Event: 0.509 Thread 0x00000285d7e7b3f0 Exception <a 'java/io/FileNotFoundException'{0x0000000711426cd8}> (0x0000000711426cd8) 
thrown [./open/src/hotspot/share/prims/jni.cpp, line 578]
Event: 0.559 Thread 0x00000285d7cfe150 Exception <a 'java/lang/NoSuchMethodError'{0x00000007114da318}: 'double java.lang.invoke.DirectMethodHandle$Holder.invokeStatic(java.lang.Object, java.lang.Object)'> (0x00000007114da318) 
thrown [./open/src/hotspot/share/interpreter/linkResolver.cpp, line 782]
Event: 0.574 Thread 0x00000285d7cfe150 Exception <a 'java/lang/NoSuchMethodError'{0x000000071157c008}: 'java.lang.Object java.lang.invoke.DirectMethodHandle$Holder.invokeInterface(java.lang.Object, java.lang.Object, int)'> (0x000000071157c008) 
thrown [./open/src/hotspot/share/interpreter/linkResolver.cpp, line 782]
Event: 0.579 Thread 0x00000285d7cfe150 Exception <a 'java/lang/NoSuchMethodError'{0x00000007115a4a40}: 'java.lang.Object java.lang.invoke.DirectMethodHandle$Holder.newInvokeSpecial(java.lang.Object, java.lang.Object, double, double)'> (0x00000007115a4a40) 
thrown [./open/src/hotspot/share/interpreter/linkResolver.cpp, line 782]
Event: 1.488 Thread 0x00000285d7e7b3f0 Exception <a 'java/io/FileNotFoundException'{0x00000007114495b8}> (0x00000007114495b8) 
thrown [./open/src/hotspot/share/prims/jni.cpp, line 578]
Event: 1.494 Thread 0x00000285d7e7b3f0 Exception <a 'java/io/FileNotFoundException'{0x000000071145ac88}> (0x000000071145ac88) 
thrown [./open/src/hotspot/share/prims/jni.cpp, line 578]

Events (20 events):
Event: 0.638 loading class java/util/concurrent/ForkJoinPool$ManagedBlocker
Event: 0.638 loading class java/util/concurrent/ForkJoinPool$ManagedBlocker done
Event: 0.638 loading class java/util/concurrent/locks/AbstractQueuedSynchronizer$Node
Event: 0.638 loading class java/util/concurrent/locks/AbstractQueuedSynchronizer$Node done
Event: 0.638 loading class java/util/concurrent/locks/AbstractQueuedSynchronizer$ConditionNode done
Event: 1.351 loading class java/util/concurrent/locks/AbstractQueuedSynchronizer$ExclusiveNode
Event: 1.351 loading class java/util/concurrent/locks/AbstractQueuedSynchronizer$ExclusiveNode done
Event: 1.351 Thread 0x00000285d781a4c0 Thread exited: 0x00000285d781a4c0
Event: 1.360 Thread 0x00000285d77718c0 Thread exited: 0x00000285d77718c0
Event: 1.628 Executing VM operation: HandshakeAllThreads
Event: 1.628 Executing VM operation: HandshakeAllThreads done
Event: 1.988 loading class java/util/TooManyListenersException
Event: 1.988 loading class java/util/TooManyListenersException done
Event: 1.990 loading class java/lang/IndexOutOfBoundsException
Event: 1.990 loading class java/lang/IndexOutOfBoundsException done
Event: 1.994 Thread 0x00000285d7fd6810 Thread added: 0x00000285d7fd6810
Event: 2.004 loading class java/io/BufferedReader
Event: 2.004 loading class java/io/BufferedReader done
Event: 2.004 loading class sun/nio/cs/StreamDecoder
Event: 2.004 loading class sun/nio/cs/StreamDecoder done


Dynamic libraries:
0x00007ff6ba740000 - 0x00007ff6ba74f000 	C:\Program Files\Java\jdk-15.0.1\bin\javaw.exe
0x00007ffa51740000 - 0x00007ffa51930000 	C:\Windows\SYSTEM32\ntdll.dll
0x00007ffa50880000 - 0x00007ffa50932000 	C:\Windows\System32\KERNEL32.DLL
0x00007ffa4e6d0000 - 0x00007ffa4e975000 	C:\Windows\System32\KERNELBASE.dll
0x00007ffa4ef50000 - 0x00007ffa4f04a000 	C:\Windows\System32\ucrtbase.dll
0x00007ffa4bf20000 - 0x00007ffa4bf38000 	C:\Program Files\Java\jdk-15.0.1\bin\jli.dll
0x00007ffa42be0000 - 0x00007ffa42bf9000 	C:\Program Files\Java\jdk-15.0.1\bin\VCRUNTIME140.dll
0x00007ffa50950000 - 0x00007ffa509f3000 	C:\Windows\System32\ADVAPI32.dll
0x00007ffa4f860000 - 0x00007ffa4f8fe000 	C:\Windows\System32\msvcrt.dll
0x00007ffa4ff40000 - 0x00007ffa4ffd7000 	C:\Windows\System32\sechost.dll
0x00007ffa501a0000 - 0x00007ffa502c0000 	C:\Windows\System32\RPCRT4.dll
0x00007ffa50420000 - 0x00007ffa505b5000 	C:\Windows\System32\USER32.dll
0x00007ffa4ea30000 - 0x00007ffa4ea51000 	C:\Windows\System32\win32u.dll
0x00007ffa2f7e0000 - 0x00007ffa2fa64000 	C:\Windows\WinSxS\amd64_microsoft.windows.common-controls_6595b64144ccf1df_6.0.18362.1082_none_9e8193e1e45b25c1\COMCTL32.dll
0x00007ffa50ef0000 - 0x00007ffa50f16000 	C:\Windows\System32\GDI32.dll
0x00007ffa4ebe0000 - 0x00007ffa4ed76000 	C:\Windows\System32\gdi32full.dll
0x00007ffa50bb0000 - 0x00007ffa50ee5000 	C:\Windows\System32\combase.dll
0x00007ffa4ee30000 - 0x00007ffa4eece000 	C:\Windows\System32\msvcp_win.dll
0x00007ffa4eed0000 - 0x00007ffa4ef50000 	C:\Windows\System32\bcryptPrimitives.dll
0x00007ffa48070000 - 0x00007ffa4807a000 	C:\Windows\SYSTEM32\VERSION.dll
0x00007ffa50690000 - 0x00007ffa506be000 	C:\Windows\System32\IMM32.DLL
0x00007ffa482c0000 - 0x00007ffa482cc000 	C:\Program Files\Java\jdk-15.0.1\bin\vcruntime140_1.dll
0x00007ffa01af0000 - 0x00007ffa01b81000 	C:\Program Files\Java\jdk-15.0.1\bin\msvcp140.dll
0x00007ff9f5310000 - 0x00007ff9f5e6e000 	C:\Program Files\Java\jdk-15.0.1\bin\server\jvm.dll
0x00007ffa4f7f0000 - 0x00007ffa4f7f8000 	C:\Windows\System32\PSAPI.DLL
0x00007ffa420a0000 - 0x00007ffa420a9000 	C:\Windows\SYSTEM32\WSOCK32.dll
0x00007ffa4be20000 - 0x00007ffa4be44000 	C:\Windows\SYSTEM32\WINMM.dll
0x00007ffa4fed0000 - 0x00007ffa4ff3f000 	C:\Windows\System32\WS2_32.dll
0x00007ffa4bcf0000 - 0x00007ffa4bd1d000 	C:\Windows\SYSTEM32\winmmbase.dll
0x00007ffa4ed80000 - 0x00007ffa4edca000 	C:\Windows\System32\cfgmgr32.dll
0x00007ffa4e630000 - 0x00007ffa4e641000 	C:\Windows\System32\kernel.appcore.dll
0x00007ffa481f0000 - 0x00007ffa481fa000 	C:\Program Files\Java\jdk-15.0.1\bin\jimage.dll
0x00007ffa4cf20000 - 0x00007ffa4d114000 	C:\Windows\SYSTEM32\DBGHELP.DLL
0x00007ffa2dc00000 - 0x00007ffa2dc2a000 	C:\Windows\SYSTEM32\dbgcore.DLL
0x00007ffa3c820000 - 0x00007ffa3c845000 	C:\Program Files\Java\jdk-15.0.1\bin\java.dll
0x00007ffa50fa0000 - 0x00007ffa51687000 	C:\Windows\System32\SHELL32.dll
0x00007ffa500f0000 - 0x00007ffa50199000 	C:\Windows\System32\shcore.dll
0x00007ffa4f070000 - 0x00007ffa4f7f0000 	C:\Windows\System32\windows.storage.dll
0x00007ffa4e6a0000 - 0x00007ffa4e6c3000 	C:\Windows\System32\profapi.dll
0x00007ffa4e650000 - 0x00007ffa4e69a000 	C:\Windows\System32\powrprof.dll
0x00007ffa4e600000 - 0x00007ffa4e610000 	C:\Windows\System32\UMPDC.dll
0x00007ffa4f800000 - 0x00007ffa4f852000 	C:\Windows\System32\shlwapi.dll
0x00007ffa4f050000 - 0x00007ffa4f067000 	C:\Windows\System32\cryptsp.dll
0x00007ffa3ca50000 - 0x00007ffa3ca69000 	C:\Program Files\Java\jdk-15.0.1\bin\net.dll
0x00007ffa47630000 - 0x00007ffa47720000 	C:\Windows\SYSTEM32\WINHTTP.dll
0x00007ffa4de50000 - 0x00007ffa4deb7000 	C:\Windows\system32\mswsock.dll
0x00007ffa3a850000 - 0x00007ffa3a862000 	C:\Program Files\Java\jdk-15.0.1\bin\nio.dll
0x00007ffa21690000 - 0x00007ffa216a8000 	C:\Program Files\Java\jdk-15.0.1\bin\zip.dll
0x00007ff9fdf60000 - 0x00007ff9fe0e0000 	C:\Program Files\Java\jdk-15.0.1\bin\awt.dll
0x00007ffa50ae0000 - 0x00007ffa50ba5000 	C:\Windows\System32\OLEAUT32.dll
0x00007ffa4bfc0000 - 0x00007ffa4c04f000 	C:\Windows\SYSTEM32\apphelp.dll
0x00007ffa4c530000 - 0x00007ffa4c5c9000 	C:\Windows\system32\uxtheme.dll
0x00007ffa4f920000 - 0x00007ffa4fa55000 	C:\Windows\System32\MSCTF.dll
0x00007ffa1cba0000 - 0x00007ffa1cc9b000 	C:\ProgramData\A-Volute\A-Volute.SonicStudio3\Modules\ScheduledModules\x64\A-Volute.SonicStudio3DevProps2.dll
0x00007ffa502c0000 - 0x00007ffa50417000 	C:\Windows\System32\ole32.dll
0x00007ffa4cbc0000 - 0x00007ffa4cbed000 	C:\Windows\system32\DWMAPI.DLL
0x00007ffa38cd0000 - 0x00007ffa38e26000 	C:\Windows\system32\opengl32.dll
0x00007ffa3dce0000 - 0x00007ffa3dd0c000 	C:\Windows\SYSTEM32\GLU32.dll
0x00007ffa4d2c0000 - 0x00007ffa4d2e0000 	C:\Windows\SYSTEM32\dxcore.dll
0x00007ffa06f30000 - 0x00007ffa06fb5000 	C:\Program Files\Java\jdk-15.0.1\bin\freetype.dll
0x00007ff9fdeb0000 - 0x00007ff9fdf59000 	C:\Program Files\Java\jdk-15.0.1\bin\fontmanager.dll
0x00007ffa456e0000 - 0x00007ffa4577e000 	C:\Windows\System32\TextInputFramework.dll
0x00007ffa4bc10000 - 0x00007ffa4bce4000 	C:\Windows\System32\CoreMessaging.dll
0x00007ffa483f0000 - 0x00007ffa4871a000 	C:\Windows\System32\CoreUIComponents.dll
0x00007ffa4d640000 - 0x00007ffa4d671000 	C:\Windows\SYSTEM32\ntmarta.dll
0x00007ffa498f0000 - 0x00007ffa49a43000 	C:\Windows\SYSTEM32\wintypes.dll
0x00007ffa4ffe0000 - 0x00007ffa50082000 	C:\Windows\System32\clbcatq.dll
0x00007ffa47b90000 - 0x00007ffa47d3f000 	C:\Windows\SYSTEM32\WindowsCodecs.dll
0x00007ffa3a920000 - 0x00007ffa3a95a000 	C:\Windows\system32\dataexchange.dll
0x00007ffa4afd0000 - 0x00007ffa4b22b000 	C:\Windows\system32\d3d11.dll
0x00007ffa4b6c0000 - 0x00007ffa4b89d000 	C:\Windows\system32\dcomp.dll
0x00007ffa4d2e0000 - 0x00007ffa4d3cb000 	C:\Windows\system32\dxgi.dll
0x00007ffa4c5d0000 - 0x00007ffa4c832000 	C:\Windows\system32\twinapi.appcore.dll
0x00007ffa4cad0000 - 0x00007ffa4caf9000 	C:\Windows\system32\RMCLIENT.dll
0x00007ffa47d40000 - 0x00007ffa47d50000 	C:\Program Files\Java\jdk-15.0.1\bin\verify.dll
0x0000000180000000 - 0x0000000180025000 	C:\Program Files\Java\jdk-15.0.1\bin\rxtxSerial.dll
0x00007ffa43700000 - 0x00007ffa439a6000 	C:\Windows\System32\iertutil.dll

dbghelp: loaded successfully - version: 4.0.5 - missing functions: none
symbol engine: initialized successfully - sym options: 0x614 - pdb path: .;C:\Program Files\Java\jdk-15.0.1\bin;C:\Windows\SYSTEM32;C:\Windows\WinSxS\amd64_microsoft.windows.common-controls_6595b64144ccf1df_6.0.18362.1082_none_9e8193e1e45b25c1;C:\Program Files\Java\jdk-15.0.1\bin\server;C:\ProgramData\A-Volute\A-Volute.SonicStudio3\Modules\ScheduledModules\x64

VM Arguments:
jvm_args: -Dfile.encoding=Cp1252 -XX:+ShowCodeDetailsInExceptionMessages 
java_command: gui.MainWindow
java_class_path (initial): D:\elastic_robot_arm\source\gui\bin;D:\NCKH\software\eclipse\eclipse-java\plugins\org.eclipse.osgi_3.16.0.v20200828-0759.jar;D:\NCKH\software\eclipse\eclipse-java\plugins\org.eclipse.core.commands_3.9.700.v20191217-1850.jar;D:\NCKH\software\eclipse\eclipse-java\plugins\org.eclipse.equinox.common_3.13.0.v20200828-1034.jar;D:\NCKH\software\eclipse\eclipse-java\plugins\org.eclipse.equinox.registry_3.9.0.v20200625-1425.jar;D:\NCKH\software\eclipse\eclipse-java\plugins\org.eclipse.core.runtime_3.19.0.v20200724-1004.jar;D:\NCKH\software\eclipse\eclipse-java\plugins\org.eclipse.text_3.10.300.v20200807-0831.jar;D:\NCKH\software\eclipse\eclipse-java\plugins\org.eclipse.swt.win32.win32.x86_64_3.115.0.v20200831-1002.jar;D:\NCKH\software\eclipse\eclipse-java\plugins\org.eclipse.jface_3.21.0.v20200821-1458.jar;D:\NCKH\software\eclipse\eclipse-java\plugins\org.eclipse.jface.text_3.16.400.v20200807-0831.jar;D:\NCKH\software\eclipse\eclipse-java\plugins\org.eclipse.ui.workbench_3.120.0.v20200829-1411.jar;D:\NCKH\software\eclipse\eclipse-java\plugins\com.ibm.icu_67.1.0.v20200706-1749.jar;D:\NCKH\software\eclipse\eclipse-java\plugins\org.eclipse.ui.forms_3.10.0.v20200727-0948.jar;D:\elastic_robot_arm\source\gui\src\rxtx-2.1-7-bins-r2\RXTXcomm.jar;D:\elastic_robot_arm\source\gui\src\xchart-3.6.6\xchart-3.6.6.jar;D:\elastic_robot_arm\source\gui\src\xchart-3.6.6\xchart-demo-3.6.6.jar;D:\elastic_robot_arm\source\gui\miglayout15-swing.jar
Launcher Type: SUN_STANDARD

[Global flags]
     intx CICompilerCount                          = 4                                         {product} {ergonomic}
     uint ConcGCThreads                            = 3                                         {product} {ergonomic}
     uint G1ConcRefinementThreads                  = 10                                        {product} {ergonomic}
   size_t G1HeapRegionSize                         = 2097152                                   {product} {ergonomic}
    uintx GCDrainStackTargetSize                   = 64                                        {product} {ergonomic}
   size_t InitialHeapSize                          = 266338304                                 {product} {ergonomic}
   size_t MarkStackSize                            = 4194304                                   {product} {ergonomic}
   size_t MaxHeapSize                              = 4257218560                                {product} {ergonomic}
   size_t MaxNewSize                               = 2554331136                                {product} {ergonomic}
   size_t MinHeapDeltaBytes                        = 2097152                                   {product} {ergonomic}
   size_t MinHeapSize                              = 8388608                                   {product} {ergonomic}
    uintx NonNMethodCodeHeapSize                   = 5839372                                {pd product} {ergonomic}
    uintx NonProfiledCodeHeapSize                  = 122909434                              {pd product} {ergonomic}
    uintx ProfiledCodeHeapSize                     = 122909434                              {pd product} {ergonomic}
    uintx ReservedCodeCacheSize                    = 251658240                              {pd product} {ergonomic}
     bool SegmentedCodeCache                       = true                                      {product} {ergonomic}
     bool ShowCodeDetailsInExceptionMessages       = true                                   {manageable} {command line}
   size_t SoftMaxHeapSize                          = 4257218560                             {manageable} {ergonomic}
     bool UseCompressedClassPointers               = true                                 {lp64_product} {ergonomic}
     bool UseCompressedOops                        = true                                 {lp64_product} {ergonomic}
     bool UseG1GC                                  = true                                      {product} {ergonomic}
     bool UseLargePagesIndividualAllocation        = false                                  {pd product} {ergonomic}

Logging:
Log output configuration:
 #0: stdout all=warning uptime,level,tags
 #1: stderr all=off uptime,level,tags

Environment Variables:
PATH=C:\Program Files\Common Files\Oracle\Java\javapath;C:\Windows\system32;C:\Windows;C:\Windows\System32\Wbem;C:\Windows\System32\WindowsPowerShell\v1.0\;C:\Windows\System32\OpenSSH\;C:\Program Files (x86)\NVIDIA Corporation\PhysX\Common;C:\Program Files\NVIDIA Corporation\NVIDIA NvDLISR;C:\Program Files\MATLAB\R2018b\runtime\win64;C:\Program Files\MATLAB\R2018b\bin;C:\Program Files\Microsoft SQL Server\Client SDK\ODBC\110\Tools\Binn\;C:\Program Files (x86)\Microsoft SQL Server\120\Tools\Binn\;C:\Program Files\Microsoft SQL Server\120\Tools\Binn\;C:\Program Files\Microsoft SQL Server\120\DTS\Binn\;C:\Program Files (x86)\Windows Kits\8.1\Windows Performance Toolkit\;C:\Program Files\Git\cmd;C:\Users\Admin\AppData\Local\Microsoft\WindowsApps;;C:\Program Files\JetBrains\CLion 2020.2.1\bin;
USERNAME=tuan
OS=Windows_NT
PROCESSOR_IDENTIFIER=Intel64 Family 6 Model 158 Stepping 10, GenuineIntel



---------------  S Y S T E M  ---------------

OS:
 Windows 10 , 64 bit Build 18362 (10.0.18362.1082)
OS uptime: 33 days 15:25 hours

CPU: total 12 (initial active 12) (6 cores per cpu, 2 threads per core) family 6 model 158 stepping 10 microcode 0xb4, cmov, cx8, fxsr, mmx, sse, sse2, sse3, ssse3, sse4.1, sse4.2, popcnt, vzeroupper, avx, avx2, aes, clmul, erms, 3dnowpref, lzcnt, ht, tsc, tscinvbit, bmi1, bmi2, adx, fma, clflush, clflushopt

Memory: 4k page, system-wide physical 16233M (9025M free)
TotalPageFile size 18665M (AvailPageFile size 8479M)
current process WorkingSet (physical memory assigned to process): 84M, peak: 84M
current process commit charge ("private bytes"): 372M, peak: 372M

vm_info: Java HotSpot(TM) 64-Bit Server VM (15.0.1+9-18) for windows-amd64 JRE (15.0.1+9-18), built on Sep 15 2020 14:43:54 by "mach5one" with unknown MS VC++:1925

END.
