#
# A fatal error has been detected by the Java Runtime Environment:
#
#  EXCEPTION_ACCESS_VIOLATION (0xc0000005) at pc=0x0000000180005b00, pid=21132, tid=5196
#
# JRE version: Java(TM) SE Runtime Environment (15.0.1+9) (build 15.0.1+9-18)
# Java VM: Java HotSpot(TM) 64-Bit Server VM (15.0.1+9-18, mixed mode, sharing, tiered, compressed oops, g1 gc, windows-amd64)
# Problematic frame:
# C  [rxtxSerial.dll+0x5b00]
#
# No core dump will be written. Minidumps are not enabled by default on client versions of Windows
#
# If you would like to submit a bug report, please visit:
#   https://bugreport.java.com/bugreport/crash.jsp
# The crash happened outside the Java Virtual Machine in native code.
# See problematic frame for where to report the bug.
#

---------------  S U M M A R Y ------------

Command Line: -Dfile.encoding=Cp1252 -XX:+ShowCodeDetailsInExceptionMessages gui.MainWindow

Host: Intel(R) Core(TM) i7-9750H CPU @ 2.60GHz, 12 cores, 15G,  Windows 10 , 64 bit Build 18362 (10.0.18362.1082)
Time: Mon Nov 23 22:36:49 2020 SE Asia Standard Time elapsed time: 8.002141 seconds (0d 0h 0m 8s)

---------------  T H R E A D  ---------------

Current thread (0x000001f70a20b9a0):  JavaThread "Thread-1" [_thread_in_native, id=5196, stack(0x000000f2e1400000,0x000000f2e1500000)]

Stack: [0x000000f2e1400000,0x000000f2e1500000],  sp=0x000000f2e14fe170,  free space=1016k
Native frames: (J=compiled Java code, j=interpreted, Vv=VM code, C=native code)
C  [rxtxSerial.dll+0x5b00]

Java frames: (J=compiled Java code, j=interpreted, Vv=VM code)
j  gnu.io.RXTXPort.readArray([BII)I+0
j  gnu.io.RXTXPort$SerialInputStream.read([BII)I+212
j  sun.nio.cs.StreamDecoder.readBytes()I+135 java.base@15.0.1
j  sun.nio.cs.StreamDecoder.implRead([CII)I+112 java.base@15.0.1
j  sun.nio.cs.StreamDecoder.read([CII)I+180 java.base@15.0.1
j  java.io.InputStreamReader.read([CII)I+7 java.base@15.0.1
j  java.io.BufferedReader.fill()V+145 java.base@15.0.1
j  java.io.BufferedReader.readLine(Z)Ljava/lang/String;+44 java.base@15.0.1
j  java.io.BufferedReader.readLine()Ljava/lang/String;+2 java.base@15.0.1
j  gui.ComPort.serialEvent(Lgnu/io/SerialPortEvent;)V+12
j  gnu.io.RXTXPort.sendEvent(IZ)Z+382
v  ~StubRoutines::call_stub
j  gnu.io.RXTXPort.eventLoop()V+0
j  gnu.io.RXTXPort$MonitorThread.run()V+12
v  ~StubRoutines::call_stub

siginfo: EXCEPTION_ACCESS_VIOLATION (0xc0000005), reading address 0xffffffffe14fef68


Register to memory mapping:

RIP=0x0000000180005b00 rxtxSerial.dll
RAX=0x0000000000000001 is an unknown value
RBX=0x0 is NULL
RCX=0x000000018001d4d5 rxtxSerial.dll
RDX=0xfffffffffffff665 is an unknown value
RSP=0x000000f2e14fe170 is pointing into the stack for thread: 0x000001f70a20b9a0
RBP=0x00000000ffffffff is an unknown value
RSI=0x0 is NULL
RDI=0x000001f70a20bcc8 points into unknown readable memory: 0x00007ff9fa27de40 | 40 de 27 fa f9 7f 00 00
R8 =0x0000000000000002 is an unknown value
R9 =0xfffffffffffff63c is an unknown value
R10=0x00007ff9fa31c720 jvm.dll
R11=0x8101010101010100 is an unknown value
R12=0xffffffffe14fef60 is an unknown value
R13=0x0000000000000405 is an unknown value
R14=0x000000f2e14fe360 is pointing into the stack for thread: 0x000001f70a20b9a0
R15=0x0 is NULL


Registers:
RAX=0x0000000000000001, RBX=0x0000000000000000, RCX=0x000000018001d4d5, RDX=0xfffffffffffff665
RSP=0x000000f2e14fe170, RBP=0x00000000ffffffff, RSI=0x0000000000000000, RDI=0x000001f70a20bcc8
R8 =0x0000000000000002, R9 =0xfffffffffffff63c, R10=0x00007ff9fa31c720, R11=0x8101010101010100
R12=0xffffffffe14fef60, R13=0x0000000000000405, R14=0x000000f2e14fe360, R15=0x0000000000000000
RIP=0x0000000180005b00, EFLAGS=0x0000000000010202

Top of Stack: (sp=0x000000f2e14fe170)
0x000000f2e14fe170:   0000000000000000 0000000000000000
0x000000f2e14fe180:   0000000000000000 000001f70a20b9a0
0x000000f2e14fe190:   0000000000000000 000000f2e14fe360
0x000000f2e14fe1a0:   000001f70b7b3a60 0000000000000001
0x000000f2e14fe1b0:   000001f70a20bcc8 0000000000000405
0x000000f2e14fe1c0:   ffffffffffffffff 0000000180006211
0x000000f2e14fe1d0:   000001f70be309d0 000001f70a20bcc8
0x000000f2e14fe1e0:   0000000000000001 000001f70be309d0
0x000000f2e14fe1f0:   000001f700000405 00007ff9ffffffff
0x000000f2e14fe200:   000000f2e14fe368 000001f76d799bc0
0x000000f2e14fe210:   000001f70b7b3a60 000001f70b7b3a60
0x000000f2e14fe220:   000000f2e14fe330 00007ff9f9bcc8a7
0x000000f2e14fe230:   00000000000155b4 000001f70a20b9a0
0x000000f2e14fe240:   000001f70a20b9a0 0000d94445192d41
0x000000f2e14fe250:   000001f70b7b3a68 000001f70b7b3a60
0x000000f2e14fe260:   000001f70a20b9a0 000000f2e14fe368 

Instructions: (pc=0x0000000180005b00)
0x0000000180005a00:   5d c3 cc cc cc cc cc cc cc cc cc cc cc cc cc cc
0x0000000180005a10:   48 89 5c 24 08 4c 89 4c 24 20 44 89 44 24 18 55
0x0000000180005a20:   56 57 41 54 41 55 41 56 41 57 48 83 ec 20 48 8b
0x0000000180005a30:   2a 48 8b 01 33 db 48 8b d5 48 8b f9 44 8b fb 8b
0x0000000180005a40:   f3 ff 90 f8 00 00 00 4c 8d 0d 9e 70 01 00 4c 8b
0x0000000180005a50:   e0 48 8b 07 4c 8d 05 b5 70 01 00 49 8b d4 48 8b
0x0000000180005a60:   cf ff 90 f0 02 00 00 48 8b cf 4c 8b c0 48 85 c0
0x0000000180005a70:   48 8b 07 75 28 ff 90 80 00 00 00 4c 8b 1f 48 8b
0x0000000180005a80:   cf 41 ff 93 88 00 00 00 4c 8b 1f 49 8b d4 48 8b
0x0000000180005a90:   cf 41 ff 93 b8 00 00 00 4c 8b e3 eb 54 48 8b d5
0x0000000180005aa0:   ff 90 20 03 00 00 49 8b d4 48 8b cf 48 63 e8 48
0x0000000180005ab0:   8b 07 ff 90 b8 00 00 00 48 8d 15 51 70 01 00 48
0x0000000180005ac0:   8d 0d 0e 7a 01 00 41 b8 02 00 00 00 e8 6f 62 00
0x0000000180005ad0:   00 85 c0 75 19 85 ed 75 15 e8 c2 5e 00 00 48 8d
0x0000000180005ae0:   15 23 7a 01 00 48 8d 48 60 e8 3a 5d 00 00 4c 8b
0x0000000180005af0:   e5 8b ac 24 88 00 00 00 44 8b ac 24 80 00 00 00
0x0000000180005b00:   45 8b 74 24 08 41 89 5c 24 08 41 8b fd 85 ed 78
0x0000000180005b10:   09 ff 15 e9 14 01 00 44 8b f8 45 85 ed 7e 4a 90
0x0000000180005b20:   8b c6 ff c6 83 f8 14 7d 40 85 ed 78 0d ff 15 cd
0x0000000180005b30:   14 01 00 41 2b c7 3b c5 7d 2f 8b 4c 24 70 48 63
0x0000000180005b40:   d3 44 8b c7 48 03 54 24 78 e8 a2 31 00 00 85 c0
0x0000000180005b50:   78 33 74 06 03 d8 2b f8 eb 0a b9 e8 03 00 00 e8
0x0000000180005b60:   1c 1c 00 00 41 3b dd 7c b7 8b c3 45 89 74 24 08
0x0000000180005b70:   48 8b 5c 24 60 48 83 c4 20 41 5f 41 5e 41 5d 41
0x0000000180005b80:   5c 5f 5e 5d c3 e8 1e 61 00 00 83 38 04 74 05 e8
0x0000000180005b90:   14 61 00 00 83 c8 ff eb d2 cc cc cc cc cc cc cc
0x0000000180005ba0:   40 53 55 56 57 41 54 41 55 48 81 ec b8 00 00 00
0x0000000180005bb0:   48 8b 05 71 85 01 00 48 33 c4 48 89 84 24 a0 00
0x0000000180005bc0:   00 00 48 8b 01 45 8b e9 41 8b f8 48 8b f2 48 8b
0x0000000180005bd0:   d9 ff 90 f8 00 00 00 4c 8b 13 4c 8d 0d 33 6f 01
0x0000000180005be0:   00 4c 8d 05 7c 6f 01 00 48 8b d0 48 8b cb 4c 8b
0x0000000180005bf0:   e0 41 ff 92 f0 02 00 00 33 ed 48 8b cb 4c 8b c0 


Stack slot to memory mapping:
stack at sp + 0 slots: 0x0 is NULL
stack at sp + 1 slots: 0x0 is NULL
stack at sp + 2 slots: 0x0 is NULL
stack at sp + 3 slots: 0x000001f70a20b9a0 is a thread
stack at sp + 4 slots: 0x0 is NULL
stack at sp + 5 slots: 0x000000f2e14fe360 is pointing into the stack for thread: 0x000001f70a20b9a0
stack at sp + 6 slots: 0x000001f70b7b3a60 is pointing into metadata
stack at sp + 7 slots: 0x0000000000000001 is an unknown value


---------------  P R O C E S S  ---------------

Threads class SMR info:
_java_thread_list=0x000001f70be2ee60, length=18, elements={
0x000001f77f15e280, 0x000001f77f96afb0, 0x000001f77f9846a0, 0x000001f77f984f60,
0x000001f77f985a10, 0x000001f77f99a780, 0x000001f77f99b320, 0x000001f77f99eb50,
0x000001f77fac39b0, 0x000001f77facf210, 0x000001f709f07fd0, 0x000001f709f57850,
0x000001f709f5b390, 0x000001f709f76d50, 0x000001f7655616c0, 0x000001f70a121a30,
0x000001f70a20b000, 0x000001f70a20b9a0
}

Java Threads: ( => current thread )
  0x000001f77f15e280 JavaThread "Reference Handler" daemon [_thread_blocked, id=14824, stack(0x000000f2e0800000,0x000000f2e0900000)]
  0x000001f77f96afb0 JavaThread "Finalizer" daemon [_thread_blocked, id=12936, stack(0x000000f2e0900000,0x000000f2e0a00000)]
  0x000001f77f9846a0 JavaThread "Signal Dispatcher" daemon [_thread_blocked, id=21960, stack(0x000000f2e0a00000,0x000000f2e0b00000)]
  0x000001f77f984f60 JavaThread "Attach Listener" daemon [_thread_blocked, id=17772, stack(0x000000f2e0b00000,0x000000f2e0c00000)]
  0x000001f77f985a10 JavaThread "Service Thread" daemon [_thread_blocked, id=14856, stack(0x000000f2e0c00000,0x000000f2e0d00000)]
  0x000001f77f99a780 JavaThread "C2 CompilerThread0" daemon [_thread_blocked, id=9864, stack(0x000000f2e0d00000,0x000000f2e0e00000)]
  0x000001f77f99b320 JavaThread "C1 CompilerThread0" daemon [_thread_blocked, id=7924, stack(0x000000f2e0e00000,0x000000f2e0f00000)]
  0x000001f77f99eb50 JavaThread "Sweeper thread" daemon [_thread_blocked, id=14620, stack(0x000000f2e0f00000,0x000000f2e1000000)]
  0x000001f77fac39b0 JavaThread "Notification Thread" daemon [_thread_blocked, id=8764, stack(0x000000f2e1000000,0x000000f2e1100000)]
  0x000001f77facf210 JavaThread "Common-Cleaner" daemon [_thread_blocked, id=8360, stack(0x000000f2e1200000,0x000000f2e1300000)]
  0x000001f709f07fd0 JavaThread "Java2D Disposer" daemon [_thread_blocked, id=9440, stack(0x000000f2e1500000,0x000000f2e1600000)]
  0x000001f709f57850 JavaThread "AWT-Shutdown" [_thread_blocked, id=9524, stack(0x000000f2e1600000,0x000000f2e1700000)]
  0x000001f709f5b390 JavaThread "AWT-Windows" daemon [_thread_in_native, id=13740, stack(0x000000f2e1700000,0x000000f2e1800000)]
  0x000001f709f76d50 JavaThread "AWT-EventQueue-0" [_thread_blocked, id=6180, stack(0x000000f2e1800000,0x000000f2e1900000)]
  0x000001f7655616c0 JavaThread "DestroyJavaVM" [_thread_blocked, id=10236, stack(0x000000f2e0100000,0x000000f2e0200000)]
  0x000001f70a121a30 JavaThread "Timer-0" [_thread_blocked, id=7088, stack(0x000000f2e1c00000,0x000000f2e1d00000)]
  0x000001f70a20b000 JavaThread "TimerQueue" daemon [_thread_blocked, id=8276, stack(0x000000f2e1300000,0x000000f2e1400000)]
=>0x000001f70a20b9a0 JavaThread "Thread-1" [_thread_in_native, id=5196, stack(0x000000f2e1400000,0x000000f2e1500000)]

Other Threads:
  0x000001f77f15ca00 VMThread "VM Thread" [stack: 0x000000f2e0700000,0x000000f2e0800000] [id=20788]
  0x000001f77facef00 WatcherThread [stack: 0x000000f2e1100000,0x000000f2e1200000] [id=21732]
  0x000001f7655b37c0 GCTaskThread "GC Thread#0" [stack: 0x000000f2e0200000,0x000000f2e0300000] [id=15988]
  0x000001f7655c4ff0 ConcurrentGCThread "G1 Main Marker" [stack: 0x000000f2e0300000,0x000000f2e0400000] [id=17332]
  0x000001f7655c5c60 ConcurrentGCThread "G1 Conc#0" [stack: 0x000000f2e0400000,0x000000f2e0500000] [id=10044]
  0x000001f765629c30 ConcurrentGCThread "G1 Refine#0" [stack: 0x000000f2e0500000,0x000000f2e0600000] [id=4468]
  0x000001f77efe4ac0 ConcurrentGCThread "G1 Young RemSet Sampling" [stack: 0x000000f2e0600000,0x000000f2e0700000] [id=13804]

Threads with active compile tasks:

VM state: not at safepoint (normal execution)

VM Mutex/Monitor currently owned by a thread: None

Heap address: 0x0000000702400000, size: 4060 MB, Compressed Oops mode: Zero based, Oop shift amount: 3
CDS archive(s) mapped at: [0x0000000800000000-0x0000000800b50000-0x0000000800b50000), size 11862016, SharedBaseAddress: 0x0000000800000000, ArchiveRelocationMode: 0.
Compressed class space mapped at: 0x0000000800b50000-0x0000000840b50000, size: 1073741824
Narrow klass base: 0x0000000800000000, Narrow klass shift: 3, Narrow klass range: 0x100000000

GC Precious Log:
 CPUs: 12 total, 12 available
 Memory: 16233M
 Large Page Support: Disabled
 NUMA Support: Disabled
 Compressed Oops: Enabled (Zero based)
 Heap Region Size: 2M
 Heap Min Capacity: 8M
 Heap Initial Capacity: 254M
 Heap Max Capacity: 4060M
 Pre-touch: Disabled
 Parallel Workers: 10
 Concurrent Workers: 3
 Concurrent Refinement Workers: 10
 Periodic GC: Disabled

Heap:
 garbage-first heap   total 260096K, used 22528K [0x0000000702400000, 0x0000000800000000)
  region size 2048K, 10 young (20480K), 0 survivors (0K)
 Metaspace       used 12393K, capacity 12579K, committed 12800K, reserved 1060864K
  class space    used 1408K, capacity 1456K, committed 1536K, reserved 1048576K

Heap Regions: E=young(eden), S=young(survivor), O=old, HS=humongous(starts), HC=humongous(continues), CS=collection set, F=free, OA=open archive, CA=closed archive, TAMS=top-at-mark-start (previous, next)
|   0|0x0000000702400000, 0x0000000702600000, 0x0000000702600000|100%|HS|  |TAMS 0x0000000702400000, 0x0000000702400000| Complete 
|   1|0x0000000702600000, 0x0000000702800000, 0x0000000702800000|100%|HC|  |TAMS 0x0000000702600000, 0x0000000702600000| Complete 
|   2|0x0000000702800000, 0x0000000702800000, 0x0000000702a00000|  0%| F|  |TAMS 0x0000000702800000, 0x0000000702800000| Untracked 
|   3|0x0000000702a00000, 0x0000000702a00000, 0x0000000702c00000|  0%| F|  |TAMS 0x0000000702a00000, 0x0000000702a00000| Untracked 
|   4|0x0000000702c00000, 0x0000000702c00000, 0x0000000702e00000|  0%| F|  |TAMS 0x0000000702c00000, 0x0000000702c00000| Untracked 
|   5|0x0000000702e00000, 0x0000000702e00000, 0x0000000703000000|  0%| F|  |TAMS 0x0000000702e00000, 0x0000000702e00000| Untracked 
|   6|0x0000000703000000, 0x0000000703000000, 0x0000000703200000|  0%| F|  |TAMS 0x0000000703000000, 0x0000000703000000| Untracked 
|   7|0x0000000703200000, 0x0000000703200000, 0x0000000703400000|  0%| F|  |TAMS 0x0000000703200000, 0x0000000703200000| Untracked 
|   8|0x0000000703400000, 0x0000000703400000, 0x0000000703600000|  0%| F|  |TAMS 0x0000000703400000, 0x0000000703400000| Untracked 
|   9|0x0000000703600000, 0x0000000703600000, 0x0000000703800000|  0%| F|  |TAMS 0x0000000703600000, 0x0000000703600000| Untracked 
|  10|0x0000000703800000, 0x0000000703800000, 0x0000000703a00000|  0%| F|  |TAMS 0x0000000703800000, 0x0000000703800000| Untracked 
|  11|0x0000000703a00000, 0x0000000703a00000, 0x0000000703c00000|  0%| F|  |TAMS 0x0000000703a00000, 0x0000000703a00000| Untracked 
|  12|0x0000000703c00000, 0x0000000703c00000, 0x0000000703e00000|  0%| F|  |TAMS 0x0000000703c00000, 0x0000000703c00000| Untracked 
|  13|0x0000000703e00000, 0x0000000703e00000, 0x0000000704000000|  0%| F|  |TAMS 0x0000000703e00000, 0x0000000703e00000| Untracked 
|  14|0x0000000704000000, 0x0000000704000000, 0x0000000704200000|  0%| F|  |TAMS 0x0000000704000000, 0x0000000704000000| Untracked 
|  15|0x0000000704200000, 0x0000000704200000, 0x0000000704400000|  0%| F|  |TAMS 0x0000000704200000, 0x0000000704200000| Untracked 
|  16|0x0000000704400000, 0x0000000704400000, 0x0000000704600000|  0%| F|  |TAMS 0x0000000704400000, 0x0000000704400000| Untracked 
|  17|0x0000000704600000, 0x0000000704600000, 0x0000000704800000|  0%| F|  |TAMS 0x0000000704600000, 0x0000000704600000| Untracked 
|  18|0x0000000704800000, 0x0000000704800000, 0x0000000704a00000|  0%| F|  |TAMS 0x0000000704800000, 0x0000000704800000| Untracked 
|  19|0x0000000704a00000, 0x0000000704a00000, 0x0000000704c00000|  0%| F|  |TAMS 0x0000000704a00000, 0x0000000704a00000| Untracked 
|  20|0x0000000704c00000, 0x0000000704c00000, 0x0000000704e00000|  0%| F|  |TAMS 0x0000000704c00000, 0x0000000704c00000| Untracked 
|  21|0x0000000704e00000, 0x0000000704e00000, 0x0000000705000000|  0%| F|  |TAMS 0x0000000704e00000, 0x0000000704e00000| Untracked 
|  22|0x0000000705000000, 0x0000000705000000, 0x0000000705200000|  0%| F|  |TAMS 0x0000000705000000, 0x0000000705000000| Untracked 
|  23|0x0000000705200000, 0x0000000705200000, 0x0000000705400000|  0%| F|  |TAMS 0x0000000705200000, 0x0000000705200000| Untracked 
|  24|0x0000000705400000, 0x0000000705400000, 0x0000000705600000|  0%| F|  |TAMS 0x0000000705400000, 0x0000000705400000| Untracked 
|  25|0x0000000705600000, 0x0000000705600000, 0x0000000705800000|  0%| F|  |TAMS 0x0000000705600000, 0x0000000705600000| Untracked 
|  26|0x0000000705800000, 0x0000000705800000, 0x0000000705a00000|  0%| F|  |TAMS 0x0000000705800000, 0x0000000705800000| Untracked 
|  27|0x0000000705a00000, 0x0000000705a00000, 0x0000000705c00000|  0%| F|  |TAMS 0x0000000705a00000, 0x0000000705a00000| Untracked 
|  28|0x0000000705c00000, 0x0000000705c00000, 0x0000000705e00000|  0%| F|  |TAMS 0x0000000705c00000, 0x0000000705c00000| Untracked 
|  29|0x0000000705e00000, 0x0000000705e00000, 0x0000000706000000|  0%| F|  |TAMS 0x0000000705e00000, 0x0000000705e00000| Untracked 
|  30|0x0000000706000000, 0x0000000706000000, 0x0000000706200000|  0%| F|  |TAMS 0x0000000706000000, 0x0000000706000000| Untracked 
|  31|0x0000000706200000, 0x0000000706200000, 0x0000000706400000|  0%| F|  |TAMS 0x0000000706200000, 0x0000000706200000| Untracked 
|  32|0x0000000706400000, 0x0000000706400000, 0x0000000706600000|  0%| F|  |TAMS 0x0000000706400000, 0x0000000706400000| Untracked 
|  33|0x0000000706600000, 0x0000000706600000, 0x0000000706800000|  0%| F|  |TAMS 0x0000000706600000, 0x0000000706600000| Untracked 
|  34|0x0000000706800000, 0x0000000706800000, 0x0000000706a00000|  0%| F|  |TAMS 0x0000000706800000, 0x0000000706800000| Untracked 
|  35|0x0000000706a00000, 0x0000000706a00000, 0x0000000706c00000|  0%| F|  |TAMS 0x0000000706a00000, 0x0000000706a00000| Untracked 
|  36|0x0000000706c00000, 0x0000000706c00000, 0x0000000706e00000|  0%| F|  |TAMS 0x0000000706c00000, 0x0000000706c00000| Untracked 
|  37|0x0000000706e00000, 0x0000000706e00000, 0x0000000707000000|  0%| F|  |TAMS 0x0000000706e00000, 0x0000000706e00000| Untracked 
|  38|0x0000000707000000, 0x0000000707000000, 0x0000000707200000|  0%| F|  |TAMS 0x0000000707000000, 0x0000000707000000| Untracked 
|  39|0x0000000707200000, 0x0000000707200000, 0x0000000707400000|  0%| F|  |TAMS 0x0000000707200000, 0x0000000707200000| Untracked 
|  40|0x0000000707400000, 0x0000000707400000, 0x0000000707600000|  0%| F|  |TAMS 0x0000000707400000, 0x0000000707400000| Untracked 
|  41|0x0000000707600000, 0x0000000707600000, 0x0000000707800000|  0%| F|  |TAMS 0x0000000707600000, 0x0000000707600000| Untracked 
|  42|0x0000000707800000, 0x0000000707800000, 0x0000000707a00000|  0%| F|  |TAMS 0x0000000707800000, 0x0000000707800000| Untracked 
|  43|0x0000000707a00000, 0x0000000707a00000, 0x0000000707c00000|  0%| F|  |TAMS 0x0000000707a00000, 0x0000000707a00000| Untracked 
|  44|0x0000000707c00000, 0x0000000707c00000, 0x0000000707e00000|  0%| F|  |TAMS 0x0000000707c00000, 0x0000000707c00000| Untracked 
|  45|0x0000000707e00000, 0x0000000707e00000, 0x0000000708000000|  0%| F|  |TAMS 0x0000000707e00000, 0x0000000707e00000| Untracked 
|  46|0x0000000708000000, 0x0000000708000000, 0x0000000708200000|  0%| F|  |TAMS 0x0000000708000000, 0x0000000708000000| Untracked 
|  47|0x0000000708200000, 0x0000000708200000, 0x0000000708400000|  0%| F|  |TAMS 0x0000000708200000, 0x0000000708200000| Untracked 
|  48|0x0000000708400000, 0x0000000708400000, 0x0000000708600000|  0%| F|  |TAMS 0x0000000708400000, 0x0000000708400000| Untracked 
|  49|0x0000000708600000, 0x0000000708600000, 0x0000000708800000|  0%| F|  |TAMS 0x0000000708600000, 0x0000000708600000| Untracked 
|  50|0x0000000708800000, 0x0000000708800000, 0x0000000708a00000|  0%| F|  |TAMS 0x0000000708800000, 0x0000000708800000| Untracked 
|  51|0x0000000708a00000, 0x0000000708a00000, 0x0000000708c00000|  0%| F|  |TAMS 0x0000000708a00000, 0x0000000708a00000| Untracked 
|  52|0x0000000708c00000, 0x0000000708c00000, 0x0000000708e00000|  0%| F|  |TAMS 0x0000000708c00000, 0x0000000708c00000| Untracked 
|  53|0x0000000708e00000, 0x0000000708e00000, 0x0000000709000000|  0%| F|  |TAMS 0x0000000708e00000, 0x0000000708e00000| Untracked 
|  54|0x0000000709000000, 0x0000000709000000, 0x0000000709200000|  0%| F|  |TAMS 0x0000000709000000, 0x0000000709000000| Untracked 
|  55|0x0000000709200000, 0x0000000709200000, 0x0000000709400000|  0%| F|  |TAMS 0x0000000709200000, 0x0000000709200000| Untracked 
|  56|0x0000000709400000, 0x0000000709400000, 0x0000000709600000|  0%| F|  |TAMS 0x0000000709400000, 0x0000000709400000| Untracked 
|  57|0x0000000709600000, 0x0000000709600000, 0x0000000709800000|  0%| F|  |TAMS 0x0000000709600000, 0x0000000709600000| Untracked 
|  58|0x0000000709800000, 0x0000000709800000, 0x0000000709a00000|  0%| F|  |TAMS 0x0000000709800000, 0x0000000709800000| Untracked 
|  59|0x0000000709a00000, 0x0000000709a00000, 0x0000000709c00000|  0%| F|  |TAMS 0x0000000709a00000, 0x0000000709a00000| Untracked 
|  60|0x0000000709c00000, 0x0000000709c00000, 0x0000000709e00000|  0%| F|  |TAMS 0x0000000709c00000, 0x0000000709c00000| Untracked 
|  61|0x0000000709e00000, 0x0000000709e00000, 0x000000070a000000|  0%| F|  |TAMS 0x0000000709e00000, 0x0000000709e00000| Untracked 
|  62|0x000000070a000000, 0x000000070a000000, 0x000000070a200000|  0%| F|  |TAMS 0x000000070a000000, 0x000000070a000000| Untracked 
|  63|0x000000070a200000, 0x000000070a200000, 0x000000070a400000|  0%| F|  |TAMS 0x000000070a200000, 0x000000070a200000| Untracked 
|  64|0x000000070a400000, 0x000000070a400000, 0x000000070a600000|  0%| F|  |TAMS 0x000000070a400000, 0x000000070a400000| Untracked 
|  65|0x000000070a600000, 0x000000070a600000, 0x000000070a800000|  0%| F|  |TAMS 0x000000070a600000, 0x000000070a600000| Untracked 
|  66|0x000000070a800000, 0x000000070a800000, 0x000000070aa00000|  0%| F|  |TAMS 0x000000070a800000, 0x000000070a800000| Untracked 
|  67|0x000000070aa00000, 0x000000070aa00000, 0x000000070ac00000|  0%| F|  |TAMS 0x000000070aa00000, 0x000000070aa00000| Untracked 
|  68|0x000000070ac00000, 0x000000070ac00000, 0x000000070ae00000|  0%| F|  |TAMS 0x000000070ac00000, 0x000000070ac00000| Untracked 
|  69|0x000000070ae00000, 0x000000070ae00000, 0x000000070b000000|  0%| F|  |TAMS 0x000000070ae00000, 0x000000070ae00000| Untracked 
|  70|0x000000070b000000, 0x000000070b000000, 0x000000070b200000|  0%| F|  |TAMS 0x000000070b000000, 0x000000070b000000| Untracked 
|  71|0x000000070b200000, 0x000000070b200000, 0x000000070b400000|  0%| F|  |TAMS 0x000000070b200000, 0x000000070b200000| Untracked 
|  72|0x000000070b400000, 0x000000070b400000, 0x000000070b600000|  0%| F|  |TAMS 0x000000070b400000, 0x000000070b400000| Untracked 
|  73|0x000000070b600000, 0x000000070b600000, 0x000000070b800000|  0%| F|  |TAMS 0x000000070b600000, 0x000000070b600000| Untracked 
|  74|0x000000070b800000, 0x000000070b800000, 0x000000070ba00000|  0%| F|  |TAMS 0x000000070b800000, 0x000000070b800000| Untracked 
|  75|0x000000070ba00000, 0x000000070ba00000, 0x000000070bc00000|  0%| F|  |TAMS 0x000000070ba00000, 0x000000070ba00000| Untracked 
|  76|0x000000070bc00000, 0x000000070bc00000, 0x000000070be00000|  0%| F|  |TAMS 0x000000070bc00000, 0x000000070bc00000| Untracked 
|  77|0x000000070be00000, 0x000000070be00000, 0x000000070c000000|  0%| F|  |TAMS 0x000000070be00000, 0x000000070be00000| Untracked 
|  78|0x000000070c000000, 0x000000070c000000, 0x000000070c200000|  0%| F|  |TAMS 0x000000070c000000, 0x000000070c000000| Untracked 
|  79|0x000000070c200000, 0x000000070c200000, 0x000000070c400000|  0%| F|  |TAMS 0x000000070c200000, 0x000000070c200000| Untracked 
|  80|0x000000070c400000, 0x000000070c400000, 0x000000070c600000|  0%| F|  |TAMS 0x000000070c400000, 0x000000070c400000| Untracked 
|  81|0x000000070c600000, 0x000000070c600000, 0x000000070c800000|  0%| F|  |TAMS 0x000000070c600000, 0x000000070c600000| Untracked 
|  82|0x000000070c800000, 0x000000070c800000, 0x000000070ca00000|  0%| F|  |TAMS 0x000000070c800000, 0x000000070c800000| Untracked 
|  83|0x000000070ca00000, 0x000000070ca00000, 0x000000070cc00000|  0%| F|  |TAMS 0x000000070ca00000, 0x000000070ca00000| Untracked 
|  84|0x000000070cc00000, 0x000000070cc00000, 0x000000070ce00000|  0%| F|  |TAMS 0x000000070cc00000, 0x000000070cc00000| Untracked 
|  85|0x000000070ce00000, 0x000000070ce00000, 0x000000070d000000|  0%| F|  |TAMS 0x000000070ce00000, 0x000000070ce00000| Untracked 
|  86|0x000000070d000000, 0x000000070d000000, 0x000000070d200000|  0%| F|  |TAMS 0x000000070d000000, 0x000000070d000000| Untracked 
|  87|0x000000070d200000, 0x000000070d200000, 0x000000070d400000|  0%| F|  |TAMS 0x000000070d200000, 0x000000070d200000| Untracked 
|  88|0x000000070d400000, 0x000000070d400000, 0x000000070d600000|  0%| F|  |TAMS 0x000000070d400000, 0x000000070d400000| Untracked 
|  89|0x000000070d600000, 0x000000070d600000, 0x000000070d800000|  0%| F|  |TAMS 0x000000070d600000, 0x000000070d600000| Untracked 
|  90|0x000000070d800000, 0x000000070d800000, 0x000000070da00000|  0%| F|  |TAMS 0x000000070d800000, 0x000000070d800000| Untracked 
|  91|0x000000070da00000, 0x000000070da00000, 0x000000070dc00000|  0%| F|  |TAMS 0x000000070da00000, 0x000000070da00000| Untracked 
|  92|0x000000070dc00000, 0x000000070dc00000, 0x000000070de00000|  0%| F|  |TAMS 0x000000070dc00000, 0x000000070dc00000| Untracked 
|  93|0x000000070de00000, 0x000000070de00000, 0x000000070e000000|  0%| F|  |TAMS 0x000000070de00000, 0x000000070de00000| Untracked 
|  94|0x000000070e000000, 0x000000070e000000, 0x000000070e200000|  0%| F|  |TAMS 0x000000070e000000, 0x000000070e000000| Untracked 
|  95|0x000000070e200000, 0x000000070e200000, 0x000000070e400000|  0%| F|  |TAMS 0x000000070e200000, 0x000000070e200000| Untracked 
|  96|0x000000070e400000, 0x000000070e400000, 0x000000070e600000|  0%| F|  |TAMS 0x000000070e400000, 0x000000070e400000| Untracked 
|  97|0x000000070e600000, 0x000000070e600000, 0x000000070e800000|  0%| F|  |TAMS 0x000000070e600000, 0x000000070e600000| Untracked 
|  98|0x000000070e800000, 0x000000070e800000, 0x000000070ea00000|  0%| F|  |TAMS 0x000000070e800000, 0x000000070e800000| Untracked 
|  99|0x000000070ea00000, 0x000000070ea00000, 0x000000070ec00000|  0%| F|  |TAMS 0x000000070ea00000, 0x000000070ea00000| Untracked 
| 100|0x000000070ec00000, 0x000000070ec00000, 0x000000070ee00000|  0%| F|  |TAMS 0x000000070ec00000, 0x000000070ec00000| Untracked 
| 101|0x000000070ee00000, 0x000000070ee00000, 0x000000070f000000|  0%| F|  |TAMS 0x000000070ee00000, 0x000000070ee00000| Untracked 
| 102|0x000000070f000000, 0x000000070f000000, 0x000000070f200000|  0%| F|  |TAMS 0x000000070f000000, 0x000000070f000000| Untracked 
| 103|0x000000070f200000, 0x000000070f200000, 0x000000070f400000|  0%| F|  |TAMS 0x000000070f200000, 0x000000070f200000| Untracked 
| 104|0x000000070f400000, 0x000000070f400000, 0x000000070f600000|  0%| F|  |TAMS 0x000000070f400000, 0x000000070f400000| Untracked 
| 105|0x000000070f600000, 0x000000070f600000, 0x000000070f800000|  0%| F|  |TAMS 0x000000070f600000, 0x000000070f600000| Untracked 
| 106|0x000000070f800000, 0x000000070f800000, 0x000000070fa00000|  0%| F|  |TAMS 0x000000070f800000, 0x000000070f800000| Untracked 
| 107|0x000000070fa00000, 0x000000070fa00000, 0x000000070fc00000|  0%| F|  |TAMS 0x000000070fa00000, 0x000000070fa00000| Untracked 
| 108|0x000000070fc00000, 0x000000070fc00000, 0x000000070fe00000|  0%| F|  |TAMS 0x000000070fc00000, 0x000000070fc00000| Untracked 
| 109|0x000000070fe00000, 0x000000070fe00000, 0x0000000710000000|  0%| F|  |TAMS 0x000000070fe00000, 0x000000070fe00000| Untracked 
| 110|0x0000000710000000, 0x0000000710000000, 0x0000000710200000|  0%| F|  |TAMS 0x0000000710000000, 0x0000000710000000| Untracked 
| 111|0x0000000710200000, 0x0000000710200000, 0x0000000710400000|  0%| F|  |TAMS 0x0000000710200000, 0x0000000710200000| Untracked 
| 112|0x0000000710400000, 0x0000000710400000, 0x0000000710600000|  0%| F|  |TAMS 0x0000000710400000, 0x0000000710400000| Untracked 
| 113|0x0000000710600000, 0x0000000710600000, 0x0000000710800000|  0%| F|  |TAMS 0x0000000710600000, 0x0000000710600000| Untracked 
| 114|0x0000000710800000, 0x0000000710800000, 0x0000000710a00000|  0%| F|  |TAMS 0x0000000710800000, 0x0000000710800000| Untracked 
| 115|0x0000000710a00000, 0x0000000710a00000, 0x0000000710c00000|  0%| F|  |TAMS 0x0000000710a00000, 0x0000000710a00000| Untracked 
| 116|0x0000000710c00000, 0x0000000710c00000, 0x0000000710e00000|  0%| F|  |TAMS 0x0000000710c00000, 0x0000000710c00000| Untracked 
| 117|0x0000000710e00000, 0x0000000710e71268, 0x0000000711000000| 22%| E|  |TAMS 0x0000000710e00000, 0x0000000710e00000| Complete 
| 118|0x0000000711000000, 0x0000000711200000, 0x0000000711200000|100%| E|CS|TAMS 0x0000000711000000, 0x0000000711000000| Complete 
| 119|0x0000000711200000, 0x0000000711400000, 0x0000000711400000|100%| E|CS|TAMS 0x0000000711200000, 0x0000000711200000| Complete 
| 120|0x0000000711400000, 0x0000000711600000, 0x0000000711600000|100%| E|CS|TAMS 0x0000000711400000, 0x0000000711400000| Complete 
| 121|0x0000000711600000, 0x0000000711800000, 0x0000000711800000|100%| E|CS|TAMS 0x0000000711600000, 0x0000000711600000| Complete 
| 122|0x0000000711800000, 0x0000000711a00000, 0x0000000711a00000|100%| E|CS|TAMS 0x0000000711800000, 0x0000000711800000| Complete 
| 123|0x0000000711a00000, 0x0000000711c00000, 0x0000000711c00000|100%| E|CS|TAMS 0x0000000711a00000, 0x0000000711a00000| Complete 
| 124|0x0000000711c00000, 0x0000000711e00000, 0x0000000711e00000|100%| E|CS|TAMS 0x0000000711c00000, 0x0000000711c00000| Complete 
| 125|0x0000000711e00000, 0x0000000712000000, 0x0000000712000000|100%| E|CS|TAMS 0x0000000711e00000, 0x0000000711e00000| Complete 
| 126|0x0000000712000000, 0x0000000712200000, 0x0000000712200000|100%| E|CS|TAMS 0x0000000712000000, 0x0000000712000000| Complete 

Card table byte_map: [0x000001f77d4d0000,0x000001f77dcc0000] _byte_map_base: 0x000001f779cbe000

Marking Bits (Prev, Next): (CMBitMap*) 0x000001f7655b4030, (CMBitMap*) 0x000001f7655b4070
 Prev Bits: [0x000001f700000000, 0x000001f703f70000)
 Next Bits: [0x000001f703f70000, 0x000001f707ee0000)

Polling page: 0x000001f7634e0000

Metaspace:

Usage:
  Non-class:     10.86 MB capacity,    10.73 MB ( 99%) used,   121.77 KB (  1%) free+waste,    16.25 KB ( <1%) overhead. 
      Class:      1.42 MB capacity,     1.38 MB ( 97%) used,    40.89 KB (  3%) free+waste,     6.56 KB ( <1%) overhead. 
       Both:     12.28 MB capacity,    12.10 MB ( 99%) used,   162.66 KB (  1%) free+waste,    22.81 KB ( <1%) overhead. 

Virtual space:
  Non-class space:       12.00 MB reserved,      11.00 MB ( 92%) committed 
      Class space:        1.00 GB reserved,       1.50 MB ( <1%) committed 
             Both:        1.01 GB reserved,      12.50 MB (  1%) committed 

Chunk freelists:
   Non-Class:  13.00 KB
       Class:  16.00 KB
        Both:  29.00 KB

MaxMetaspaceSize: 17179869184.00 GB
CompressedClassSpaceSize: 1.00 GB

CodeHeap 'non-profiled nmethods': size=120000Kb used=511Kb max_used=511Kb free=119488Kb
 bounds [0x000001f775260000, 0x000001f7754d0000, 0x000001f77c790000]
CodeHeap 'profiled nmethods': size=120000Kb used=2954Kb max_used=2954Kb free=117045Kb
 bounds [0x000001f76dd30000, 0x000001f76e020000, 0x000001f775260000]
CodeHeap 'non-nmethods': size=5760Kb used=1361Kb max_used=1398Kb free=4398Kb
 bounds [0x000001f76d790000, 0x000001f76da00000, 0x000001f76dd30000]
 total_blobs=2358 nmethods=1689 adapters=581
 compilation: enabled
              stopped_count=0, restarted_count=0
 full_count=0

Compilation events (20 events):
Event: 7.950 Thread 0x000001f77f99b320 1681       3       jdk.internal.loader.BuiltinClassLoader::loadClass (22 bytes)
Event: 7.950 Thread 0x000001f77f99b320 nmethod 1681 0x000001f76e00e010 code [0x000001f76e00e1c0, 0x000001f76e00e498]
Event: 7.950 Thread 0x000001f77f99b320 1682  s    3       javax.swing.RepaintManager::extendDirtyRegion (36 bytes)
Event: 7.950 Thread 0x000001f77f99b320 nmethod 1682 0x000001f76e00e590 code [0x000001f76e00e760, 0x000001f76e00ebb8]
Event: 7.950 Thread 0x000001f77f99b320 1683       3       javax.swing.AncestorNotifier::propertyChange (132 bytes)
Event: 7.951 Thread 0x000001f77f99b320 nmethod 1683 0x000001f76e00ed10 code [0x000001f76e00ef40, 0x000001f76e00f938]
Event: 7.951 Thread 0x000001f77f99b320 1684       3       java.awt.geom.Rectangle2D$Double::getBounds2D (24 bytes)
Event: 7.951 Thread 0x000001f77f99b320 nmethod 1684 0x000001f76e00fb90 code [0x000001f76e00fd40, 0x000001f76e00ff08]
Event: 7.951 Thread 0x000001f77f99b320 1685       3       java.util.Arrays$ArrayList::get (7 bytes)
Event: 7.951 Thread 0x000001f77f99b320 nmethod 1685 0x000001f76e010010 code [0x000001f76e0101a0, 0x000001f76e0102d8]
Event: 7.953 Thread 0x000001f77f99b320 1687       3       sun.font.CMap$CMapFormat4::getGlyph (203 bytes)
Event: 7.954 Thread 0x000001f77f99b320 nmethod 1687 0x000001f76e010390 code [0x000001f76e010580, 0x000001f76e010bb8]
Event: 7.954 Thread 0x000001f77f99b320 1686   !   3       sun.font.TrueTypeGlyphMapper::getGlyphFromCMAP (71 bytes)
Event: 7.954 Thread 0x000001f77f99b320 nmethod 1686 0x000001f76e010f10 code [0x000001f76e011140, 0x000001f76e011878]
Event: 7.954 Thread 0x000001f77f99b320 1688       3       sun.java2d.SunGraphics2D::getClipBounds (21 bytes)
Event: 7.954 Thread 0x000001f77f99b320 nmethod 1688 0x000001f76e011c10 code [0x000001f76e011dc0, 0x000001f76e011ff8]
Event: 7.954 Thread 0x000001f77f99b320 1690       3       java.awt.Rectangle::setBounds (10 bytes)
Event: 7.954 Thread 0x000001f77f99b320 nmethod 1690 0x000001f76e012110 code [0x000001f76e0122a0, 0x000001f76e012498]
Event: 7.954 Thread 0x000001f77f99b320 1689       3       java.awt.Component::hasFocus (16 bytes)
Event: 7.954 Thread 0x000001f77f99b320 nmethod 1689 0x000001f76e012590 code [0x000001f76e012760, 0x000001f76e012a28]

GC Heap History (0 events):
No events

Deoptimization events (20 events):
Event: 0.378 Thread 0x000001f709f76d50 Uncommon trap: trap_request=0xffffffde fr.pc=0x000001f775285340 relative=0x00000000000001a0
Event: 0.378 Thread 0x000001f709f76d50 Uncommon trap: reason=class_check action=maybe_recompile pc=0x000001f775285340 method=java.lang.String.equals(Ljava/lang/Object;)Z @ 8 c2
Event: 0.378 Thread 0x000001f709f76d50 DEOPT PACKING pc=0x000001f775285340 sp=0x000000f2e18fe3e0
Event: 0.378 Thread 0x000001f709f76d50 DEOPT UNPACKING pc=0x000001f76d7de42f sp=0x000000f2e18fe388 mode 2
Event: 0.378 Thread 0x000001f709f76d50 Uncommon trap: trap_request=0xffffffde fr.pc=0x000001f775285340 relative=0x00000000000001a0
Event: 0.378 Thread 0x000001f709f76d50 Uncommon trap: reason=class_check action=maybe_recompile pc=0x000001f775285340 method=java.lang.String.equals(Ljava/lang/Object;)Z @ 8 c2
Event: 0.378 Thread 0x000001f709f76d50 DEOPT PACKING pc=0x000001f775285340 sp=0x000000f2e18fe300
Event: 0.378 Thread 0x000001f709f76d50 DEOPT UNPACKING pc=0x000001f76d7de42f sp=0x000000f2e18fe2a8 mode 2
Event: 0.533 Thread 0x000001f709f76d50 Uncommon trap: trap_request=0xffffff45 fr.pc=0x000001f77529e8a8 relative=0x0000000000000388
Event: 0.533 Thread 0x000001f709f76d50 Uncommon trap: reason=unstable_if action=reinterpret pc=0x000001f77529e8a8 method=java.lang.StringLatin1.newString([BII)Ljava/lang/String; @ 1 c2
Event: 0.533 Thread 0x000001f709f76d50 DEOPT PACKING pc=0x000001f77529e8a8 sp=0x000000f2e18fd2f0
Event: 0.533 Thread 0x000001f709f76d50 DEOPT UNPACKING pc=0x000001f76d7de42f sp=0x000000f2e18fd2b8 mode 2
Event: 0.538 Thread 0x000001f709f76d50 Uncommon trap: trap_request=0xffffff45 fr.pc=0x000001f7752a598c relative=0x000000000000046c
Event: 0.538 Thread 0x000001f709f76d50 Uncommon trap: reason=unstable_if action=reinterpret pc=0x000001f7752a598c method=java.lang.StringLatin1.newString([BII)Ljava/lang/String; @ 1 c2
Event: 0.538 Thread 0x000001f709f76d50 DEOPT PACKING pc=0x000001f7752a598c sp=0x000000f2e18fba70
Event: 0.538 Thread 0x000001f709f76d50 DEOPT UNPACKING pc=0x000001f76d7de42f sp=0x000000f2e18fb9d0 mode 2
Event: 0.582 Thread 0x000001f709f76d50 DEOPT PACKING pc=0x000001f76ded93a4 sp=0x000000f2e18fce40
Event: 0.582 Thread 0x000001f709f76d50 DEOPT UNPACKING pc=0x000001f76d7de23f sp=0x000000f2e18fc660 mode 0
Event: 4.457 Thread 0x000001f709f76d50 DEOPT PACKING pc=0x000001f76df10f81 sp=0x000000f2e18fd110
Event: 4.457 Thread 0x000001f709f76d50 DEOPT UNPACKING pc=0x000001f76d7de23f sp=0x000000f2e18fc580 mode 0

Classes unloaded (0 events):
No events

Classes redefined (0 events):
No events

Internal exceptions (20 events):
Event: 0.467 Thread 0x000001f70a121a30 Exception <a 'java/io/FileNotFoundException'{0x0000000711407210}> (0x0000000711407210) 
thrown [./open/src/hotspot/share/prims/jni.cpp, line 578]
Event: 0.468 Thread 0x000001f70a121a30 Exception <a 'java/io/FileNotFoundException'{0x00000007114154d8}> (0x00000007114154d8) 
thrown [./open/src/hotspot/share/prims/jni.cpp, line 578]
Event: 0.474 Thread 0x000001f70a121a30 Exception <a 'java/io/FileNotFoundException'{0x0000000711426ba8}> (0x0000000711426ba8) 
thrown [./open/src/hotspot/share/prims/jni.cpp, line 578]
Event: 0.523 Thread 0x000001f709f76d50 Exception <a 'java/lang/NoSuchMethodError'{0x00000007114e7ca8}: 'double java.lang.invoke.DirectMethodHandle$Holder.invokeStatic(java.lang.Object, java.lang.Object)'> (0x00000007114e7ca8) 
thrown [./open/src/hotspot/share/interpreter/linkResolver.cpp, line 782]
Event: 0.536 Thread 0x000001f709f76d50 Exception <a 'java/lang/NoSuchMethodError'{0x0000000711589318}: 'java.lang.Object java.lang.invoke.DirectMethodHandle$Holder.invokeInterface(java.lang.Object, java.lang.Object, int)'> (0x0000000711589318) 
thrown [./open/src/hotspot/share/interpreter/linkResolver.cpp, line 782]
Event: 0.541 Thread 0x000001f709f76d50 Exception <a 'java/lang/NoSuchMethodError'{0x00000007115b1d50}: 'java.lang.Object java.lang.invoke.DirectMethodHandle$Holder.newInvokeSpecial(java.lang.Object, java.lang.Object, double, double)'> (0x00000007115b1d50) 
thrown [./open/src/hotspot/share/interpreter/linkResolver.cpp, line 782]
Event: 1.454 Thread 0x000001f70a121a30 Exception <a 'java/io/FileNotFoundException'{0x000000071143ae50}> (0x000000071143ae50) 
thrown [./open/src/hotspot/share/prims/jni.cpp, line 578]
Event: 1.459 Thread 0x000001f70a121a30 Exception <a 'java/io/FileNotFoundException'{0x000000071144c520}> (0x000000071144c520) 
thrown [./open/src/hotspot/share/prims/jni.cpp, line 578]
Event: 2.454 Thread 0x000001f70a121a30 Exception <a 'java/io/FileNotFoundException'{0x000000071145afe8}> (0x000000071145afe8) 
thrown [./open/src/hotspot/share/prims/jni.cpp, line 578]
Event: 2.460 Thread 0x000001f70a121a30 Exception <a 'java/io/FileNotFoundException'{0x000000071146c6b8}> (0x000000071146c6b8) 
thrown [./open/src/hotspot/share/prims/jni.cpp, line 578]
Event: 3.455 Thread 0x000001f70a121a30 Exception <a 'java/io/FileNotFoundException'{0x00000007112fe060}> (0x00000007112fe060) 
thrown [./open/src/hotspot/share/prims/jni.cpp, line 578]
Event: 3.461 Thread 0x000001f70a121a30 Exception <a 'java/io/FileNotFoundException'{0x000000071130f730}> (0x000000071130f730) 
thrown [./open/src/hotspot/share/prims/jni.cpp, line 578]
Event: 4.455 Thread 0x000001f70a121a30 Exception <a 'java/io/FileNotFoundException'{0x000000071131e148}> (0x000000071131e148) 
thrown [./open/src/hotspot/share/prims/jni.cpp, line 578]
Event: 4.461 Thread 0x000001f70a121a30 Exception <a 'java/io/FileNotFoundException'{0x000000071132f818}> (0x000000071132f818) 
thrown [./open/src/hotspot/share/prims/jni.cpp, line 578]
Event: 5.456 Thread 0x000001f70a121a30 Exception <a 'java/io/FileNotFoundException'{0x000000071133e180}> (0x000000071133e180) 
thrown [./open/src/hotspot/share/prims/jni.cpp, line 578]
Event: 5.462 Thread 0x000001f70a121a30 Exception <a 'java/io/FileNotFoundException'{0x000000071134f850}> (0x000000071134f850) 
thrown [./open/src/hotspot/share/prims/jni.cpp, line 578]
Event: 6.457 Thread 0x000001f70a121a30 Exception <a 'java/io/FileNotFoundException'{0x000000071135e1f0}> (0x000000071135e1f0) 
thrown [./open/src/hotspot/share/prims/jni.cpp, line 578]
Event: 6.462 Thread 0x000001f70a121a30 Exception <a 'java/io/FileNotFoundException'{0x00000007110ef4b0}> (0x00000007110ef4b0) 
thrown [./open/src/hotspot/share/prims/jni.cpp, line 578]
Event: 7.457 Thread 0x000001f70a121a30 Exception <a 'java/io/FileNotFoundException'{0x00000007110fde88}> (0x00000007110fde88) 
thrown [./open/src/hotspot/share/prims/jni.cpp, line 578]
Event: 7.462 Thread 0x000001f70a121a30 Exception <a 'java/io/FileNotFoundException'{0x000000071110f558}> (0x000000071110f558) 
thrown [./open/src/hotspot/share/prims/jni.cpp, line 578]

Events (20 events):
Event: 6.589 loading class javax/swing/text/GapContent$InsertUndo done
Event: 6.594 loading class javax/swing/event/DocumentEvent$ElementChange
Event: 6.594 loading class javax/swing/event/DocumentEvent$ElementChange done
Event: 6.594 loading class javax/swing/text/AbstractDocument$UndoRedoDocumentEvent
Event: 6.594 loading class javax/swing/text/AbstractDocument$UndoRedoDocumentEvent done
Event: 6.594 loading class javax/swing/text/DefaultCaret$1
Event: 6.594 loading class javax/swing/text/DefaultCaret$1 done
Event: 6.594 loading class javax/swing/event/UndoableEditListener
Event: 6.594 loading class javax/swing/event/UndoableEditListener done
Event: 6.997 Executing VM operation: HandshakeAllThreads
Event: 6.997 Executing VM operation: HandshakeAllThreads done
Event: 7.930 loading class java/util/TooManyListenersException
Event: 7.930 loading class java/util/TooManyListenersException done
Event: 7.931 loading class java/lang/IndexOutOfBoundsException
Event: 7.931 loading class java/lang/IndexOutOfBoundsException done
Event: 7.939 Thread 0x000001f70a20b9a0 Thread added: 0x000001f70a20b9a0
Event: 7.949 loading class java/io/BufferedReader
Event: 7.950 loading class java/io/BufferedReader done
Event: 7.950 loading class sun/nio/cs/StreamDecoder
Event: 7.950 loading class sun/nio/cs/StreamDecoder done


Dynamic libraries:
0x00007ff6afbd0000 - 0x00007ff6afbdf000 	C:\Program Files\Java\jdk-15.0.1\bin\javaw.exe
0x00007ffa51740000 - 0x00007ffa51930000 	C:\Windows\SYSTEM32\ntdll.dll
0x00007ffa50880000 - 0x00007ffa50932000 	C:\Windows\System32\KERNEL32.DLL
0x00007ffa4e6d0000 - 0x00007ffa4e975000 	C:\Windows\System32\KERNELBASE.dll
0x00007ffa4ef50000 - 0x00007ffa4f04a000 	C:\Windows\System32\ucrtbase.dll
0x00007ffa48160000 - 0x00007ffa48178000 	C:\Program Files\Java\jdk-15.0.1\bin\jli.dll
0x00007ffa43090000 - 0x00007ffa430a9000 	C:\Program Files\Java\jdk-15.0.1\bin\VCRUNTIME140.dll
0x00007ffa50950000 - 0x00007ffa509f3000 	C:\Windows\System32\ADVAPI32.dll
0x00007ffa4f860000 - 0x00007ffa4f8fe000 	C:\Windows\System32\msvcrt.dll
0x00007ffa4ff40000 - 0x00007ffa4ffd7000 	C:\Windows\System32\sechost.dll
0x00007ffa501a0000 - 0x00007ffa502c0000 	C:\Windows\System32\RPCRT4.dll
0x00007ffa50420000 - 0x00007ffa505b5000 	C:\Windows\System32\USER32.dll
0x00007ffa4ea30000 - 0x00007ffa4ea51000 	C:\Windows\System32\win32u.dll
0x00007ffa2f7e0000 - 0x00007ffa2fa64000 	C:\Windows\WinSxS\amd64_microsoft.windows.common-controls_6595b64144ccf1df_6.0.18362.1082_none_9e8193e1e45b25c1\COMCTL32.dll
0x00007ffa50ef0000 - 0x00007ffa50f16000 	C:\Windows\System32\GDI32.dll
0x00007ffa50bb0000 - 0x00007ffa50ee5000 	C:\Windows\System32\combase.dll
0x00007ffa4ebe0000 - 0x00007ffa4ed76000 	C:\Windows\System32\gdi32full.dll
0x00007ffa4ee30000 - 0x00007ffa4eece000 	C:\Windows\System32\msvcp_win.dll
0x00007ffa4eed0000 - 0x00007ffa4ef50000 	C:\Windows\System32\bcryptPrimitives.dll
0x00007ffa48070000 - 0x00007ffa4807a000 	C:\Windows\SYSTEM32\VERSION.dll
0x00007ffa50690000 - 0x00007ffa506be000 	C:\Windows\System32\IMM32.DLL
0x00007ffa4bf20000 - 0x00007ffa4bf2c000 	C:\Program Files\Java\jdk-15.0.1\bin\vcruntime140_1.dll
0x00007ffa10850000 - 0x00007ffa108e1000 	C:\Program Files\Java\jdk-15.0.1\bin\msvcp140.dll
0x00007ff9f9880000 - 0x00007ff9fa3de000 	C:\Program Files\Java\jdk-15.0.1\bin\server\jvm.dll
0x00007ffa4f7f0000 - 0x00007ffa4f7f8000 	C:\Windows\System32\PSAPI.DLL
0x00007ffa43470000 - 0x00007ffa43479000 	C:\Windows\SYSTEM32\WSOCK32.dll
0x00007ffa4be20000 - 0x00007ffa4be44000 	C:\Windows\SYSTEM32\WINMM.dll
0x00007ffa4fed0000 - 0x00007ffa4ff3f000 	C:\Windows\System32\WS2_32.dll
0x00007ffa4bcf0000 - 0x00007ffa4bd1d000 	C:\Windows\SYSTEM32\winmmbase.dll
0x00007ffa4ed80000 - 0x00007ffa4edca000 	C:\Windows\System32\cfgmgr32.dll
0x00007ffa4e630000 - 0x00007ffa4e641000 	C:\Windows\System32\kernel.appcore.dll
0x00007ffa430e0000 - 0x00007ffa430ea000 	C:\Program Files\Java\jdk-15.0.1\bin\jimage.dll
0x00007ffa4cf20000 - 0x00007ffa4d114000 	C:\Windows\SYSTEM32\DBGHELP.DLL
0x00007ffa2dc00000 - 0x00007ffa2dc2a000 	C:\Windows\SYSTEM32\dbgcore.DLL
0x00007ffa428d0000 - 0x00007ffa428f5000 	C:\Program Files\Java\jdk-15.0.1\bin\java.dll
0x00007ffa50fa0000 - 0x00007ffa51687000 	C:\Windows\System32\SHELL32.dll
0x00007ffa500f0000 - 0x00007ffa50199000 	C:\Windows\System32\shcore.dll
0x00007ffa4f070000 - 0x00007ffa4f7f0000 	C:\Windows\System32\windows.storage.dll
0x00007ffa4e6a0000 - 0x00007ffa4e6c3000 	C:\Windows\System32\profapi.dll
0x00007ffa4e650000 - 0x00007ffa4e69a000 	C:\Windows\System32\powrprof.dll
0x00007ffa4e600000 - 0x00007ffa4e610000 	C:\Windows\System32\UMPDC.dll
0x00007ffa4f800000 - 0x00007ffa4f852000 	C:\Windows\System32\shlwapi.dll
0x00007ffa4f050000 - 0x00007ffa4f067000 	C:\Windows\System32\cryptsp.dll
0x00007ffa42eb0000 - 0x00007ffa42ec9000 	C:\Program Files\Java\jdk-15.0.1\bin\net.dll
0x00007ffa47630000 - 0x00007ffa47720000 	C:\Windows\SYSTEM32\WINHTTP.dll
0x00007ffa4de50000 - 0x00007ffa4deb7000 	C:\Windows\system32\mswsock.dll
0x00007ffa41fd0000 - 0x00007ffa41fe2000 	C:\Program Files\Java\jdk-15.0.1\bin\nio.dll
0x00007ffa41fb0000 - 0x00007ffa41fc8000 	C:\Program Files\Java\jdk-15.0.1\bin\zip.dll
0x00007ff9f2480000 - 0x00007ff9f2600000 	C:\Program Files\Java\jdk-15.0.1\bin\awt.dll
0x00007ffa50ae0000 - 0x00007ffa50ba5000 	C:\Windows\System32\OLEAUT32.dll
0x00007ffa4bfc0000 - 0x00007ffa4c04f000 	C:\Windows\SYSTEM32\apphelp.dll
0x00007ffa4c530000 - 0x00007ffa4c5c9000 	C:\Windows\system32\uxtheme.dll
0x00007ffa4f920000 - 0x00007ffa4fa55000 	C:\Windows\System32\MSCTF.dll
0x00007ffa15bf0000 - 0x00007ffa15ceb000 	C:\ProgramData\A-Volute\A-Volute.SonicStudio3\Modules\ScheduledModules\x64\A-Volute.SonicStudio3DevProps2.dll
0x00007ffa502c0000 - 0x00007ffa50417000 	C:\Windows\System32\ole32.dll
0x00007ffa4cbc0000 - 0x00007ffa4cbed000 	C:\Windows\system32\DWMAPI.DLL
0x00007ffa1fd30000 - 0x00007ffa1fe86000 	C:\Windows\system32\opengl32.dll
0x00007ffa3db50000 - 0x00007ffa3db7c000 	C:\Windows\SYSTEM32\GLU32.dll
0x00007ffa4d2c0000 - 0x00007ffa4d2e0000 	C:\Windows\SYSTEM32\dxcore.dll
0x00007ffa02710000 - 0x00007ffa02795000 	C:\Program Files\Java\jdk-15.0.1\bin\freetype.dll
0x00007ff9ff320000 - 0x00007ff9ff3c9000 	C:\Program Files\Java\jdk-15.0.1\bin\fontmanager.dll
0x00007ffa456e0000 - 0x00007ffa4577e000 	C:\Windows\System32\TextInputFramework.dll
0x00007ffa483f0000 - 0x00007ffa4871a000 	C:\Windows\System32\CoreUIComponents.dll
0x00007ffa4bc10000 - 0x00007ffa4bce4000 	C:\Windows\System32\CoreMessaging.dll
0x00007ffa4d640000 - 0x00007ffa4d671000 	C:\Windows\SYSTEM32\ntmarta.dll
0x00007ffa498f0000 - 0x00007ffa49a43000 	C:\Windows\SYSTEM32\wintypes.dll
0x00007ffa4ffe0000 - 0x00007ffa50082000 	C:\Windows\System32\clbcatq.dll
0x00007ffa47b90000 - 0x00007ffa47d3f000 	C:\Windows\SYSTEM32\WindowsCodecs.dll
0x00007ffa3a8d0000 - 0x00007ffa3a90a000 	C:\Windows\system32\dataexchange.dll
0x00007ffa4afd0000 - 0x00007ffa4b22b000 	C:\Windows\system32\d3d11.dll
0x00007ffa4b6c0000 - 0x00007ffa4b89d000 	C:\Windows\system32\dcomp.dll
0x00007ffa4d2e0000 - 0x00007ffa4d3cb000 	C:\Windows\system32\dxgi.dll
0x00007ffa4c5d0000 - 0x00007ffa4c832000 	C:\Windows\system32\twinapi.appcore.dll
0x00007ffa4cad0000 - 0x00007ffa4caf9000 	C:\Windows\system32\RMCLIENT.dll
0x00007ffa42440000 - 0x00007ffa42450000 	C:\Program Files\Java\jdk-15.0.1\bin\verify.dll
0x0000000180000000 - 0x0000000180025000 	C:\Program Files\Java\jdk-15.0.1\bin\rxtxSerial.dll
0x00007ffa43700000 - 0x00007ffa439a6000 	C:\Windows\System32\iertutil.dll

dbghelp: loaded successfully - version: 4.0.5 - missing functions: none
symbol engine: initialized successfully - sym options: 0x614 - pdb path: .;C:\Program Files\Java\jdk-15.0.1\bin;C:\Windows\SYSTEM32;C:\Windows\WinSxS\amd64_microsoft.windows.common-controls_6595b64144ccf1df_6.0.18362.1082_none_9e8193e1e45b25c1;C:\Program Files\Java\jdk-15.0.1\bin\server;C:\ProgramData\A-Volute\A-Volute.SonicStudio3\Modules\ScheduledModules\x64

VM Arguments:
jvm_args: -Dfile.encoding=Cp1252 -XX:+ShowCodeDetailsInExceptionMessages 
java_command: gui.MainWindow
java_class_path (initial): D:\elastic_robot_arm\source\gui\bin;D:\NCKH\software\eclipse\eclipse-java\plugins\org.eclipse.osgi_3.16.0.v20200828-0759.jar;D:\NCKH\software\eclipse\eclipse-java\plugins\org.eclipse.core.commands_3.9.700.v20191217-1850.jar;D:\NCKH\software\eclipse\eclipse-java\plugins\org.eclipse.equinox.common_3.13.0.v20200828-1034.jar;D:\NCKH\software\eclipse\eclipse-java\plugins\org.eclipse.equinox.registry_3.9.0.v20200625-1425.jar;D:\NCKH\software\eclipse\eclipse-java\plugins\org.eclipse.core.runtime_3.19.0.v20200724-1004.jar;D:\NCKH\software\eclipse\eclipse-java\plugins\org.eclipse.text_3.10.300.v20200807-0831.jar;D:\NCKH\software\eclipse\eclipse-java\plugins\org.eclipse.swt.win32.win32.x86_64_3.115.0.v20200831-1002.jar;D:\NCKH\software\eclipse\eclipse-java\plugins\org.eclipse.jface_3.21.0.v20200821-1458.jar;D:\NCKH\software\eclipse\eclipse-java\plugins\org.eclipse.jface.text_3.16.400.v20200807-0831.jar;D:\NCKH\software\eclipse\eclipse-java\plugins\org.eclipse.ui.workbench_3.120.0.v20200829-1411.jar;D:\NCKH\software\eclipse\eclipse-java\plugins\com.ibm.icu_67.1.0.v20200706-1749.jar;D:\NCKH\software\eclipse\eclipse-java\plugins\org.eclipse.ui.forms_3.10.0.v20200727-0948.jar;D:\elastic_robot_arm\source\gui\src\rxtx-2.1-7-bins-r2\RXTXcomm.jar;D:\elastic_robot_arm\source\gui\src\xchart-3.6.6\xchart-3.6.6.jar;D:\elastic_robot_arm\source\gui\src\xchart-3.6.6\xchart-demo-3.6.6.jar;D:\elastic_robot_arm\source\gui\miglayout15-swing.jar
Launcher Type: SUN_STANDARD

[Global flags]
     intx CICompilerCount                          = 4                                         {product} {ergonomic}
     uint ConcGCThreads                            = 3                                         {product} {ergonomic}
     uint G1ConcRefinementThreads                  = 10                                        {product} {ergonomic}
   size_t G1HeapRegionSize                         = 2097152                                   {product} {ergonomic}
    uintx GCDrainStackTargetSize                   = 64                                        {product} {ergonomic}
   size_t InitialHeapSize                          = 266338304                                 {product} {ergonomic}
   size_t MarkStackSize                            = 4194304                                   {product} {ergonomic}
   size_t MaxHeapSize                              = 4257218560                                {product} {ergonomic}
   size_t MaxNewSize                               = 2554331136                                {product} {ergonomic}
   size_t MinHeapDeltaBytes                        = 2097152                                   {product} {ergonomic}
   size_t MinHeapSize                              = 8388608                                   {product} {ergonomic}
    uintx NonNMethodCodeHeapSize                   = 5839372                                {pd product} {ergonomic}
    uintx NonProfiledCodeHeapSize                  = 122909434                              {pd product} {ergonomic}
    uintx ProfiledCodeHeapSize                     = 122909434                              {pd product} {ergonomic}
    uintx ReservedCodeCacheSize                    = 251658240                              {pd product} {ergonomic}
     bool SegmentedCodeCache                       = true                                      {product} {ergonomic}
     bool ShowCodeDetailsInExceptionMessages       = true                                   {manageable} {command line}
   size_t SoftMaxHeapSize                          = 4257218560                             {manageable} {ergonomic}
     bool UseCompressedClassPointers               = true                                 {lp64_product} {ergonomic}
     bool UseCompressedOops                        = true                                 {lp64_product} {ergonomic}
     bool UseG1GC                                  = true                                      {product} {ergonomic}
     bool UseLargePagesIndividualAllocation        = false                                  {pd product} {ergonomic}

Logging:
Log output configuration:
 #0: stdout all=warning uptime,level,tags
 #1: stderr all=off uptime,level,tags

Environment Variables:
PATH=C:\Program Files\Common Files\Oracle\Java\javapath;C:\Windows\system32;C:\Windows;C:\Windows\System32\Wbem;C:\Windows\System32\WindowsPowerShell\v1.0\;C:\Windows\System32\OpenSSH\;C:\Program Files (x86)\NVIDIA Corporation\PhysX\Common;C:\Program Files\NVIDIA Corporation\NVIDIA NvDLISR;C:\Program Files\MATLAB\R2018b\runtime\win64;C:\Program Files\MATLAB\R2018b\bin;C:\Program Files\Microsoft SQL Server\Client SDK\ODBC\110\Tools\Binn\;C:\Program Files (x86)\Microsoft SQL Server\120\Tools\Binn\;C:\Program Files\Microsoft SQL Server\120\Tools\Binn\;C:\Program Files\Microsoft SQL Server\120\DTS\Binn\;C:\Program Files (x86)\Windows Kits\8.1\Windows Performance Toolkit\;C:\Program Files\Git\cmd;C:\Users\Admin\AppData\Local\Microsoft\WindowsApps;;C:\Program Files\JetBrains\CLion 2020.2.1\bin;
USERNAME=tuan
OS=Windows_NT
PROCESSOR_IDENTIFIER=Intel64 Family 6 Model 158 Stepping 10, GenuineIntel



---------------  S Y S T E M  ---------------

OS:
 Windows 10 , 64 bit Build 18362 (10.0.18362.1082)
OS uptime: 30 days 15:53 hours

CPU: total 12 (initial active 12) (6 cores per cpu, 2 threads per core) family 6 model 158 stepping 10 microcode 0xb4, cmov, cx8, fxsr, mmx, sse, sse2, sse3, ssse3, sse4.1, sse4.2, popcnt, vzeroupper, avx, avx2, aes, clmul, erms, 3dnowpref, lzcnt, ht, tsc, tscinvbit, bmi1, bmi2, adx, fma, clflush, clflushopt

Memory: 4k page, system-wide physical 16233M (8254M free)
TotalPageFile size 18665M (AvailPageFile size 6710M)
current process WorkingSet (physical memory assigned to process): 88M, peak: 92M
current process commit charge ("private bytes"): 373M, peak: 379M

vm_info: Java HotSpot(TM) 64-Bit Server VM (15.0.1+9-18) for windows-amd64 JRE (15.0.1+9-18), built on Sep 15 2020 14:43:54 by "mach5one" with unknown MS VC++:1925

END.
