Added Component: Designator=P1(HDR2X7)
Add component. Clean all parameters for all variants
Add component (AddParameter): Name = "LatestRevisionDate"; Value = "17-Jul-2002"; VariantName = "[No Variations]"
Add component (AddParameter): Name = "LatestRevisionNote"; Value = "Re-released for DXP Platform."; VariantName = "[No Variations]"
Add component (AddParameter): Name = "Publisher"; Value = "Altium Limited"; VariantName = "[No Variations]"
Added Component: Designator=P2(HDR1X4)
Add component. Clean all parameters for all variants
Add component (AddParameter): Name = "LatestRevisionDate"; Value = "17-Jul-2002"; VariantName = "[No Variations]"
Add component (AddParameter): Name = "LatestRevisionNote"; Value = "Re-released for DXP Platform."; VariantName = "[No Variations]"
Add component (AddParameter): Name = "Publisher"; Value = "Altium Limited"; VariantName = "[No Variations]"
Added Component: Designator=P3(HDR1X3)
Add component. Clean all parameters for all variants
Add component (AddParameter): Name = "LatestRevisionDate"; Value = "17-Jul-2002"; VariantName = "[No Variations]"
Add component (AddParameter): Name = "LatestRevisionNote"; Value = "Re-released for DXP Platform."; VariantName = "[No Variations]"
Add component (AddParameter): Name = "Publisher"; Value = "Altium Limited"; VariantName = "[No Variations]"
Added Component: Designator=P4(HDR1X2)
Add component. Clean all parameters for all variants
Add component (AddParameter): Name = "LatestRevisionDate"; Value = "17-Jul-2002"; VariantName = "[No Variations]"
Add component (AddParameter): Name = "LatestRevisionNote"; Value = "Re-released for DXP Platform."; VariantName = "[No Variations]"
Add component (AddParameter): Name = "Publisher"; Value = "Altium Limited"; VariantName = "[No Variations]"
Added Pin To Net: NetName=5V Pin=P1-6
Added Pin To Net: NetName=5V Pin=P4-2
Added Net: Name=5V
Added Pin To Net: NetName=A Pin=P1-10
Added Pin To Net: NetName=A Pin=P3-2
Added Net: Name=A
Added Pin To Net: NetName=B Pin=P1-8
Added Pin To Net: NetName=B Pin=P3-3
Added Net: Name=B
Added Pin To Net: NetName=CSB Pin=P1-2
Added Pin To Net: NetName=CSB Pin=P2-4
Added Net: Name=CSB
Added Pin To Net: NetName=GND Pin=P1-4
Added Pin To Net: NetName=GND Pin=P4-1
Added Net: Name=GND
Added Pin To Net: NetName=MISO Pin=P1-3
Added Pin To Net: NetName=MISO Pin=P2-3
Added Net: Name=MISO
Added Pin To Net: NetName=MOSI Pin=P1-7
Added Pin To Net: NetName=MOSI Pin=P2-1
Added Net: Name=MOSI
Added Pin To Net: NetName=SCK Pin=P1-5
Added Pin To Net: NetName=SCK Pin=P2-2
Added Net: Name=SCK
Added Pin To Net: NetName=Z Pin=P1-12
Added Pin To Net: NetName=Z Pin=P3-1
Added Net: Name=Z
Added Class: Name=amt203s_connector_AT long bus (13.3 x 4.2 inches)
Added Room: Name=amt203s_connector_AT long bus (13.3 x 4.2 inches)
